{"C:\\Users\\LENOVO USER\\Desktop\\milah\\Nova-Rewards\\novaRewards\\backend\\db\\adminRepository.js": {"path":"C:\\Users\\LENOVO USER\\Desktop\\milah\\Nova-Rewards\\novaRewards\\backend\\db\\adminRepository.js","statementMap":{"0":{"start":{"line":1,"column":18},"end":{"line":1,"column":36}},"1":{"start":{"line":8,"column":19},"end":{"line":14,"column":4}},"2":{"start":{"line":15,"column":2},"end":{"line":15,"column":17}},"3":{"start":{"line":23,"column":17},"end":{"line":23,"column":35}},"4":{"start":{"line":24,"column":17},"end":{"line":24,"column":53}},"5":{"start":{"line":26,"column":19},"end":{"line":38,"column":3}},"6":{"start":{"line":40,"column":30},"end":{"line":45,"column":3}},"7":{"start":{"line":47,"column":2},"end":{"line":47,"column":62}},"8":{"start":{"line":52,"column":19},"end":{"line":57,"column":3}},"9":{"start":{"line":58,"column":2},"end":{"line":58,"column":17}},"10":{"start":{"line":63,"column":17},"end":{"line":63,"column":19}},"11":{"start":{"line":64,"column":17},"end":{"line":64,"column":19}},"12":{"start":{"line":65,"column":10},"end":{"line":65,"column":11}},"13":{"start":{"line":67,"column":2},"end":{"line":67,"column":89}},"14":{"start":{"line":67,"column":33},"end":{"line":67,"column":63}},"15":{"start":{"line":67,"column":69},"end":{"line":67,"column":87}},"16":{"start":{"line":68,"column":2},"end":{"line":68,"column":89}},"17":{"start":{"line":68,"column":33},"end":{"line":68,"column":63}},"18":{"start":{"line":68,"column":69},"end":{"line":68,"column":87}},"19":{"start":{"line":69,"column":2},"end":{"line":69,"column":90}},"20":{"start":{"line":69,"column":33},"end":{"line":69,"column":64}},"21":{"start":{"line":69,"column":69},"end":{"line":69,"column":88}},"22":{"start":{"line":70,"column":2},"end":{"line":70,"column":93}},"23":{"start":{"line":70,"column":33},"end":{"line":70,"column":68}},"24":{"start":{"line":70,"column":69},"end":{"line":70,"column":91}},"25":{"start":{"line":72,"column":2},"end":{"line":72,"column":47}},"26":{"start":{"line":72,"column":22},"end":{"line":72,"column":47}},"27":{"start":{"line":74,"column":2},"end":{"line":74,"column":36}},"28":{"start":{"line":75,"column":2},"end":{"line":75,"column":18}},"29":{"start":{"line":77,"column":19},"end":{"line":82,"column":3}},"30":{"start":{"line":83,"column":2},"end":{"line":83,"column":25}},"31":{"start":{"line":88,"column":23},"end":{"line":92,"column":3}},"32":{"start":{"line":93,"column":2},"end":{"line":93,"column":22}},"33":{"start":{"line":97,"column":19},"end":{"line":100,"column":3}},"34":{"start":{"line":101,"column":2},"end":{"line":101,"column":25}},"35":{"start":{"line":104,"column":0},"end":{"line":104,"column":98}}},"fnMap":{"0":{"name":"getStats","decl":{"start":{"line":7,"column":15},"end":{"line":7,"column":23}},"loc":{"start":{"line":7,"column":26},"end":{"line":16,"column":1}},"line":7},"1":{"name":"listUsers","decl":{"start":{"line":22,"column":15},"end":{"line":22,"column":24}},"loc":{"start":{"line":22,"column":50},"end":{"line":48,"column":1}},"line":22},"2":{"name":"createReward","decl":{"start":{"line":51,"column":15},"end":{"line":51,"column":27}},"loc":{"start":{"line":51,"column":68},"end":{"line":59,"column":1}},"line":51},"3":{"name":"updateReward","decl":{"start":{"line":62,"column":15},"end":{"line":62,"column":27}},"loc":{"start":{"line":62,"column":65},"end":{"line":84,"column":1}},"line":62},"4":{"name":"deleteReward","decl":{"start":{"line":87,"column":15},"end":{"line":87,"column":27}},"loc":{"start":{"line":87,"column":32},"end":{"line":94,"column":1}},"line":87},"5":{"name":"getRewardById","decl":{"start":{"line":96,"column":15},"end":{"line":96,"column":28}},"loc":{"start":{"line":96,"column":33},"end":{"line":102,"column":1}},"line":96}},"branchMap":{"0":{"loc":{"start":{"line":24,"column":22},"end":{"line":24,"column":34}},"type":"binary-expr","locations":[{"start":{"line":24,"column":22},"end":{"line":24,"column":28}},{"start":{"line":24,"column":32},"end":{"line":24,"column":34}}],"line":24},"1":{"loc":{"start":{"line":44,"column":9},"end":{"line":44,"column":21}},"type":"binary-expr","locations":[{"start":{"line":44,"column":9},"end":{"line":44,"column":15}},{"start":{"line":44,"column":19},"end":{"line":44,"column":21}}],"line":44},"2":{"loc":{"start":{"line":51,"column":49},"end":{"line":51,"column":64}},"type":"default-arg","locations":[{"start":{"line":51,"column":60},"end":{"line":51,"column":64}}],"line":51},"3":{"loc":{"start":{"line":56,"column":17},"end":{"line":56,"column":27}},"type":"binary-expr","locations":[{"start":{"line":56,"column":17},"end":{"line":56,"column":22}},{"start":{"line":56,"column":26},"end":{"line":56,"column":27}}],"line":56},"4":{"loc":{"start":{"line":67,"column":2},"end":{"line":67,"column":89}},"type":"if","locations":[{"start":{"line":67,"column":2},"end":{"line":67,"column":89}},{"start":{},"end":{}}],"line":67},"5":{"loc":{"start":{"line":68,"column":2},"end":{"line":68,"column":89}},"type":"if","locations":[{"start":{"line":68,"column":2},"end":{"line":68,"column":89}},{"start":{},"end":{}}],"line":68},"6":{"loc":{"start":{"line":69,"column":2},"end":{"line":69,"column":90}},"type":"if","locations":[{"start":{"line":69,"column":2},"end":{"line":69,"column":90}},{"start":{},"end":{}}],"line":69},"7":{"loc":{"start":{"line":70,"column":2},"end":{"line":70,"column":93}},"type":"if","locations":[{"start":{"line":70,"column":2},"end":{"line":70,"column":93}},{"start":{},"end":{}}],"line":70},"8":{"loc":{"start":{"line":72,"column":2},"end":{"line":72,"column":47}},"type":"if","locations":[{"start":{"line":72,"column":2},"end":{"line":72,"column":47}},{"start":{},"end":{}}],"line":72},"9":{"loc":{"start":{"line":83,"column":9},"end":{"line":83,"column":24}},"type":"binary-expr","locations":[{"start":{"line":83,"column":9},"end":{"line":83,"column":16}},{"start":{"line":83,"column":20},"end":{"line":83,"column":24}}],"line":83},"10":{"loc":{"start":{"line":101,"column":9},"end":{"line":101,"column":24}},"type":"binary-expr","locations":[{"start":{"line":101,"column":9},"end":{"line":101,"column":16}},{"start":{"line":101,"column":20},"end":{"line":101,"column":24}}],"line":101}},"s":{"0":1,"1":0,"2":0,"3":0,"4":0,"5":0,"6":0,"7":0,"8":0,"9":0,"10":0,"11":0,"12":0,"13":0,"14":0,"15":0,"16":0,"17":0,"18":0,"19":0,"20":0,"21":0,"22":0,"23":0,"24":0,"25":0,"26":0,"27":0,"28":0,"29":0,"30":0,"31":0,"32":0,"33":0,"34":0,"35":1},"f":{"0":0,"1":0,"2":0,"3":0,"4":0,"5":0},"b":{"0":[0,0],"1":[0,0],"2":[0],"3":[0,0],"4":[0,0],"5":[0,0],"6":[0,0],"7":[0,0],"8":[0,0],"9":[0,0],"10":[0,0]},"_coverageSchema":"1a1c01bbd47fc00a2c39e90264f33305004495a9","hash":"b3ef59eaa74022f462bf3bfda76ec23a0db112b0"}
,"C:\\Users\\LENOVO USER\\Desktop\\milah\\Nova-Rewards\\novaRewards\\backend\\db\\campaignRepository.js": {"path":"C:\\Users\\LENOVO USER\\Desktop\\milah\\Nova-Rewards\\novaRewards\\backend\\db\\campaignRepository.js","statementMap":{"0":{"start":{"line":1,"column":18},"end":{"line":1,"column":36}},"1":{"start":{"line":14,"column":17},"end":{"line":14,"column":19}},"2":{"start":{"line":16,"column":2},"end":{"line":20,"column":3}},"3":{"start":{"line":17,"column":4},"end":{"line":17,"column":47}},"4":{"start":{"line":18,"column":9},"end":{"line":20,"column":3}},"5":{"start":{"line":19,"column":4},"end":{"line":19,"column":53}},"6":{"start":{"line":22,"column":2},"end":{"line":32,"column":3}},"7":{"start":{"line":23,"column":4},"end":{"line":23,"column":54}},"8":{"start":{"line":25,"column":18},"end":{"line":25,"column":37}},"9":{"start":{"line":26,"column":16},"end":{"line":26,"column":33}},"10":{"start":{"line":27,"column":4},"end":{"line":31,"column":5}},"11":{"start":{"line":28,"column":6},"end":{"line":28,"column":63}},"12":{"start":{"line":29,"column":11},"end":{"line":31,"column":5}},"13":{"start":{"line":30,"column":6},"end":{"line":30,"column":62}},"14":{"start":{"line":34,"column":2},"end":{"line":34,"column":48}},"15":{"start":{"line":50,"column":17},"end":{"line":55,"column":3}},"16":{"start":{"line":56,"column":2},"end":{"line":56,"column":24}},"17":{"start":{"line":67,"column":17},"end":{"line":70,"column":3}},"18":{"start":{"line":71,"column":2},"end":{"line":71,"column":21}},"19":{"start":{"line":81,"column":17},"end":{"line":84,"column":3}},"20":{"start":{"line":85,"column":2},"end":{"line":85,"column":32}},"21":{"start":{"line":96,"column":17},"end":{"line":102,"column":3}},"22":{"start":{"line":103,"column":2},"end":{"line":103,"column":32}},"23":{"start":{"line":106,"column":0},"end":{"line":112,"column":2}}},"fnMap":{"0":{"name":"validateCampaign","decl":{"start":{"line":13,"column":9},"end":{"line":13,"column":25}},"loc":{"start":{"line":13,"column":62},"end":{"line":35,"column":1}},"line":13},"1":{"name":"createCampaign","decl":{"start":{"line":49,"column":15},"end":{"line":49,"column":29}},"loc":{"start":{"line":49,"column":84},"end":{"line":57,"column":1}},"line":49},"2":{"name":"getCampaignsByMerchant","decl":{"start":{"line":66,"column":15},"end":{"line":66,"column":37}},"loc":{"start":{"line":66,"column":50},"end":{"line":72,"column":1}},"line":66},"3":{"name":"getCampaignById","decl":{"start":{"line":80,"column":15},"end":{"line":80,"column":30}},"loc":{"start":{"line":80,"column":43},"end":{"line":86,"column":1}},"line":80},"4":{"name":"getActiveCampaign","decl":{"start":{"line":95,"column":15},"end":{"line":95,"column":32}},"loc":{"start":{"line":95,"column":45},"end":{"line":104,"column":1}},"line":95}},"branchMap":{"0":{"loc":{"start":{"line":16,"column":2},"end":{"line":20,"column":3}},"type":"if","locations":[{"start":{"line":16,"column":2},"end":{"line":20,"column":3}},{"start":{"line":18,"column":9},"end":{"line":20,"column":3}}],"line":16},"1":{"loc":{"start":{"line":16,"column":6},"end":{"line":16,"column":82}},"type":"binary-expr","locations":[{"start":{"line":16,"column":6},"end":{"line":16,"column":30}},{"start":{"line":16,"column":34},"end":{"line":16,"column":53}},{"start":{"line":16,"column":57},"end":{"line":16,"column":82}}],"line":16},"2":{"loc":{"start":{"line":18,"column":9},"end":{"line":20,"column":3}},"type":"if","locations":[{"start":{"line":18,"column":9},"end":{"line":20,"column":3}},{"start":{},"end":{}}],"line":18},"3":{"loc":{"start":{"line":22,"column":2},"end":{"line":32,"column":3}},"type":"if","locations":[{"start":{"line":22,"column":2},"end":{"line":32,"column":3}},{"start":{"line":24,"column":9},"end":{"line":32,"column":3}}],"line":22},"4":{"loc":{"start":{"line":22,"column":6},"end":{"line":22,"column":28}},"type":"binary-expr","locations":[{"start":{"line":22,"column":6},"end":{"line":22,"column":16}},{"start":{"line":22,"column":20},"end":{"line":22,"column":28}}],"line":22},"5":{"loc":{"start":{"line":27,"column":4},"end":{"line":31,"column":5}},"type":"if","locations":[{"start":{"line":27,"column":4},"end":{"line":31,"column":5}},{"start":{"line":29,"column":11},"end":{"line":31,"column":5}}],"line":27},"6":{"loc":{"start":{"line":27,"column":8},"end":{"line":27,"column":54}},"type":"binary-expr","locations":[{"start":{"line":27,"column":8},"end":{"line":27,"column":30}},{"start":{"line":27,"column":34},"end":{"line":27,"column":54}}],"line":27},"7":{"loc":{"start":{"line":29,"column":11},"end":{"line":31,"column":5}},"type":"if","locations":[{"start":{"line":29,"column":11},"end":{"line":31,"column":5}},{"start":{},"end":{}}],"line":29},"8":{"loc":{"start":{"line":85,"column":9},"end":{"line":85,"column":31}},"type":"binary-expr","locations":[{"start":{"line":85,"column":9},"end":{"line":85,"column":23}},{"start":{"line":85,"column":27},"end":{"line":85,"column":31}}],"line":85},"9":{"loc":{"start":{"line":103,"column":9},"end":{"line":103,"column":31}},"type":"binary-expr","locations":[{"start":{"line":103,"column":9},"end":{"line":103,"column":23}},{"start":{"line":103,"column":27},"end":{"line":103,"column":31}}],"line":103}},"s":{"0":1,"1":0,"2":0,"3":0,"4":0,"5":0,"6":0,"7":0,"8":0,"9":0,"10":0,"11":0,"12":0,"13":0,"14":0,"15":0,"16":0,"17":0,"18":0,"19":0,"20":0,"21":0,"22":0,"23":1},"f":{"0":0,"1":0,"2":0,"3":0,"4":0},"b":{"0":[0,0],"1":[0,0,0],"2":[0,0],"3":[0,0],"4":[0,0],"5":[0,0],"6":[0,0],"7":[0,0],"8":[0,0],"9":[0,0]},"_coverageSchema":"1a1c01bbd47fc00a2c39e90264f33305004495a9","hash":"48ab94b14a73f04ff404cf4a380d44b29a170765"}
,"C:\\Users\\LENOVO USER\\Desktop\\milah\\Nova-Rewards\\novaRewards\\backend\\db\\contractEventRepository.js": {"path":"C:\\Users\\LENOVO USER\\Desktop\\milah\\Nova-Rewards\\novaRewards\\backend\\db\\contractEventRepository.js","statementMap":{"0":{"start":{"line":1,"column":18},"end":{"line":1,"column":36}},"1":{"start":{"line":22,"column":17},"end":{"line":28,"column":3}},"2":{"start":{"line":29,"column":2},"end":{"line":29,"column":24}},"3":{"start":{"line":40,"column":17},"end":{"line":46,"column":3}},"4":{"start":{"line":47,"column":2},"end":{"line":47,"column":24}},"5":{"start":{"line":59,"column":17},"end":{"line":67,"column":3}},"6":{"start":{"line":68,"column":2},"end":{"line":68,"column":24}},"7":{"start":{"line":79,"column":17},"end":{"line":85,"column":3}},"8":{"start":{"line":86,"column":2},"end":{"line":86,"column":21}},"9":{"start":{"line":101,"column":17},"end":{"line":101,"column":35}},"10":{"start":{"line":102,"column":21},"end":{"line":102,"column":23}},"11":{"start":{"line":103,"column":17},"end":{"line":103,"column":19}},"12":{"start":{"line":104,"column":19},"end":{"line":104,"column":20}},"13":{"start":{"line":106,"column":2},"end":{"line":109,"column":3}},"14":{"start":{"line":107,"column":4},"end":{"line":107,"column":54}},"15":{"start":{"line":108,"column":4},"end":{"line":108,"column":28}},"16":{"start":{"line":111,"column":2},"end":{"line":114,"column":3}},"17":{"start":{"line":112,"column":4},"end":{"line":112,"column":53}},"18":{"start":{"line":113,"column":4},"end":{"line":113,"column":27}},"19":{"start":{"line":116,"column":22},"end":{"line":116,"column":86}},"20":{"start":{"line":119,"column":22},"end":{"line":122,"column":3}},"21":{"start":{"line":123,"column":16},"end":{"line":123,"column":55}},"22":{"start":{"line":126,"column":21},"end":{"line":132,"column":3}},"23":{"start":{"line":134,"column":2},"end":{"line":139,"column":4}},"24":{"start":{"line":150,"column":17},"end":{"line":153,"column":3}},"25":{"start":{"line":154,"column":2},"end":{"line":154,"column":32}},"26":{"start":{"line":157,"column":0},"end":{"line":164,"column":2}}},"fnMap":{"0":{"name":"recordContractEvent","decl":{"start":{"line":15,"column":15},"end":{"line":15,"column":34}},"loc":{"start":{"line":21,"column":3},"end":{"line":30,"column":1}},"line":21},"1":{"name":"markEventProcessed","decl":{"start":{"line":39,"column":15},"end":{"line":39,"column":33}},"loc":{"start":{"line":39,"column":43},"end":{"line":48,"column":1}},"line":39},"2":{"name":"markEventFailed","decl":{"start":{"line":58,"column":15},"end":{"line":58,"column":30}},"loc":{"start":{"line":58,"column":54},"end":{"line":69,"column":1}},"line":58},"3":{"name":"getPendingEvents","decl":{"start":{"line":78,"column":15},"end":{"line":78,"column":31}},"loc":{"start":{"line":78,"column":48},"end":{"line":87,"column":1}},"line":78},"4":{"name":"getContractEvents","decl":{"start":{"line":100,"column":15},"end":{"line":100,"column":32}},"loc":{"start":{"line":100,"column":82},"end":{"line":140,"column":1}},"line":100},"5":{"name":"getContractEventById","decl":{"start":{"line":149,"column":15},"end":{"line":149,"column":35}},"loc":{"start":{"line":149,"column":45},"end":{"line":155,"column":1}},"line":149}},"branchMap":{"0":{"loc":{"start":{"line":78,"column":32},"end":{"line":78,"column":46}},"type":"default-arg","locations":[{"start":{"line":78,"column":45},"end":{"line":78,"column":46}}],"line":78},"1":{"loc":{"start":{"line":100,"column":58},"end":{"line":100,"column":66}},"type":"default-arg","locations":[{"start":{"line":100,"column":65},"end":{"line":100,"column":66}}],"line":100},"2":{"loc":{"start":{"line":100,"column":68},"end":{"line":100,"column":78}},"type":"default-arg","locations":[{"start":{"line":100,"column":76},"end":{"line":100,"column":78}}],"line":100},"3":{"loc":{"start":{"line":106,"column":2},"end":{"line":109,"column":3}},"type":"if","locations":[{"start":{"line":106,"column":2},"end":{"line":109,"column":3}},{"start":{},"end":{}}],"line":106},"4":{"loc":{"start":{"line":111,"column":2},"end":{"line":114,"column":3}},"type":"if","locations":[{"start":{"line":111,"column":2},"end":{"line":114,"column":3}},{"start":{},"end":{}}],"line":111},"5":{"loc":{"start":{"line":116,"column":22},"end":{"line":116,"column":86}},"type":"cond-expr","locations":[{"start":{"line":116,"column":46},"end":{"line":116,"column":81}},{"start":{"line":116,"column":84},"end":{"line":116,"column":86}}],"line":116},"6":{"loc":{"start":{"line":154,"column":9},"end":{"line":154,"column":31}},"type":"binary-expr","locations":[{"start":{"line":154,"column":9},"end":{"line":154,"column":23}},{"start":{"line":154,"column":27},"end":{"line":154,"column":31}}],"line":154}},"s":{"0":1,"1":0,"2":0,"3":0,"4":0,"5":0,"6":0,"7":0,"8":0,"9":0,"10":0,"11":0,"12":0,"13":0,"14":0,"15":0,"16":0,"17":0,"18":0,"19":0,"20":0,"21":0,"22":0,"23":0,"24":0,"25":0,"26":1},"f":{"0":0,"1":0,"2":0,"3":0,"4":0,"5":0},"b":{"0":[0],"1":[0],"2":[0],"3":[0,0],"4":[0,0],"5":[0,0],"6":[0,0]},"_coverageSchema":"1a1c01bbd47fc00a2c39e90264f33305004495a9","hash":"57402400cc90fe80d3c013cb9e289b10dc6174e4"}
,"C:\\Users\\LENOVO USER\\Desktop\\milah\\Nova-Rewards\\novaRewards\\backend\\db\\dropRepository.js": {"path":"C:\\Users\\LENOVO USER\\Desktop\\milah\\Nova-Rewards\\novaRewards\\backend\\db\\dropRepository.js","statementMap":{"0":{"start":{"line":1,"column":18},"end":{"line":1,"column":36}},"1":{"start":{"line":8,"column":17},"end":{"line":11,"column":3}},"2":{"start":{"line":12,"column":2},"end":{"line":12,"column":21}},"3":{"start":{"line":21,"column":17},"end":{"line":21,"column":75}},"4":{"start":{"line":22,"column":2},"end":{"line":22,"column":32}},"5":{"start":{"line":32,"column":17},"end":{"line":35,"column":3}},"6":{"start":{"line":36,"column":2},"end":{"line":36,"column":42}},"7":{"start":{"line":46,"column":17},"end":{"line":49,"column":3}},"8":{"start":{"line":50,"column":2},"end":{"line":50,"column":24}},"9":{"start":{"line":53,"column":0},"end":{"line":53,"column":77}}},"fnMap":{"0":{"name":"getActiveDrops","decl":{"start":{"line":7,"column":15},"end":{"line":7,"column":29}},"loc":{"start":{"line":7,"column":32},"end":{"line":13,"column":1}},"line":7},"1":{"name":"getDropById","decl":{"start":{"line":20,"column":15},"end":{"line":20,"column":26}},"loc":{"start":{"line":20,"column":35},"end":{"line":23,"column":1}},"line":20},"2":{"name":"getClaimCount","decl":{"start":{"line":31,"column":15},"end":{"line":31,"column":28}},"loc":{"start":{"line":31,"column":45},"end":{"line":37,"column":1}},"line":31},"3":{"name":"recordClaim","decl":{"start":{"line":45,"column":15},"end":{"line":45,"column":26}},"loc":{"start":{"line":45,"column":43},"end":{"line":51,"column":1}},"line":45}},"branchMap":{"0":{"loc":{"start":{"line":22,"column":9},"end":{"line":22,"column":31}},"type":"binary-expr","locations":[{"start":{"line":22,"column":9},"end":{"line":22,"column":23}},{"start":{"line":22,"column":27},"end":{"line":22,"column":31}}],"line":22}},"s":{"0":1,"1":0,"2":0,"3":0,"4":0,"5":0,"6":0,"7":0,"8":0,"9":1},"f":{"0":0,"1":0,"2":0,"3":0},"b":{"0":[0,0]},"_coverageSchema":"1a1c01bbd47fc00a2c39e90264f33305004495a9","hash":"e723fd89c4ddf6f1a14c387a5d3416f19f835608"}
,"C:\\Users\\LENOVO USER\\Desktop\\milah\\Nova-Rewards\\novaRewards\\backend\\db\\emailLogRepository.js": {"path":"C:\\Users\\LENOVO USER\\Desktop\\milah\\Nova-Rewards\\novaRewards\\backend\\db\\emailLogRepository.js","statementMap":{"0":{"start":{"line":1,"column":18},"end":{"line":1,"column":36}},"1":{"start":{"line":14,"column":17},"end":{"line":20,"column":3}},"2":{"start":{"line":21,"column":2},"end":{"line":21,"column":24}},"3":{"start":{"line":32,"column":17},"end":{"line":38,"column":3}},"4":{"start":{"line":39,"column":2},"end":{"line":39,"column":24}},"5":{"start":{"line":50,"column":17},"end":{"line":56,"column":3}},"6":{"start":{"line":57,"column":2},"end":{"line":57,"column":24}},"7":{"start":{"line":69,"column":17},"end":{"line":75,"column":3}},"8":{"start":{"line":76,"column":2},"end":{"line":76,"column":24}},"9":{"start":{"line":92,"column":17},"end":{"line":92,"column":35}},"10":{"start":{"line":93,"column":21},"end":{"line":93,"column":23}},"11":{"start":{"line":94,"column":17},"end":{"line":94,"column":19}},"12":{"start":{"line":95,"column":19},"end":{"line":95,"column":20}},"13":{"start":{"line":97,"column":2},"end":{"line":100,"column":3}},"14":{"start":{"line":98,"column":4},"end":{"line":98,"column":58}},"15":{"start":{"line":99,"column":4},"end":{"line":99,"column":32}},"16":{"start":{"line":102,"column":2},"end":{"line":105,"column":3}},"17":{"start":{"line":103,"column":4},"end":{"line":103,"column":53}},"18":{"start":{"line":104,"column":4},"end":{"line":104,"column":27}},"19":{"start":{"line":107,"column":2},"end":{"line":110,"column":3}},"20":{"start":{"line":108,"column":4},"end":{"line":108,"column":49}},"21":{"start":{"line":109,"column":4},"end":{"line":109,"column":24}},"22":{"start":{"line":112,"column":22},"end":{"line":112,"column":86}},"23":{"start":{"line":115,"column":22},"end":{"line":118,"column":3}},"24":{"start":{"line":119,"column":16},"end":{"line":119,"column":55}},"25":{"start":{"line":122,"column":21},"end":{"line":128,"column":3}},"26":{"start":{"line":130,"column":2},"end":{"line":135,"column":4}},"27":{"start":{"line":146,"column":17},"end":{"line":149,"column":3}},"28":{"start":{"line":150,"column":2},"end":{"line":150,"column":32}},"29":{"start":{"line":153,"column":0},"end":{"line":160,"column":2}}},"fnMap":{"0":{"name":"createEmailLog","decl":{"start":{"line":13,"column":15},"end":{"line":13,"column":29}},"loc":{"start":{"line":13,"column":70},"end":{"line":22,"column":1}},"line":13},"1":{"name":"markEmailSent","decl":{"start":{"line":31,"column":15},"end":{"line":31,"column":28}},"loc":{"start":{"line":31,"column":36},"end":{"line":40,"column":1}},"line":31},"2":{"name":"markEmailDelivered","decl":{"start":{"line":49,"column":15},"end":{"line":49,"column":33}},"loc":{"start":{"line":49,"column":41},"end":{"line":58,"column":1}},"line":49},"3":{"name":"markEmailFailed","decl":{"start":{"line":68,"column":15},"end":{"line":68,"column":30}},"loc":{"start":{"line":68,"column":52},"end":{"line":77,"column":1}},"line":68},"4":{"name":"getEmailLogs","decl":{"start":{"line":91,"column":15},"end":{"line":91,"column":27}},"loc":{"start":{"line":91,"column":89},"end":{"line":136,"column":1}},"line":91},"5":{"name":"getEmailLogById","decl":{"start":{"line":145,"column":15},"end":{"line":145,"column":30}},"loc":{"start":{"line":145,"column":38},"end":{"line":151,"column":1}},"line":145}},"branchMap":{"0":{"loc":{"start":{"line":91,"column":65},"end":{"line":91,"column":73}},"type":"default-arg","locations":[{"start":{"line":91,"column":72},"end":{"line":91,"column":73}}],"line":91},"1":{"loc":{"start":{"line":91,"column":75},"end":{"line":91,"column":85}},"type":"default-arg","locations":[{"start":{"line":91,"column":83},"end":{"line":91,"column":85}}],"line":91},"2":{"loc":{"start":{"line":97,"column":2},"end":{"line":100,"column":3}},"type":"if","locations":[{"start":{"line":97,"column":2},"end":{"line":100,"column":3}},{"start":{},"end":{}}],"line":97},"3":{"loc":{"start":{"line":102,"column":2},"end":{"line":105,"column":3}},"type":"if","locations":[{"start":{"line":102,"column":2},"end":{"line":105,"column":3}},{"start":{},"end":{}}],"line":102},"4":{"loc":{"start":{"line":107,"column":2},"end":{"line":110,"column":3}},"type":"if","locations":[{"start":{"line":107,"column":2},"end":{"line":110,"column":3}},{"start":{},"end":{}}],"line":107},"5":{"loc":{"start":{"line":112,"column":22},"end":{"line":112,"column":86}},"type":"cond-expr","locations":[{"start":{"line":112,"column":46},"end":{"line":112,"column":81}},{"start":{"line":112,"column":84},"end":{"line":112,"column":86}}],"line":112},"6":{"loc":{"start":{"line":150,"column":9},"end":{"line":150,"column":31}},"type":"binary-expr","locations":[{"start":{"line":150,"column":9},"end":{"line":150,"column":23}},{"start":{"line":150,"column":27},"end":{"line":150,"column":31}}],"line":150}},"s":{"0":1,"1":0,"2":0,"3":0,"4":0,"5":0,"6":0,"7":0,"8":0,"9":0,"10":0,"11":0,"12":0,"13":0,"14":0,"15":0,"16":0,"17":0,"18":0,"19":0,"20":0,"21":0,"22":0,"23":0,"24":0,"25":0,"26":0,"27":0,"28":0,"29":1},"f":{"0":0,"1":0,"2":0,"3":0,"4":0,"5":0},"b":{"0":[0],"1":[0],"2":[0,0],"3":[0,0],"4":[0,0],"5":[0,0],"6":[0,0]},"_coverageSchema":"1a1c01bbd47fc00a2c39e90264f33305004495a9","hash":"619aba7bdac4c63c44f95ebb996d4d36555d5fda"}
,"C:\\Users\\LENOVO USER\\Desktop\\milah\\Nova-Rewards\\novaRewards\\backend\\db\\index.js": {"path":"C:\\Users\\LENOVO USER\\Desktop\\milah\\Nova-Rewards\\novaRewards\\backend\\db\\index.js","statementMap":{"0":{"start":{"line":1,"column":17},"end":{"line":1,"column":30}},"1":{"start":{"line":4,"column":13},"end":{"line":6,"column":2}},"2":{"start":{"line":16,"column":2},"end":{"line":16,"column":34}},"3":{"start":{"line":19,"column":0},"end":{"line":19,"column":33}}},"fnMap":{"0":{"name":"query","decl":{"start":{"line":15,"column":15},"end":{"line":15,"column":20}},"loc":{"start":{"line":15,"column":35},"end":{"line":17,"column":1}},"line":15}},"branchMap":{},"s":{"0":0,"1":0,"2":0,"3":0},"f":{"0":0},"b":{}}
,"C:\\Users\\LENOVO USER\\Desktop\\milah\\Nova-Rewards\\novaRewards\\backend\\db\\leaderboardRepository.js": {"path":"C:\\Users\\LENOVO USER\\Desktop\\milah\\Nova-Rewards\\novaRewards\\backend\\db\\leaderboardRepository.js","statementMap":{"0":{"start":{"line":1,"column":18},"end":{"line":1,"column":36}},"1":{"start":{"line":3,"column":22},"end":{"line":3,"column":49}},"2":{"start":{"line":15,"column":21},"end":{"line":15,"column":84}},"3":{"start":{"line":17,"column":18},"end":{"line":25,"column":3}},"4":{"start":{"line":27,"column":29},"end":{"line":30,"column":3}},"5":{"start":{"line":32,"column":20},"end":{"line":32,"column":24}},"6":{"start":{"line":33,"column":2},"end":{"line":42,"column":3}},"7":{"start":{"line":34,"column":18},"end":{"line":34,"column":67}},"8":{"start":{"line":34,"column":39},"end":{"line":34,"column":66}},"9":{"start":{"line":35,"column":4},"end":{"line":41,"column":5}},"10":{"start":{"line":36,"column":23},"end":{"line":39,"column":7}},"11":{"start":{"line":40,"column":6},"end":{"line":40,"column":36}},"12":{"start":{"line":44,"column":2},"end":{"line":44,"column":35}},"13":{"start":{"line":47,"column":0},"end":{"line":47,"column":36}}},"fnMap":{"0":{"name":"getLeaderboard","decl":{"start":{"line":14,"column":15},"end":{"line":14,"column":29}},"loc":{"start":{"line":14,"column":60},"end":{"line":45,"column":1}},"line":14},"1":{"name":"(anonymous_1)","decl":{"start":{"line":34,"column":32},"end":{"line":34,"column":33}},"loc":{"start":{"line":34,"column":39},"end":{"line":34,"column":66}},"line":34}},"branchMap":{"0":{"loc":{"start":{"line":15,"column":21},"end":{"line":15,"column":84}},"type":"cond-expr","locations":[{"start":{"line":15,"column":43},"end":{"line":15,"column":79}},{"start":{"line":15,"column":82},"end":{"line":15,"column":84}}],"line":15},"1":{"loc":{"start":{"line":33,"column":2},"end":{"line":42,"column":3}},"type":"if","locations":[{"start":{"line":33,"column":2},"end":{"line":42,"column":3}},{"start":{},"end":{}}],"line":33},"2":{"loc":{"start":{"line":35,"column":4},"end":{"line":41,"column":5}},"type":"if","locations":[{"start":{"line":35,"column":4},"end":{"line":41,"column":5}},{"start":{},"end":{}}],"line":35},"3":{"loc":{"start":{"line":40,"column":20},"end":{"line":40,"column":35}},"type":"binary-expr","locations":[{"start":{"line":40,"column":20},"end":{"line":40,"column":27}},{"start":{"line":40,"column":31},"end":{"line":40,"column":35}}],"line":40}},"s":{"0":1,"1":1,"2":0,"3":0,"4":0,"5":0,"6":0,"7":0,"8":0,"9":0,"10":0,"11":0,"12":0,"13":1},"f":{"0":0,"1":0},"b":{"0":[0,0],"1":[0,0],"2":[0,0],"3":[0,0]},"_coverageSchema":"1a1c01bbd47fc00a2c39e90264f33305004495a9","hash":"32b7c63cc6722bc7d8bd9fb4380c41cd0b944491"}
,"C:\\Users\\LENOVO USER\\Desktop\\milah\\Nova-Rewards\\novaRewards\\backend\\db\\pointTransactionRepository.js": {"path":"C:\\Users\\LENOVO USER\\Desktop\\milah\\Nova-Rewards\\novaRewards\\backend\\db\\pointTransactionRepository.js","statementMap":{"0":{"start":{"line":1,"column":18},"end":{"line":1,"column":36}},"1":{"start":{"line":28,"column":22},"end":{"line":28,"column":54}},"2":{"start":{"line":29,"column":20},"end":{"line":29,"column":46}},"3":{"start":{"line":31,"column":2},"end":{"line":33,"column":3}},"4":{"start":{"line":32,"column":4},"end":{"line":32,"column":89}},"5":{"start":{"line":35,"column":17},"end":{"line":35,"column":56}},"6":{"start":{"line":36,"column":2},"end":{"line":77,"column":3}},"7":{"start":{"line":37,"column":4},"end":{"line":37,"column":32}},"8":{"start":{"line":40,"column":4},"end":{"line":44,"column":6}},"9":{"start":{"line":46,"column":30},"end":{"line":49,"column":5}},"10":{"start":{"line":51,"column":26},"end":{"line":51,"column":50}},"11":{"start":{"line":52,"column":18},"end":{"line":52,"column":64}},"12":{"start":{"line":53,"column":25},"end":{"line":53,"column":46}},"13":{"start":{"line":55,"column":4},"end":{"line":60,"column":5}},"14":{"start":{"line":56,"column":6},"end":{"line":59,"column":8}},"15":{"start":{"line":62,"column":21},"end":{"line":68,"column":5}},"16":{"start":{"line":70,"column":4},"end":{"line":70,"column":33}},"17":{"start":{"line":71,"column":4},"end":{"line":71,"column":19}},"18":{"start":{"line":73,"column":4},"end":{"line":73,"column":35}},"19":{"start":{"line":74,"column":4},"end":{"line":74,"column":14}},"20":{"start":{"line":76,"column":4},"end":{"line":76,"column":21}},"21":{"start":{"line":88,"column":17},"end":{"line":88,"column":35}},"22":{"start":{"line":90,"column":30},"end":{"line":93,"column":3}},"23":{"start":{"line":94,"column":16},"end":{"line":94,"column":48}},"24":{"start":{"line":96,"column":19},"end":{"line":104,"column":3}},"25":{"start":{"line":106,"column":2},"end":{"line":106,"column":44}},"26":{"start":{"line":116,"column":19},"end":{"line":119,"column":3}},"27":{"start":{"line":120,"column":2},"end":{"line":120,"column":31}},"28":{"start":{"line":130,"column":19},"end":{"line":135,"column":3}},"29":{"start":{"line":136,"column":2},"end":{"line":136,"column":31}},"30":{"start":{"line":146,"column":19},"end":{"line":151,"column":3}},"31":{"start":{"line":152,"column":2},"end":{"line":152,"column":31}},"32":{"start":{"line":155,"column":0},"end":{"line":161,"column":2}}},"fnMap":{"0":{"name":"recordPointTransaction","decl":{"start":{"line":20,"column":15},"end":{"line":20,"column":37}},"loc":{"start":{"line":27,"column":3},"end":{"line":78,"column":1}},"line":27},"1":{"name":"getUserPointTransactions","decl":{"start":{"line":87,"column":15},"end":{"line":87,"column":39}},"loc":{"start":{"line":87,"column":79},"end":{"line":107,"column":1}},"line":87},"2":{"name":"getUserBalance","decl":{"start":{"line":115,"column":15},"end":{"line":115,"column":29}},"loc":{"start":{"line":115,"column":38},"end":{"line":121,"column":1}},"line":115},"3":{"name":"getUserTotalPoints","decl":{"start":{"line":129,"column":15},"end":{"line":129,"column":33}},"loc":{"start":{"line":129,"column":42},"end":{"line":137,"column":1}},"line":129},"4":{"name":"getUserReferralPoints","decl":{"start":{"line":145,"column":15},"end":{"line":145,"column":36}},"loc":{"start":{"line":145,"column":45},"end":{"line":153,"column":1}},"line":145}},"branchMap":{"0":{"loc":{"start":{"line":31,"column":2},"end":{"line":33,"column":3}},"type":"if","locations":[{"start":{"line":31,"column":2},"end":{"line":33,"column":3}},{"start":{},"end":{}}],"line":31},"1":{"loc":{"start":{"line":31,"column":6},"end":{"line":31,"column":53}},"type":"binary-expr","locations":[{"start":{"line":31,"column":6},"end":{"line":31,"column":34}},{"start":{"line":31,"column":38},"end":{"line":31,"column":53}}],"line":31},"2":{"loc":{"start":{"line":51,"column":26},"end":{"line":51,"column":50}},"type":"binary-expr","locations":[{"start":{"line":51,"column":26},"end":{"line":51,"column":45}},{"start":{"line":51,"column":49},"end":{"line":51,"column":50}}],"line":51},"3":{"loc":{"start":{"line":52,"column":18},"end":{"line":52,"column":64}},"type":"cond-expr","locations":[{"start":{"line":52,"column":42},"end":{"line":52,"column":52}},{"start":{"line":52,"column":55},"end":{"line":52,"column":64}}],"line":52},"4":{"loc":{"start":{"line":55,"column":4},"end":{"line":60,"column":5}},"type":"if","locations":[{"start":{"line":55,"column":4},"end":{"line":60,"column":5}},{"start":{},"end":{}}],"line":55},"5":{"loc":{"start":{"line":67,"column":61},"end":{"line":67,"column":80}},"type":"binary-expr","locations":[{"start":{"line":67,"column":61},"end":{"line":67,"column":72}},{"start":{"line":67,"column":76},"end":{"line":67,"column":80}}],"line":67},"6":{"loc":{"start":{"line":67,"column":82},"end":{"line":67,"column":104}},"type":"binary-expr","locations":[{"start":{"line":67,"column":82},"end":{"line":67,"column":96}},{"start":{"line":67,"column":100},"end":{"line":67,"column":104}}],"line":67},"7":{"loc":{"start":{"line":67,"column":106},"end":{"line":67,"column":124}},"type":"binary-expr","locations":[{"start":{"line":67,"column":106},"end":{"line":67,"column":116}},{"start":{"line":67,"column":120},"end":{"line":67,"column":124}}],"line":67},"8":{"loc":{"start":{"line":87,"column":48},"end":{"line":87,"column":77}},"type":"default-arg","locations":[{"start":{"line":87,"column":75},"end":{"line":87,"column":77}}],"line":87},"9":{"loc":{"start":{"line":87,"column":50},"end":{"line":87,"column":58}},"type":"default-arg","locations":[{"start":{"line":87,"column":57},"end":{"line":87,"column":58}}],"line":87},"10":{"loc":{"start":{"line":87,"column":60},"end":{"line":87,"column":70}},"type":"default-arg","locations":[{"start":{"line":87,"column":68},"end":{"line":87,"column":70}}],"line":87},"11":{"loc":{"start":{"line":120,"column":9},"end":{"line":120,"column":30}},"type":"binary-expr","locations":[{"start":{"line":120,"column":9},"end":{"line":120,"column":25}},{"start":{"line":120,"column":29},"end":{"line":120,"column":30}}],"line":120}},"s":{"0":1,"1":0,"2":0,"3":0,"4":0,"5":0,"6":0,"7":0,"8":0,"9":0,"10":0,"11":0,"12":0,"13":0,"14":0,"15":0,"16":0,"17":0,"18":0,"19":0,"20":0,"21":0,"22":0,"23":0,"24":0,"25":0,"26":0,"27":0,"28":0,"29":0,"30":0,"31":0,"32":1},"f":{"0":0,"1":0,"2":0,"3":0,"4":0},"b":{"0":[0,0],"1":[0,0],"2":[0,0],"3":[0,0],"4":[0,0],"5":[0,0],"6":[0,0],"7":[0,0],"8":[0],"9":[0],"10":[0],"11":[0,0]},"_coverageSchema":"1a1c01bbd47fc00a2c39e90264f33305004495a9","hash":"07d0a635a966599399644bc7a2c7d8425b91c1a3"}
,"C:\\Users\\LENOVO USER\\Desktop\\milah\\Nova-Rewards\\novaRewards\\backend\\db\\redemptionRepository.js": {"path":"C:\\Users\\LENOVO USER\\Desktop\\milah\\Nova-Rewards\\novaRewards\\backend\\db\\redemptionRepository.js","statementMap":{"0":{"start":{"line":1,"column":17},"end":{"line":1,"column":35}},"1":{"start":{"line":21,"column":17},"end":{"line":21,"column":37}},"2":{"start":{"line":22,"column":2},"end":{"line":131,"column":3}},"3":{"start":{"line":23,"column":4},"end":{"line":23,"column":32}},"4":{"start":{"line":28,"column":31},"end":{"line":34,"column":5}},"5":{"start":{"line":35,"column":4},"end":{"line":38,"column":5}},"6":{"start":{"line":36,"column":6},"end":{"line":36,"column":35}},"7":{"start":{"line":37,"column":6},"end":{"line":37,"column":59}},"8":{"start":{"line":41,"column":33},"end":{"line":47,"column":5}},"9":{"start":{"line":49,"column":4},"end":{"line":51,"column":5}},"10":{"start":{"line":50,"column":6},"end":{"line":50,"column":93}},"11":{"start":{"line":53,"column":19},"end":{"line":53,"column":32}},"12":{"start":{"line":55,"column":4},"end":{"line":57,"column":5}},"13":{"start":{"line":56,"column":6},"end":{"line":56,"column":103}},"14":{"start":{"line":59,"column":4},"end":{"line":61,"column":5}},"15":{"start":{"line":60,"column":6},"end":{"line":60,"column":102}},"16":{"start":{"line":63,"column":22},"end":{"line":63,"column":53}},"17":{"start":{"line":67,"column":4},"end":{"line":71,"column":6}},"18":{"start":{"line":73,"column":30},"end":{"line":76,"column":5}},"19":{"start":{"line":78,"column":26},"end":{"line":78,"column":50}},"20":{"start":{"line":80,"column":4},"end":{"line":85,"column":5}},"21":{"start":{"line":81,"column":6},"end":{"line":84,"column":8}},"22":{"start":{"line":87,"column":25},"end":{"line":87,"column":50}},"23":{"start":{"line":90,"column":4},"end":{"line":93,"column":6}},"24":{"start":{"line":99,"column":29},"end":{"line":111,"column":5}},"25":{"start":{"line":112,"column":20},"end":{"line":112,"column":29}},"26":{"start":{"line":115,"column":37},"end":{"line":121,"column":5}},"27":{"start":{"line":123,"column":4},"end":{"line":123,"column":33}},"28":{"start":{"line":125,"column":4},"end":{"line":125,"column":73}},"29":{"start":{"line":127,"column":4},"end":{"line":127,"column":35}},"30":{"start":{"line":128,"column":4},"end":{"line":128,"column":14}},"31":{"start":{"line":130,"column":4},"end":{"line":130,"column":21}},"32":{"start":{"line":142,"column":19},"end":{"line":148,"column":3}},"33":{"start":{"line":149,"column":2},"end":{"line":149,"column":25}},"34":{"start":{"line":160,"column":17},"end":{"line":160,"column":35}},"35":{"start":{"line":162,"column":30},"end":{"line":165,"column":3}},"36":{"start":{"line":166,"column":16},"end":{"line":166,"column":48}},"37":{"start":{"line":168,"column":19},"end":{"line":176,"column":3}},"38":{"start":{"line":178,"column":2},"end":{"line":178,"column":44}},"39":{"start":{"line":181,"column":0},"end":{"line":181,"column":73}}},"fnMap":{"0":{"name":"redeemReward","decl":{"start":{"line":20,"column":15},"end":{"line":20,"column":27}},"loc":{"start":{"line":20,"column":66},"end":{"line":132,"column":1}},"line":20},"1":{"name":"getRedemptionById","decl":{"start":{"line":141,"column":15},"end":{"line":141,"column":32}},"loc":{"start":{"line":141,"column":55},"end":{"line":150,"column":1}},"line":141},"2":{"name":"getUserRedemptions","decl":{"start":{"line":159,"column":15},"end":{"line":159,"column":33}},"loc":{"start":{"line":159,"column":73},"end":{"line":179,"column":1}},"line":159}},"branchMap":{"0":{"loc":{"start":{"line":35,"column":4},"end":{"line":38,"column":5}},"type":"if","locations":[{"start":{"line":35,"column":4},"end":{"line":38,"column":5}},{"start":{},"end":{}}],"line":35},"1":{"loc":{"start":{"line":49,"column":4},"end":{"line":51,"column":5}},"type":"if","locations":[{"start":{"line":49,"column":4},"end":{"line":51,"column":5}},{"start":{},"end":{}}],"line":49},"2":{"loc":{"start":{"line":49,"column":8},"end":{"line":49,"column":59}},"type":"binary-expr","locations":[{"start":{"line":49,"column":8},"end":{"line":49,"column":31}},{"start":{"line":49,"column":35},"end":{"line":49,"column":59}}],"line":49},"3":{"loc":{"start":{"line":55,"column":4},"end":{"line":57,"column":5}},"type":"if","locations":[{"start":{"line":55,"column":4},"end":{"line":57,"column":5}},{"start":{},"end":{}}],"line":55},"4":{"loc":{"start":{"line":59,"column":4},"end":{"line":61,"column":5}},"type":"if","locations":[{"start":{"line":59,"column":4},"end":{"line":61,"column":5}},{"start":{},"end":{}}],"line":59},"5":{"loc":{"start":{"line":78,"column":26},"end":{"line":78,"column":50}},"type":"binary-expr","locations":[{"start":{"line":78,"column":26},"end":{"line":78,"column":45}},{"start":{"line":78,"column":49},"end":{"line":78,"column":50}}],"line":78},"6":{"loc":{"start":{"line":80,"column":4},"end":{"line":85,"column":5}},"type":"if","locations":[{"start":{"line":80,"column":4},"end":{"line":85,"column":5}},{"start":{},"end":{}}],"line":80},"7":{"loc":{"start":{"line":149,"column":9},"end":{"line":149,"column":24}},"type":"binary-expr","locations":[{"start":{"line":149,"column":9},"end":{"line":149,"column":16}},{"start":{"line":149,"column":20},"end":{"line":149,"column":24}}],"line":149},"8":{"loc":{"start":{"line":159,"column":42},"end":{"line":159,"column":71}},"type":"default-arg","locations":[{"start":{"line":159,"column":69},"end":{"line":159,"column":71}}],"line":159},"9":{"loc":{"start":{"line":159,"column":44},"end":{"line":159,"column":52}},"type":"default-arg","locations":[{"start":{"line":159,"column":51},"end":{"line":159,"column":52}}],"line":159},"10":{"loc":{"start":{"line":159,"column":54},"end":{"line":159,"column":64}},"type":"default-arg","locations":[{"start":{"line":159,"column":62},"end":{"line":159,"column":64}}],"line":159}},"s":{"0":1,"1":0,"2":0,"3":0,"4":0,"5":0,"6":0,"7":0,"8":0,"9":0,"10":0,"11":0,"12":0,"13":0,"14":0,"15":0,"16":0,"17":0,"18":0,"19":0,"20":0,"21":0,"22":0,"23":0,"24":0,"25":0,"26":0,"27":0,"28":0,"29":0,"30":0,"31":0,"32":0,"33":0,"34":0,"35":0,"36":0,"37":0,"38":0,"39":1},"f":{"0":0,"1":0,"2":0},"b":{"0":[0,0],"1":[0,0],"2":[0,0],"3":[0,0],"4":[0,0],"5":[0,0],"6":[0,0],"7":[0,0],"8":[0],"9":[0],"10":[0]},"_coverageSchema":"1a1c01bbd47fc00a2c39e90264f33305004495a9","hash":"91b8ea4b710b2945232ddd5e9dca8712c53f1d62"}
,"C:\\Users\\LENOVO USER\\Desktop\\milah\\Nova-Rewards\\novaRewards\\backend\\db\\transactionRepository.js": {"path":"C:\\Users\\LENOVO USER\\Desktop\\milah\\Nova-Rewards\\novaRewards\\backend\\db\\transactionRepository.js","statementMap":{"0":{"start":{"line":1,"column":18},"end":{"line":1,"column":36}},"1":{"start":{"line":2,"column":32},"end":{"line":2,"column":55}},"2":{"start":{"line":29,"column":29},"end":{"line":29,"column":47}},"3":{"start":{"line":31,"column":17},"end":{"line":37,"column":3}},"4":{"start":{"line":40,"column":2},"end":{"line":45,"column":3}},"5":{"start":{"line":41,"column":4},"end":{"line":44,"column":85}},"6":{"start":{"line":44,"column":22},"end":{"line":44,"column":83}},"7":{"start":{"line":47,"column":2},"end":{"line":47,"column":24}},"8":{"start":{"line":58,"column":17},"end":{"line":61,"column":3}},"9":{"start":{"line":62,"column":2},"end":{"line":62,"column":32}},"10":{"start":{"line":73,"column":17},"end":{"line":76,"column":3}},"11":{"start":{"line":77,"column":2},"end":{"line":77,"column":21}},"12":{"start":{"line":88,"column":17},"end":{"line":95,"column":3}},"13":{"start":{"line":97,"column":23},"end":{"line":100,"column":8}},"14":{"start":{"line":98,"column":4},"end":{"line":98,"column":41}},"15":{"start":{"line":99,"column":4},"end":{"line":99,"column":15}},"16":{"start":{"line":102,"column":2},"end":{"line":105,"column":4}},"17":{"start":{"line":122,"column":17},"end":{"line":122,"column":35}},"18":{"start":{"line":123,"column":21},"end":{"line":123,"column":39}},"19":{"start":{"line":124,"column":17},"end":{"line":124,"column":25}},"20":{"start":{"line":125,"column":19},"end":{"line":125,"column":20}},"21":{"start":{"line":127,"column":2},"end":{"line":130,"column":3}},"22":{"start":{"line":128,"column":4},"end":{"line":128,"column":52}},"23":{"start":{"line":129,"column":4},"end":{"line":129,"column":22}},"24":{"start":{"line":132,"column":2},"end":{"line":135,"column":3}},"25":{"start":{"line":133,"column":4},"end":{"line":133,"column":56}},"26":{"start":{"line":134,"column":4},"end":{"line":134,"column":37}},"27":{"start":{"line":137,"column":2},"end":{"line":140,"column":3}},"28":{"start":{"line":138,"column":4},"end":{"line":138,"column":56}},"29":{"start":{"line":139,"column":4},"end":{"line":139,"column":35}},"30":{"start":{"line":142,"column":22},"end":{"line":142,"column":57}},"31":{"start":{"line":145,"column":22},"end":{"line":148,"column":3}},"32":{"start":{"line":149,"column":16},"end":{"line":149,"column":55}},"33":{"start":{"line":152,"column":21},"end":{"line":160,"column":3}},"34":{"start":{"line":162,"column":2},"end":{"line":167,"column":4}},"35":{"start":{"line":170,"column":0},"end":{"line":176,"column":2}}},"fnMap":{"0":{"name":"recordTransaction","decl":{"start":{"line":19,"column":15},"end":{"line":19,"column":32}},"loc":{"start":{"line":28,"column":3},"end":{"line":48,"column":1}},"line":28},"1":{"name":"(anonymous_1)","decl":{"start":{"line":44,"column":13},"end":{"line":44,"column":14}},"loc":{"start":{"line":44,"column":22},"end":{"line":44,"column":83}},"line":44},"2":{"name":"getTransactionByHash","decl":{"start":{"line":57,"column":15},"end":{"line":57,"column":35}},"loc":{"start":{"line":57,"column":44},"end":{"line":63,"column":1}},"line":57},"3":{"name":"getTransactionsByMerchant","decl":{"start":{"line":72,"column":15},"end":{"line":72,"column":40}},"loc":{"start":{"line":72,"column":53},"end":{"line":78,"column":1}},"line":72},"4":{"name":"getMerchantTotals","decl":{"start":{"line":87,"column":15},"end":{"line":87,"column":32}},"loc":{"start":{"line":87,"column":45},"end":{"line":106,"column":1}},"line":87},"5":{"name":"(anonymous_5)","decl":{"start":{"line":97,"column":42},"end":{"line":97,"column":43}},"loc":{"start":{"line":97,"column":56},"end":{"line":100,"column":3}},"line":97},"6":{"name":"getTransactionsByUser","decl":{"start":{"line":121,"column":15},"end":{"line":121,"column":36}},"loc":{"start":{"line":121,"column":97},"end":{"line":168,"column":1}},"line":121}},"branchMap":{"0":{"loc":{"start":{"line":29,"column":29},"end":{"line":29,"column":47}},"type":"binary-expr","locations":[{"start":{"line":29,"column":29},"end":{"line":29,"column":39}},{"start":{"line":29,"column":43},"end":{"line":29,"column":47}}],"line":29},"1":{"loc":{"start":{"line":40,"column":2},"end":{"line":45,"column":3}},"type":"if","locations":[{"start":{"line":40,"column":2},"end":{"line":45,"column":3}},{"start":{},"end":{}}],"line":40},"2":{"loc":{"start":{"line":62,"column":9},"end":{"line":62,"column":31}},"type":"binary-expr","locations":[{"start":{"line":62,"column":9},"end":{"line":62,"column":23}},{"start":{"line":62,"column":27},"end":{"line":62,"column":31}}],"line":62},"3":{"loc":{"start":{"line":103,"column":22},"end":{"line":103,"column":54}},"type":"binary-expr","locations":[{"start":{"line":103,"column":22},"end":{"line":103,"column":47}},{"start":{"line":103,"column":51},"end":{"line":103,"column":54}}],"line":103},"4":{"loc":{"start":{"line":104,"column":19},"end":{"line":104,"column":49}},"type":"binary-expr","locations":[{"start":{"line":104,"column":19},"end":{"line":104,"column":42}},{"start":{"line":104,"column":46},"end":{"line":104,"column":49}}],"line":104},"5":{"loc":{"start":{"line":121,"column":73},"end":{"line":121,"column":81}},"type":"default-arg","locations":[{"start":{"line":121,"column":80},"end":{"line":121,"column":81}}],"line":121},"6":{"loc":{"start":{"line":121,"column":83},"end":{"line":121,"column":93}},"type":"default-arg","locations":[{"start":{"line":121,"column":91},"end":{"line":121,"column":93}}],"line":121},"7":{"loc":{"start":{"line":127,"column":2},"end":{"line":130,"column":3}},"type":"if","locations":[{"start":{"line":127,"column":2},"end":{"line":130,"column":3}},{"start":{},"end":{}}],"line":127},"8":{"loc":{"start":{"line":132,"column":2},"end":{"line":135,"column":3}},"type":"if","locations":[{"start":{"line":132,"column":2},"end":{"line":135,"column":3}},{"start":{},"end":{}}],"line":132},"9":{"loc":{"start":{"line":137,"column":2},"end":{"line":140,"column":3}},"type":"if","locations":[{"start":{"line":137,"column":2},"end":{"line":140,"column":3}},{"start":{},"end":{}}],"line":137}},"s":{"0":1,"1":1,"2":0,"3":0,"4":0,"5":0,"6":0,"7":0,"8":0,"9":0,"10":0,"11":0,"12":0,"13":0,"14":0,"15":0,"16":0,"17":0,"18":0,"19":0,"20":0,"21":0,"22":0,"23":0,"24":0,"25":0,"26":0,"27":0,"28":0,"29":0,"30":0,"31":0,"32":0,"33":0,"34":0,"35":1},"f":{"0":0,"1":0,"2":0,"3":0,"4":0,"5":0,"6":0},"b":{"0":[0,0],"1":[0,0],"2":[0,0],"3":[0,0],"4":[0,0],"5":[0],"6":[0],"7":[0,0],"8":[0,0],"9":[0,0]},"_coverageSchema":"1a1c01bbd47fc00a2c39e90264f33305004495a9","hash":"ca6ba85347e4a9a48876ea936aaa5804491cf873"}
,"C:\\Users\\LENOVO USER\\Desktop\\milah\\Nova-Rewards\\novaRewards\\backend\\db\\userRepository.js": {"path":"C:\\Users\\LENOVO USER\\Desktop\\milah\\Nova-Rewards\\novaRewards\\backend\\db\\userRepository.js","statementMap":{"0":{"start":{"line":1,"column":18},"end":{"line":1,"column":36}},"1":{"start":{"line":8,"column":17},"end":{"line":11,"column":3}},"2":{"start":{"line":12,"column":2},"end":{"line":12,"column":32}},"3":{"start":{"line":16,"column":17},"end":{"line":19,"column":3}},"4":{"start":{"line":20,"column":2},"end":{"line":20,"column":32}},"5":{"start":{"line":24,"column":17},"end":{"line":29,"column":3}},"6":{"start":{"line":30,"column":2},"end":{"line":30,"column":24}},"7":{"start":{"line":34,"column":17},"end":{"line":37,"column":3}},"8":{"start":{"line":38,"column":2},"end":{"line":38,"column":24}},"9":{"start":{"line":42,"column":17},"end":{"line":46,"column":3}},"10":{"start":{"line":47,"column":2},"end":{"line":47,"column":21}},"11":{"start":{"line":51,"column":17},"end":{"line":55,"column":3}},"12":{"start":{"line":56,"column":2},"end":{"line":56,"column":38}},"13":{"start":{"line":60,"column":17},"end":{"line":64,"column":3}},"14":{"start":{"line":65,"column":2},"end":{"line":65,"column":32}},"15":{"start":{"line":69,"column":17},"end":{"line":83,"column":3}},"16":{"start":{"line":84,"column":2},"end":{"line":84,"column":21}},"17":{"start":{"line":92,"column":17},"end":{"line":97,"column":3}},"18":{"start":{"line":98,"column":2},"end":{"line":98,"column":32}},"19":{"start":{"line":102,"column":17},"end":{"line":107,"column":3}},"20":{"start":{"line":108,"column":2},"end":{"line":108,"column":32}},"21":{"start":{"line":112,"column":17},"end":{"line":116,"column":3}},"22":{"start":{"line":117,"column":2},"end":{"line":117,"column":32}},"23":{"start":{"line":121,"column":17},"end":{"line":126,"column":3}},"24":{"start":{"line":127,"column":2},"end":{"line":127,"column":32}},"25":{"start":{"line":131,"column":24},"end":{"line":131,"column":80}},"26":{"start":{"line":132,"column":17},"end":{"line":132,"column":19}},"27":{"start":{"line":133,"column":17},"end":{"line":133,"column":19}},"28":{"start":{"line":134,"column":19},"end":{"line":134,"column":20}},"29":{"start":{"line":136,"column":2},"end":{"line":142,"column":3}},"30":{"start":{"line":137,"column":4},"end":{"line":141,"column":5}},"31":{"start":{"line":138,"column":6},"end":{"line":138,"column":45}},"32":{"start":{"line":139,"column":6},"end":{"line":139,"column":25}},"33":{"start":{"line":140,"column":6},"end":{"line":140,"column":19}},"34":{"start":{"line":144,"column":2},"end":{"line":144,"column":47}},"35":{"start":{"line":144,"column":27},"end":{"line":144,"column":47}},"36":{"start":{"line":146,"column":2},"end":{"line":146,"column":36}},"37":{"start":{"line":148,"column":17},"end":{"line":154,"column":3}},"38":{"start":{"line":155,"column":2},"end":{"line":155,"column":32}},"39":{"start":{"line":159,"column":17},"end":{"line":166,"column":3}},"40":{"start":{"line":167,"column":2},"end":{"line":167,"column":29}},"41":{"start":{"line":171,"column":17},"end":{"line":174,"column":3}},"42":{"start":{"line":175,"column":2},"end":{"line":175,"column":32}},"43":{"start":{"line":179,"column":17},"end":{"line":182,"column":3}},"44":{"start":{"line":183,"column":2},"end":{"line":183,"column":42}},"45":{"start":{"line":186,"column":0},"end":{"line":205,"column":2}}},"fnMap":{"0":{"name":"getUserByWallet","decl":{"start":{"line":7,"column":15},"end":{"line":7,"column":30}},"loc":{"start":{"line":7,"column":46},"end":{"line":13,"column":1}},"line":7},"1":{"name":"getUserById","decl":{"start":{"line":15,"column":15},"end":{"line":15,"column":26}},"loc":{"start":{"line":15,"column":35},"end":{"line":21,"column":1}},"line":15},"2":{"name":"createUser","decl":{"start":{"line":23,"column":15},"end":{"line":23,"column":25}},"loc":{"start":{"line":23,"column":64},"end":{"line":31,"column":1}},"line":23},"3":{"name":"markReferralBonusClaimed","decl":{"start":{"line":33,"column":15},"end":{"line":33,"column":39}},"loc":{"start":{"line":33,"column":48},"end":{"line":39,"column":1}},"line":33},"4":{"name":"getReferredUsers","decl":{"start":{"line":41,"column":15},"end":{"line":41,"column":31}},"loc":{"start":{"line":41,"column":44},"end":{"line":48,"column":1}},"line":41},"5":{"name":"getReferralPointsEarned","decl":{"start":{"line":50,"column":15},"end":{"line":50,"column":38}},"loc":{"start":{"line":50,"column":51},"end":{"line":57,"column":1}},"line":50},"6":{"name":"hasReferralBonusBeenClaimed","decl":{"start":{"line":59,"column":15},"end":{"line":59,"column":42}},"loc":{"start":{"line":59,"column":71},"end":{"line":66,"column":1}},"line":59},"7":{"name":"getUnprocessedReferrals","decl":{"start":{"line":68,"column":15},"end":{"line":68,"column":38}},"loc":{"start":{"line":68,"column":54},"end":{"line":85,"column":1}},"line":68},"8":{"name":"findById","decl":{"start":{"line":91,"column":15},"end":{"line":91,"column":23}},"loc":{"start":{"line":91,"column":28},"end":{"line":99,"column":1}},"line":91},"9":{"name":"findByWalletAddress","decl":{"start":{"line":101,"column":15},"end":{"line":101,"column":34}},"loc":{"start":{"line":101,"column":50},"end":{"line":109,"column":1}},"line":101},"10":{"name":"getPublicProfile","decl":{"start":{"line":111,"column":15},"end":{"line":111,"column":31}},"loc":{"start":{"line":111,"column":36},"end":{"line":118,"column":1}},"line":111},"11":{"name":"getPrivateProfile","decl":{"start":{"line":120,"column":15},"end":{"line":120,"column":32}},"loc":{"start":{"line":120,"column":37},"end":{"line":128,"column":1}},"line":120},"12":{"name":"updateUser","decl":{"start":{"line":130,"column":15},"end":{"line":130,"column":25}},"loc":{"start":{"line":130,"column":39},"end":{"line":156,"column":1}},"line":130},"13":{"name":"softDelete","decl":{"start":{"line":158,"column":15},"end":{"line":158,"column":25}},"loc":{"start":{"line":158,"column":30},"end":{"line":168,"column":1}},"line":158},"14":{"name":"exists","decl":{"start":{"line":170,"column":15},"end":{"line":170,"column":21}},"loc":{"start":{"line":170,"column":26},"end":{"line":176,"column":1}},"line":170},"15":{"name":"isAdmin","decl":{"start":{"line":178,"column":15},"end":{"line":178,"column":22}},"loc":{"start":{"line":178,"column":27},"end":{"line":184,"column":1}},"line":178}},"branchMap":{"0":{"loc":{"start":{"line":12,"column":9},"end":{"line":12,"column":31}},"type":"binary-expr","locations":[{"start":{"line":12,"column":9},"end":{"line":12,"column":23}},{"start":{"line":12,"column":27},"end":{"line":12,"column":31}}],"line":12},"1":{"loc":{"start":{"line":20,"column":9},"end":{"line":20,"column":31}},"type":"binary-expr","locations":[{"start":{"line":20,"column":9},"end":{"line":20,"column":23}},{"start":{"line":20,"column":27},"end":{"line":20,"column":31}}],"line":20},"2":{"loc":{"start":{"line":23,"column":43},"end":{"line":23,"column":60}},"type":"default-arg","locations":[{"start":{"line":23,"column":56},"end":{"line":23,"column":60}}],"line":23},"3":{"loc":{"start":{"line":28,"column":32},"end":{"line":28,"column":62}},"type":"cond-expr","locations":[{"start":{"line":28,"column":45},"end":{"line":28,"column":55}},{"start":{"line":28,"column":58},"end":{"line":28,"column":62}}],"line":28},"4":{"loc":{"start":{"line":68,"column":39},"end":{"line":68,"column":52}},"type":"default-arg","locations":[{"start":{"line":68,"column":50},"end":{"line":68,"column":52}}],"line":68},"5":{"loc":{"start":{"line":98,"column":9},"end":{"line":98,"column":31}},"type":"binary-expr","locations":[{"start":{"line":98,"column":9},"end":{"line":98,"column":23}},{"start":{"line":98,"column":27},"end":{"line":98,"column":31}}],"line":98},"6":{"loc":{"start":{"line":108,"column":9},"end":{"line":108,"column":31}},"type":"binary-expr","locations":[{"start":{"line":108,"column":9},"end":{"line":108,"column":23}},{"start":{"line":108,"column":27},"end":{"line":108,"column":31}}],"line":108},"7":{"loc":{"start":{"line":117,"column":9},"end":{"line":117,"column":31}},"type":"binary-expr","locations":[{"start":{"line":117,"column":9},"end":{"line":117,"column":23}},{"start":{"line":117,"column":27},"end":{"line":117,"column":31}}],"line":117},"8":{"loc":{"start":{"line":127,"column":9},"end":{"line":127,"column":31}},"type":"binary-expr","locations":[{"start":{"line":127,"column":9},"end":{"line":127,"column":23}},{"start":{"line":127,"column":27},"end":{"line":127,"column":31}}],"line":127},"9":{"loc":{"start":{"line":137,"column":4},"end":{"line":141,"column":5}},"type":"if","locations":[{"start":{"line":137,"column":4},"end":{"line":141,"column":5}},{"start":{},"end":{}}],"line":137},"10":{"loc":{"start":{"line":144,"column":2},"end":{"line":144,"column":47}},"type":"if","locations":[{"start":{"line":144,"column":2},"end":{"line":144,"column":47}},{"start":{},"end":{}}],"line":144},"11":{"loc":{"start":{"line":155,"column":9},"end":{"line":155,"column":31}},"type":"binary-expr","locations":[{"start":{"line":155,"column":9},"end":{"line":155,"column":23}},{"start":{"line":155,"column":27},"end":{"line":155,"column":31}}],"line":155}},"s":{"0":1,"1":0,"2":0,"3":0,"4":0,"5":0,"6":0,"7":0,"8":0,"9":0,"10":0,"11":0,"12":0,"13":0,"14":0,"15":0,"16":0,"17":0,"18":0,"19":0,"20":0,"21":0,"22":0,"23":0,"24":0,"25":0,"26":0,"27":0,"28":0,"29":0,"30":0,"31":0,"32":0,"33":0,"34":0,"35":0,"36":0,"37":0,"38":0,"39":0,"40":0,"41":0,"42":0,"43":0,"44":0,"45":1},"f":{"0":0,"1":0,"2":0,"3":0,"4":0,"5":0,"6":0,"7":0,"8":0,"9":0,"10":0,"11":0,"12":0,"13":0,"14":0,"15":0},"b":{"0":[0,0],"1":[0,0],"2":[0],"3":[0,0],"4":[0],"5":[0,0],"6":[0,0],"7":[0,0],"8":[0,0],"9":[0,0],"10":[0,0],"11":[0,0]},"_coverageSchema":"1a1c01bbd47fc00a2c39e90264f33305004495a9","hash":"227108eb19c3c828f48afb64110ade21504203ce"}
,"C:\\Users\\LENOVO USER\\Desktop\\milah\\Nova-Rewards\\novaRewards\\backend\\middleware\\authenticateMerchant.js": {"path":"C:\\Users\\LENOVO USER\\Desktop\\milah\\Nova-Rewards\\novaRewards\\backend\\middleware\\authenticateMerchant.js","statementMap":{"0":{"start":{"line":1,"column":18},"end":{"line":1,"column":40}},"1":{"start":{"line":9,"column":17},"end":{"line":9,"column":41}},"2":{"start":{"line":10,"column":2},"end":{"line":16,"column":3}},"3":{"start":{"line":11,"column":4},"end":{"line":15,"column":7}},"4":{"start":{"line":18,"column":17},"end":{"line":21,"column":3}},"5":{"start":{"line":23,"column":2},"end":{"line":29,"column":3}},"6":{"start":{"line":24,"column":4},"end":{"line":28,"column":7}},"7":{"start":{"line":31,"column":2},"end":{"line":31,"column":32}},"8":{"start":{"line":32,"column":2},"end":{"line":32,"column":9}},"9":{"start":{"line":35,"column":0},"end":{"line":35,"column":42}}},"fnMap":{"0":{"name":"authenticateMerchant","decl":{"start":{"line":8,"column":15},"end":{"line":8,"column":35}},"loc":{"start":{"line":8,"column":52},"end":{"line":33,"column":1}},"line":8}},"branchMap":{"0":{"loc":{"start":{"line":10,"column":2},"end":{"line":16,"column":3}},"type":"if","locations":[{"start":{"line":10,"column":2},"end":{"line":16,"column":3}},{"start":{},"end":{}}],"line":10},"1":{"loc":{"start":{"line":23,"column":2},"end":{"line":29,"column":3}},"type":"if","locations":[{"start":{"line":23,"column":2},"end":{"line":29,"column":3}},{"start":{},"end":{}}],"line":23}},"s":{"0":1,"1":0,"2":0,"3":0,"4":0,"5":0,"6":0,"7":0,"8":0,"9":1},"f":{"0":0},"b":{"0":[0,0],"1":[0,0]},"_coverageSchema":"1a1c01bbd47fc00a2c39e90264f33305004495a9","hash":"fb3889a4365912889c9ad08ac13b0eb9c2899c49"}
,"C:\\Users\\LENOVO USER\\Desktop\\milah\\Nova-Rewards\\novaRewards\\backend\\middleware\\authenticateUser.js": {"path":"C:\\Users\\LENOVO USER\\Desktop\\milah\\Nova-Rewards\\novaRewards\\backend\\middleware\\authenticateUser.js","statementMap":{"0":{"start":{"line":1,"column":18},"end":{"line":1,"column":40}},"1":{"start":{"line":2,"column":24},"end":{"line":2,"column":59}},"2":{"start":{"line":10,"column":21},"end":{"line":10,"column":46}},"3":{"start":{"line":12,"column":2},"end":{"line":18,"column":3}},"4":{"start":{"line":13,"column":4},"end":{"line":17,"column":7}},"5":{"start":{"line":20,"column":16},"end":{"line":20,"column":39}},"6":{"start":{"line":22,"column":2},"end":{"line":58,"column":3}},"7":{"start":{"line":23,"column":20},"end":{"line":23,"column":38}},"8":{"start":{"line":25,"column":4},"end":{"line":31,"column":5}},"9":{"start":{"line":26,"column":6},"end":{"line":30,"column":9}},"10":{"start":{"line":33,"column":19},"end":{"line":39,"column":5}},"11":{"start":{"line":41,"column":4},"end":{"line":47,"column":5}},"12":{"start":{"line":42,"column":6},"end":{"line":46,"column":9}},"13":{"start":{"line":49,"column":4},"end":{"line":49,"column":30}},"14":{"start":{"line":50,"column":4},"end":{"line":50,"column":11}},"15":{"start":{"line":52,"column":4},"end":{"line":52,"column":48}},"16":{"start":{"line":53,"column":4},"end":{"line":57,"column":7}},"17":{"start":{"line":66,"column":2},"end":{"line":72,"column":3}},"18":{"start":{"line":67,"column":4},"end":{"line":71,"column":7}},"19":{"start":{"line":73,"column":2},"end":{"line":73,"column":9}},"20":{"start":{"line":82,"column":2},"end":{"line":82,"column":42}},"21":{"start":{"line":82,"column":28},"end":{"line":82,"column":42}},"22":{"start":{"line":83,"column":25},"end":{"line":83,"column":48}},"23":{"start":{"line":84,"column":24},"end":{"line":84,"column":36}},"24":{"start":{"line":86,"column":2},"end":{"line":92,"column":3}},"25":{"start":{"line":87,"column":4},"end":{"line":91,"column":7}},"26":{"start":{"line":93,"column":2},"end":{"line":93,"column":9}},"27":{"start":{"line":96,"column":0},"end":{"line":96,"column":77}}},"fnMap":{"0":{"name":"authenticateUser","decl":{"start":{"line":9,"column":15},"end":{"line":9,"column":31}},"loc":{"start":{"line":9,"column":48},"end":{"line":59,"column":1}},"line":9},"1":{"name":"requireAdmin","decl":{"start":{"line":65,"column":9},"end":{"line":65,"column":21}},"loc":{"start":{"line":65,"column":38},"end":{"line":74,"column":1}},"line":65},"2":{"name":"requireOwnershipOrAdmin","decl":{"start":{"line":80,"column":9},"end":{"line":80,"column":32}},"loc":{"start":{"line":80,"column":49},"end":{"line":94,"column":1}},"line":80}},"branchMap":{"0":{"loc":{"start":{"line":12,"column":2},"end":{"line":18,"column":3}},"type":"if","locations":[{"start":{"line":12,"column":2},"end":{"line":18,"column":3}},{"start":{},"end":{}}],"line":12},"1":{"loc":{"start":{"line":12,"column":6},"end":{"line":12,"column":54}},"type":"binary-expr","locations":[{"start":{"line":12,"column":6},"end":{"line":12,"column":17}},{"start":{"line":12,"column":21},"end":{"line":12,"column":54}}],"line":12},"2":{"loc":{"start":{"line":25,"column":4},"end":{"line":31,"column":5}},"type":"if","locations":[{"start":{"line":25,"column":4},"end":{"line":31,"column":5}},{"start":{},"end":{}}],"line":25},"3":{"loc":{"start":{"line":25,"column":8},"end":{"line":25,"column":35}},"type":"binary-expr","locations":[{"start":{"line":25,"column":8},"end":{"line":25,"column":16}},{"start":{"line":25,"column":20},"end":{"line":25,"column":35}}],"line":25},"4":{"loc":{"start":{"line":41,"column":4},"end":{"line":47,"column":5}},"type":"if","locations":[{"start":{"line":41,"column":4},"end":{"line":47,"column":5}},{"start":{},"end":{}}],"line":41},"5":{"loc":{"start":{"line":66,"column":2},"end":{"line":72,"column":3}},"type":"if","locations":[{"start":{"line":66,"column":2},"end":{"line":72,"column":3}},{"start":{},"end":{}}],"line":66},"6":{"loc":{"start":{"line":82,"column":2},"end":{"line":82,"column":42}},"type":"if","locations":[{"start":{"line":82,"column":2},"end":{"line":82,"column":42}},{"start":{},"end":{}}],"line":82},"7":{"loc":{"start":{"line":86,"column":2},"end":{"line":92,"column":3}},"type":"if","locations":[{"start":{"line":86,"column":2},"end":{"line":92,"column":3}},{"start":{},"end":{}}],"line":86},"8":{"loc":{"start":{"line":86,"column":6},"end":{"line":86,"column":68}},"type":"binary-expr","locations":[{"start":{"line":86,"column":6},"end":{"line":86,"column":38}},{"start":{"line":86,"column":42},"end":{"line":86,"column":68}}],"line":86}},"s":{"0":1,"1":1,"2":11,"3":11,"4":11,"5":0,"6":0,"7":0,"8":0,"9":0,"10":0,"11":0,"12":0,"13":0,"14":0,"15":0,"16":0,"17":0,"18":0,"19":0,"20":0,"21":0,"22":0,"23":0,"24":0,"25":0,"26":0,"27":1},"f":{"0":11,"1":0,"2":0},"b":{"0":[11,0],"1":[11,0],"2":[0,0],"3":[0,0],"4":[0,0],"5":[0,0],"6":[0,0],"7":[0,0],"8":[0,0]},"_coverageSchema":"1a1c01bbd47fc00a2c39e90264f33305004495a9","hash":"5d87fdf7568430502d065a601f1c75119191a77f"}
,"C:\\Users\\LENOVO USER\\Desktop\\milah\\Nova-Rewards\\novaRewards\\backend\\middleware\\metricsMiddleware.js": {"path":"C:\\Users\\LENOVO USER\\Desktop\\milah\\Nova-Rewards\\novaRewards\\backend\\middleware\\metricsMiddleware.js","statementMap":{"0":{"start":{"line":1,"column":15},"end":{"line":1,"column":37}},"1":{"start":{"line":3,"column":17},"end":{"line":3,"column":38}},"2":{"start":{"line":5,"column":0},"end":{"line":5,"column":53}},"3":{"start":{"line":7,"column":28},"end":{"line":12,"column":2}},"4":{"start":{"line":15,"column":16},"end":{"line":15,"column":32}},"5":{"start":{"line":17,"column":2},"end":{"line":26,"column":5}},"6":{"start":{"line":18,"column":22},"end":{"line":18,"column":43}},"7":{"start":{"line":19,"column":21},"end":{"line":19,"column":35}},"8":{"start":{"line":20,"column":18},"end":{"line":20,"column":56}},"9":{"start":{"line":22,"column":4},"end":{"line":25,"column":6}},"10":{"start":{"line":28,"column":2},"end":{"line":28,"column":9}},"11":{"start":{"line":31,"column":0},"end":{"line":31,"column":49}}},"fnMap":{"0":{"name":"metricsMiddleware","decl":{"start":{"line":14,"column":9},"end":{"line":14,"column":26}},"loc":{"start":{"line":14,"column":43},"end":{"line":29,"column":1}},"line":14},"1":{"name":"(anonymous_1)","decl":{"start":{"line":17,"column":19},"end":{"line":17,"column":20}},"loc":{"start":{"line":17,"column":25},"end":{"line":26,"column":3}},"line":17}},"branchMap":{"0":{"loc":{"start":{"line":20,"column":18},"end":{"line":20,"column":56}},"type":"cond-expr","locations":[{"start":{"line":20,"column":30},"end":{"line":20,"column":44}},{"start":{"line":20,"column":47},"end":{"line":20,"column":56}}],"line":20}},"s":{"0":1,"1":1,"2":1,"3":1,"4":11,"5":11,"6":11,"7":11,"8":11,"9":11,"10":11,"11":1},"f":{"0":11,"1":11},"b":{"0":[0,11]},"_coverageSchema":"1a1c01bbd47fc00a2c39e90264f33305004495a9","hash":"be69ee11c017cf41ef346f460fcea1e268b1ba11"}
,"C:\\Users\\LENOVO USER\\Desktop\\milah\\Nova-Rewards\\novaRewards\\backend\\middleware\\rateLimiter.js": {"path":"C:\\Users\\LENOVO USER\\Desktop\\milah\\Nova-Rewards\\novaRewards\\backend\\middleware\\rateLimiter.js","statementMap":{"0":{"start":{"line":1,"column":18},"end":{"line":1,"column":47}},"1":{"start":{"line":2,"column":23},"end":{"line":2,"column":50}},"2":{"start":{"line":3,"column":32},"end":{"line":3,"column":55}},"3":{"start":{"line":6,"column":18},"end":{"line":9,"column":18}},"4":{"start":{"line":8,"column":15},"end":{"line":8,"column":24}},"5":{"start":{"line":12,"column":2},"end":{"line":12,"column":36}},"6":{"start":{"line":21,"column":2},"end":{"line":21,"column":44}},"7":{"start":{"line":21,"column":27},"end":{"line":21,"column":44}},"8":{"start":{"line":22,"column":2},"end":{"line":25,"column":5}},"9":{"start":{"line":23,"column":30},"end":{"line":23,"column":59}},"10":{"start":{"line":29,"column":2},"end":{"line":29,"column":37}},"11":{"start":{"line":30,"column":2},"end":{"line":34,"column":5}},"12":{"start":{"line":38,"column":22},"end":{"line":46,"column":2}},"13":{"start":{"line":49,"column":20},"end":{"line":57,"column":2}},"14":{"start":{"line":59,"column":0},"end":{"line":59,"column":48}}},"fnMap":{"0":{"name":"(anonymous_0)","decl":{"start":{"line":8,"column":7},"end":{"line":8,"column":8}},"loc":{"start":{"line":8,"column":15},"end":{"line":8,"column":24}},"line":8},"1":{"name":"skip","decl":{"start":{"line":11,"column":9},"end":{"line":11,"column":13}},"loc":{"start":{"line":11,"column":19},"end":{"line":13,"column":1}},"line":11},"2":{"name":"makeStore","decl":{"start":{"line":20,"column":9},"end":{"line":20,"column":18}},"loc":{"start":{"line":20,"column":27},"end":{"line":26,"column":1}},"line":20},"3":{"name":"(anonymous_3)","decl":{"start":{"line":23,"column":17},"end":{"line":23,"column":18}},"loc":{"start":{"line":23,"column":30},"end":{"line":23,"column":59}},"line":23},"4":{"name":"onLimitReached","decl":{"start":{"line":28,"column":9},"end":{"line":28,"column":23}},"loc":{"start":{"line":28,"column":34},"end":{"line":35,"column":1}},"line":28}},"branchMap":{"0":{"loc":{"start":{"line":6,"column":19},"end":{"line":6,"column":57}},"type":"binary-expr","locations":[{"start":{"line":6,"column":19},"end":{"line":6,"column":51}},{"start":{"line":6,"column":55},"end":{"line":6,"column":57}}],"line":6},"1":{"loc":{"start":{"line":21,"column":2},"end":{"line":21,"column":44}},"type":"if","locations":[{"start":{"line":21,"column":2},"end":{"line":21,"column":44}},{"start":{},"end":{}}],"line":21}},"s":{"0":1,"1":1,"2":1,"3":1,"4":1,"5":11,"6":2,"7":2,"8":0,"9":0,"10":0,"11":0,"12":1,"13":1,"14":1},"f":{"0":1,"1":11,"2":2,"3":0,"4":0},"b":{"0":[1,1],"1":[2,0]},"_coverageSchema":"1a1c01bbd47fc00a2c39e90264f33305004495a9","hash":"613261e3e20b0bb7cc1673990c0dceeb1d872020"}
,"C:\\Users\\LENOVO USER\\Desktop\\milah\\Nova-Rewards\\novaRewards\\backend\\middleware\\validateDto.js": {"path":"C:\\Users\\LENOVO USER\\Desktop\\milah\\Nova-Rewards\\novaRewards\\backend\\middleware\\validateDto.js","statementMap":{"0":{"start":{"line":10,"column":2},"end":{"line":26,"column":4}},"1":{"start":{"line":11,"column":28},"end":{"line":11,"column":49}},"2":{"start":{"line":12,"column":26},"end":{"line":14,"column":5}},"3":{"start":{"line":13,"column":15},"end":{"line":13,"column":45}},"4":{"start":{"line":16,"column":4},"end":{"line":23,"column":5}},"5":{"start":{"line":17,"column":6},"end":{"line":22,"column":9}},"6":{"start":{"line":25,"column":4},"end":{"line":25,"column":11}},"7":{"start":{"line":33,"column":27},"end":{"line":81,"column":1}},"8":{"start":{"line":42,"column":19},"end":{"line":42,"column":21}},"9":{"start":{"line":44,"column":4},"end":{"line":50,"column":5}},"10":{"start":{"line":45,"column":6},"end":{"line":49,"column":7}},"11":{"start":{"line":46,"column":8},"end":{"line":46,"column":50}},"12":{"start":{"line":47,"column":13},"end":{"line":49,"column":7}},"13":{"start":{"line":48,"column":8},"end":{"line":48,"column":64}},"14":{"start":{"line":52,"column":4},"end":{"line":58,"column":5}},"15":{"start":{"line":53,"column":6},"end":{"line":57,"column":7}},"16":{"start":{"line":54,"column":8},"end":{"line":54,"column":49}},"17":{"start":{"line":55,"column":13},"end":{"line":57,"column":7}},"18":{"start":{"line":56,"column":8},"end":{"line":56,"column":63}},"19":{"start":{"line":60,"column":4},"end":{"line":66,"column":5}},"20":{"start":{"line":61,"column":6},"end":{"line":65,"column":7}},"21":{"start":{"line":62,"column":8},"end":{"line":62,"column":44}},"22":{"start":{"line":63,"column":13},"end":{"line":65,"column":7}},"23":{"start":{"line":64,"column":8},"end":{"line":64,"column":59}},"24":{"start":{"line":68,"column":4},"end":{"line":74,"column":5}},"25":{"start":{"line":69,"column":6},"end":{"line":73,"column":7}},"26":{"start":{"line":70,"column":8},"end":{"line":70,"column":57}},"27":{"start":{"line":71,"column":13},"end":{"line":73,"column":7}},"28":{"start":{"line":72,"column":8},"end":{"line":72,"column":72}},"29":{"start":{"line":76,"column":4},"end":{"line":79,"column":6}},"30":{"start":{"line":90,"column":2},"end":{"line":90,"column":45}},"31":{"start":{"line":99,"column":34},"end":{"line":99,"column":79}},"32":{"start":{"line":100,"column":2},"end":{"line":116,"column":5}},"33":{"start":{"line":101,"column":4},"end":{"line":101,"column":30}},"34":{"start":{"line":101,"column":13},"end":{"line":101,"column":30}},"35":{"start":{"line":104,"column":23},"end":{"line":104,"column":60}},"36":{"start":{"line":106,"column":4},"end":{"line":113,"column":5}},"37":{"start":{"line":107,"column":6},"end":{"line":112,"column":9}},"38":{"start":{"line":115,"column":4},"end":{"line":115,"column":11}},"39":{"start":{"line":119,"column":0},"end":{"line":119,"column":76}}},"fnMap":{"0":{"name":"validateDto","decl":{"start":{"line":9,"column":9},"end":{"line":9,"column":20}},"loc":{"start":{"line":9,"column":36},"end":{"line":27,"column":1}},"line":9},"1":{"name":"(anonymous_1)","decl":{"start":{"line":10,"column":9},"end":{"line":10,"column":10}},"loc":{"start":{"line":10,"column":29},"end":{"line":26,"column":3}},"line":10},"2":{"name":"(anonymous_2)","decl":{"start":{"line":13,"column":6},"end":{"line":13,"column":7}},"loc":{"start":{"line":13,"column":15},"end":{"line":13,"column":45}},"line":13},"3":{"name":"(anonymous_3)","decl":{"start":{"line":41,"column":2},"end":{"line":41,"column":3}},"loc":{"start":{"line":41,"column":17},"end":{"line":80,"column":3}},"line":41},"4":{"name":"isValidStellarAddress","decl":{"start":{"line":88,"column":9},"end":{"line":88,"column":30}},"loc":{"start":{"line":88,"column":40},"end":{"line":91,"column":1}},"line":88},"5":{"name":"validateUpdateUserDto","decl":{"start":{"line":97,"column":9},"end":{"line":97,"column":30}},"loc":{"start":{"line":97,"column":47},"end":{"line":117,"column":1}},"line":97},"6":{"name":"(anonymous_6)","decl":{"start":{"line":100,"column":36},"end":{"line":100,"column":37}},"loc":{"start":{"line":100,"column":45},"end":{"line":116,"column":3}},"line":100}},"branchMap":{"0":{"loc":{"start":{"line":16,"column":4},"end":{"line":23,"column":5}},"type":"if","locations":[{"start":{"line":16,"column":4},"end":{"line":23,"column":5}},{"start":{},"end":{}}],"line":16},"1":{"loc":{"start":{"line":44,"column":4},"end":{"line":50,"column":5}},"type":"if","locations":[{"start":{"line":44,"column":4},"end":{"line":50,"column":5}},{"start":{},"end":{}}],"line":44},"2":{"loc":{"start":{"line":45,"column":6},"end":{"line":49,"column":7}},"type":"if","locations":[{"start":{"line":45,"column":6},"end":{"line":49,"column":7}},{"start":{"line":47,"column":13},"end":{"line":49,"column":7}}],"line":45},"3":{"loc":{"start":{"line":47,"column":13},"end":{"line":49,"column":7}},"type":"if","locations":[{"start":{"line":47,"column":13},"end":{"line":49,"column":7}},{"start":{},"end":{}}],"line":47},"4":{"loc":{"start":{"line":52,"column":4},"end":{"line":58,"column":5}},"type":"if","locations":[{"start":{"line":52,"column":4},"end":{"line":58,"column":5}},{"start":{},"end":{}}],"line":52},"5":{"loc":{"start":{"line":53,"column":6},"end":{"line":57,"column":7}},"type":"if","locations":[{"start":{"line":53,"column":6},"end":{"line":57,"column":7}},{"start":{"line":55,"column":13},"end":{"line":57,"column":7}}],"line":53},"6":{"loc":{"start":{"line":55,"column":13},"end":{"line":57,"column":7}},"type":"if","locations":[{"start":{"line":55,"column":13},"end":{"line":57,"column":7}},{"start":{},"end":{}}],"line":55},"7":{"loc":{"start":{"line":60,"column":4},"end":{"line":66,"column":5}},"type":"if","locations":[{"start":{"line":60,"column":4},"end":{"line":66,"column":5}},{"start":{},"end":{}}],"line":60},"8":{"loc":{"start":{"line":61,"column":6},"end":{"line":65,"column":7}},"type":"if","locations":[{"start":{"line":61,"column":6},"end":{"line":65,"column":7}},{"start":{"line":63,"column":13},"end":{"line":65,"column":7}}],"line":61},"9":{"loc":{"start":{"line":63,"column":13},"end":{"line":65,"column":7}},"type":"if","locations":[{"start":{"line":63,"column":13},"end":{"line":65,"column":7}},{"start":{},"end":{}}],"line":63},"10":{"loc":{"start":{"line":68,"column":4},"end":{"line":74,"column":5}},"type":"if","locations":[{"start":{"line":68,"column":4},"end":{"line":74,"column":5}},{"start":{},"end":{}}],"line":68},"11":{"loc":{"start":{"line":69,"column":6},"end":{"line":73,"column":7}},"type":"if","locations":[{"start":{"line":69,"column":6},"end":{"line":73,"column":7}},{"start":{"line":71,"column":13},"end":{"line":73,"column":7}}],"line":69},"12":{"loc":{"start":{"line":71,"column":13},"end":{"line":73,"column":7}},"type":"if","locations":[{"start":{"line":71,"column":13},"end":{"line":73,"column":7}},{"start":{},"end":{}}],"line":71},"13":{"loc":{"start":{"line":101,"column":4},"end":{"line":101,"column":30}},"type":"if","locations":[{"start":{"line":101,"column":4},"end":{"line":101,"column":30}},{"start":{},"end":{}}],"line":101},"14":{"loc":{"start":{"line":106,"column":4},"end":{"line":113,"column":5}},"type":"if","locations":[{"start":{"line":106,"column":4},"end":{"line":113,"column":5}},{"start":{},"end":{}}],"line":106}},"s":{"0":0,"1":0,"2":0,"3":0,"4":0,"5":0,"6":0,"7":1,"8":0,"9":0,"10":0,"11":0,"12":0,"13":0,"14":0,"15":0,"16":0,"17":0,"18":0,"19":0,"20":0,"21":0,"22":0,"23":0,"24":0,"25":0,"26":0,"27":0,"28":0,"29":0,"30":0,"31":0,"32":0,"33":0,"34":0,"35":0,"36":0,"37":0,"38":0,"39":1},"f":{"0":0,"1":0,"2":0,"3":0,"4":0,"5":0,"6":0},"b":{"0":[0,0],"1":[0,0],"2":[0,0],"3":[0,0],"4":[0,0],"5":[0,0],"6":[0,0],"7":[0,0],"8":[0,0],"9":[0,0],"10":[0,0],"11":[0,0],"12":[0,0],"13":[0,0],"14":[0,0]},"_coverageSchema":"1a1c01bbd47fc00a2c39e90264f33305004495a9","hash":"80e8ced7a26cef72d9fc16a0317a2f5527559a5f"}
,"C:\\Users\\LENOVO USER\\Desktop\\milah\\Nova-Rewards\\novaRewards\\backend\\middleware\\validateEnv.js": {"path":"C:\\Users\\LENOVO USER\\Desktop\\milah\\Nova-Rewards\\novaRewards\\backend\\middleware\\validateEnv.js","statementMap":{"0":{"start":{"line":5,"column":26},"end":{"line":15,"column":1}},"1":{"start":{"line":25,"column":18},"end":{"line":25,"column":70}},"2":{"start":{"line":25,"column":52},"end":{"line":25,"column":69}},"3":{"start":{"line":28,"column":2},"end":{"line":30,"column":3}},"4":{"start":{"line":29,"column":4},"end":{"line":29,"column":35}},"5":{"start":{"line":32,"column":2},"end":{"line":39,"column":3}},"6":{"start":{"line":33,"column":4},"end":{"line":35,"column":7}},"7":{"start":{"line":34,"column":6},"end":{"line":34,"column":83}},"8":{"start":{"line":36,"column":4},"end":{"line":38,"column":6}},"9":{"start":{"line":42,"column":0},"end":{"line":42,"column":52}}},"fnMap":{"0":{"name":"validateEnv","decl":{"start":{"line":24,"column":9},"end":{"line":24,"column":20}},"loc":{"start":{"line":24,"column":23},"end":{"line":40,"column":1}},"line":24},"1":{"name":"(anonymous_1)","decl":{"start":{"line":25,"column":43},"end":{"line":25,"column":44}},"loc":{"start":{"line":25,"column":52},"end":{"line":25,"column":69}},"line":25},"2":{"name":"(anonymous_2)","decl":{"start":{"line":33,"column":20},"end":{"line":33,"column":21}},"loc":{"start":{"line":33,"column":29},"end":{"line":35,"column":5}},"line":33}},"branchMap":{"0":{"loc":{"start":{"line":28,"column":2},"end":{"line":30,"column":3}},"type":"if","locations":[{"start":{"line":28,"column":2},"end":{"line":30,"column":3}},{"start":{},"end":{}}],"line":28},"1":{"loc":{"start":{"line":28,"column":6},"end":{"line":28,"column":74}},"type":"binary-expr","locations":[{"start":{"line":28,"column":6},"end":{"line":28,"column":43}},{"start":{"line":28,"column":47},"end":{"line":28,"column":74}}],"line":28},"2":{"loc":{"start":{"line":32,"column":2},"end":{"line":39,"column":3}},"type":"if","locations":[{"start":{"line":32,"column":2},"end":{"line":39,"column":3}},{"start":{},"end":{}}],"line":32}},"s":{"0":0,"1":0,"2":0,"3":0,"4":0,"5":0,"6":0,"7":0,"8":0,"9":0},"f":{"0":0,"1":0,"2":0},"b":{"0":[0,0],"1":[0,0],"2":[0,0]}}
[...]
:{"line":93,"column":27},"end":{"line":115,"column":1}},"line":93},"4":{"name":"checkMemory","decl":{"start":{"line":121,"column":15},"end":{"line":121,"column":26}},"loc":{"start":{"line":121,"column":29},"end":{"line":152,"column":1}},"line":121},"5":{"name":"runHealthChecks","decl":{"start":{"line":158,"column":15},"end":{"line":158,"column":30}},"loc":{"start":{"line":158,"column":33},"end":{"line":197,"column":1}},"line":158}},"branchMap":{"0":{"loc":{"start":{"line":8,"column":2},"end":{"line":8,"column":66}},"type":"binary-expr","locations":[{"start":{"line":8,"column":2},"end":{"line":8,"column":25}},{"start":{"line":8,"column":29},"end":{"line":8,"column":66}}],"line":8},"1":{"loc":{"start":{"line":22,"column":14},"end":{"line":22,"column":58}},"type":"cond-expr","locations":[{"start":{"line":22,"column":36},"end":{"line":22,"column":45}},{"start":{"line":22,"column":48},"end":{"line":22,"column":58}}],"line":22},"2":{"loc":{"start":{"line":46,"column":14},"end":{"line":46,"column":57}},"type":"cond-expr","locations":[{"start":{"line":46,"column":35},"end":{"line":46,"column":44}},{"start":{"line":46,"column":47},"end":{"line":46,"column":57}}],"line":46},"3":{"loc":{"start":{"line":70,"column":14},"end":{"line":70,"column":58}},"type":"cond-expr","locations":[{"start":{"line":70,"column":36},"end":{"line":70,"column":45}},{"start":{"line":70,"column":48},"end":{"line":70,"column":58}}],"line":70},"4":{"loc":{"start":{"line":73,"column":15},"end":{"line":73,"column":51}},"type":"binary-expr","locations":[{"start":{"line":73,"column":15},"end":{"line":73,"column":38}},{"start":{"line":73,"column":42},"end":{"line":73,"column":51}}],"line":73},"5":{"loc":{"start":{"line":74,"column":20},"end":{"line":74,"column":63}},"type":"binary-expr","locations":[{"start":{"line":74,"column":20},"end":{"line":74,"column":55}},{"start":{"line":74,"column":59},"end":{"line":74,"column":63}}],"line":74},"6":{"loc":{"start":{"line":81,"column":15},"end":{"line":81,"column":51}},"type":"binary-expr","locations":[{"start":{"line":81,"column":15},"end":{"line":81,"column":38}},{"start":{"line":81,"column":42},"end":{"line":81,"column":51}}],"line":81},"7":{"loc":{"start":{"line":132,"column":14},"end":{"line":132,"column":55}},"type":"cond-expr","locations":[{"start":{"line":132,"column":33},"end":{"line":132,"column":42}},{"start":{"line":132,"column":45},"end":{"line":132,"column":55}}],"line":132},"8":{"loc":{"start":{"line":175,"column":2},"end":{"line":185,"column":3}},"type":"if","locations":[{"start":{"line":175,"column":2},"end":{"line":185,"column":3}},{"start":{"line":177,"column":9},"end":{"line":185,"column":3}}],"line":175},"9":{"loc":{"start":{"line":175,"column":6},"end":{"line":175,"column":69}},"type":"binary-expr","locations":[{"start":{"line":175,"column":6},"end":{"line":175,"column":37}},{"start":{"line":175,"column":41},"end":{"line":175,"column":69}}],"line":175},"10":{"loc":{"start":{"line":177,"column":9},"end":{"line":185,"column":3}},"type":"if","locations":[{"start":{"line":177,"column":9},"end":{"line":185,"column":3}},{"start":{},"end":{}}],"line":177},"11":{"loc":{"start":{"line":178,"column":4},"end":{"line":182,"column":32}},"type":"binary-expr","locations":[{"start":{"line":178,"column":4},"end":{"line":178,"column":34}},{"start":{"line":179,"column":4},"end":{"line":179,"column":31}},{"start":{"line":180,"column":4},"end":{"line":180,"column":33}},{"start":{"line":181,"column":4},"end":{"line":181,"column":34}},{"start":{"line":182,"column":4},"end":{"line":182,"column":32}}],"line":178},"12":{"loc":{"start":{"line":195,"column":17},"end":{"line":195,"column":54}},"type":"binary-expr","locations":[{"start":{"line":195,"column":17},"end":{"line":195,"column":37}},{"start":{"line":195,"column":41},"end":{"line":195,"column":54}}],"line":195}},"s":{"0":1,"1":1,"2":1,"3":1,"4":1,"5":0,"6":0,"7":0,"8":0,"9":0,"10":0,"11":0,"12":0,"13":0,"14":0,"15":0,"16":0,"17":0,"18":0,"19":0,"20":0,"21":0,"22":0,"23":0,"24":0,"25":0,"26":0,"27":0,"28":0,"29":0,"30":0,"31":0,"32":0,"33":0,"34":0,"35":0,"36":0,"37":0,"38":0,"39":0,"40":0,"41":0,"42":0,"43":0,"44":0,"45":1},"f":{"0":0,"1":0,"2":0,"3":0,"4":0,"5":0},"b":{"0":[1,0],"1":[0,0],"2":[0,0],"3":[0,0],"4":[0,0],"5":[0,0],"6":[0,0],"7":[0,0],"8":[0,0],"9":[0,0],"10":[0,0],"11":[0,0,0,0,0],"12":[0,0]},"_coverageSchema":"1a1c01bbd47fc00a2c39e90264f33305004495a9","hash":"a0d919507fbcb03cc3a7ebab0c29a66206784d5c"}
,"C:\\Users\\LENOVO USER\\Desktop\\milah\\Nova-Rewards\\novaRewards\\backend\\services\\redemptionEventListener.js": {"path":"C:\\Users\\LENOVO USER\\Desktop\\milah\\Nova-Rewards\\novaRewards\\backend\\services\\redemptionEventListener.js","statementMap":{"0":{"start":{"line":1,"column":18},"end":{"line":1,"column":43}},"1":{"start":{"line":2,"column":39},"end":{"line":2,"column":64}},"2":{"start":{"line":12,"column":2},"end":{"line":29,"column":5}},"3":{"start":{"line":14,"column":27},"end":{"line":14,"column":37}},"4":{"start":{"line":15,"column":4},"end":{"line":15,"column":32}},"5":{"start":{"line":15,"column":25},"end":{"line":15,"column":32}},"6":{"start":{"line":17,"column":4},"end":{"line":28,"column":5}},"7":{"start":{"line":18,"column":6},"end":{"line":24,"column":9}},"8":{"start":{"line":27,"column":6},"end":{"line":27,"column":81}},"9":{"start":{"line":32,"column":0},"end":{"line":32,"column":53}}},"fnMap":{"0":{"name":"registerRedemptionEventListener","decl":{"start":{"line":11,"column":9},"end":{"line":11,"column":40}},"loc":{"start":{"line":11,"column":43},"end":{"line":30,"column":1}},"line":11},"1":{"name":"(anonymous_1)","decl":{"start":{"line":12,"column":37},"end":{"line":12,"column":38}},"loc":{"start":{"line":12,"column":77},"end":{"line":29,"column":3}},"line":12}},"branchMap":{"0":{"loc":{"start":{"line":15,"column":4},"end":{"line":15,"column":32}},"type":"if","locations":[{"start":{"line":15,"column":4},"end":{"line":15,"column":32}},{"start":{},"end":{}}],"line":15},"1":{"loc":{"start":{"line":20,"column":18},"end":{"line":20,"column":56}},"type":"binary-expr","locations":[{"start":{"line":20,"column":18},"end":{"line":20,"column":33}},{"start":{"line":20,"column":37},"end":{"line":20,"column":56}}],"line":20}},"s":{"0":0,"1":0,"2":0,"3":0,"4":0,"5":0,"6":0,"7":0,"8":0,"9":0},"f":{"0":0,"1":0},"b":{"0":[0,0],"1":[0,0]}}
,"C:\\Users\\LENOVO USER\\Desktop\\milah\\Nova-Rewards\\novaRewards\\backend\\services\\referralService.js": {"path":"C:\\Users\\LENOVO USER\\Desktop\\milah\\Nova-Rewards\\novaRewards\\backend\\services\\referralService.js","statementMap":{"0":{"start":{"line":8,"column":4},"end":{"line":8,"column":35}},"1":{"start":{"line":9,"column":35},"end":{"line":9,"column":78}},"2":{"start":{"line":10,"column":34},"end":{"line":10,"column":60}},"3":{"start":{"line":21,"column":2},"end":{"line":81,"column":3}},"4":{"start":{"line":23,"column":4},"end":{"line":28,"column":5}},"5":{"start":{"line":24,"column":6},"end":{"line":27,"column":8}},"6":{"start":{"line":31,"column":27},"end":{"line":31,"column":88}},"7":{"start":{"line":32,"column":4},"end":{"line":37,"column":5}},"8":{"start":{"line":33,"column":6},"end":{"line":36,"column":8}},"9":{"start":{"line":40,"column":21},"end":{"line":40,"column":50}},"10":{"start":{"line":41,"column":25},"end":{"line":41,"column":58}},"11":{"start":{"line":43,"column":4},"end":{"line":48,"column":5}},"12":{"start":{"line":44,"column":6},"end":{"line":47,"column":8}},"13":{"start":{"line":51,"column":4},"end":{"line":56,"column":5}},"14":{"start":{"line":52,"column":6},"end":{"line":55,"column":8}},"15":{"start":{"line":59,"column":18},"end":{"line":65,"column":6}},"16":{"start":{"line":68,"column":4},"end":{"line":68,"column":51}},"17":{"start":{"line":70,"column":4},"end":{"line":74,"column":6}},"18":{"start":{"line":76,"column":4},"end":{"line":76,"column":61}},"19":{"start":{"line":77,"column":4},"end":{"line":80,"column":6}},"20":{"start":{"line":92,"column":24},"end":{"line":92,"column":54}},"21":{"start":{"line":93,"column":22},"end":{"line":93,"column":59}},"22":{"start":{"line":95,"column":2},"end":{"line":99,"column":4}},"23":{"start":{"line":111,"column":31},"end":{"line":111,"column":70}},"24":{"start":{"line":112,"column":18},"end":{"line":112,"column":19}},"25":{"start":{"line":113,"column":15},"end":{"line":113,"column":16}},"26":{"start":{"line":115,"column":2},"end":{"line":123,"column":3}},"27":{"start":{"line":116,"column":19},"end":{"line":116,"column":80}},"28":{"start":{"line":117,"column":4},"end":{"line":122,"column":5}},"29":{"start":{"line":118,"column":6},"end":{"line":118,"column":18}},"30":{"start":{"line":120,"column":6},"end":{"line":120,"column":15}},"31":{"start":{"line":121,"column":6},"end":{"line":121,"column":91}},"32":{"start":{"line":125,"column":2},"end":{"line":125,"column":31}},"33":{"start":{"line":128,"column":0},"end":{"line":132,"column":2}}},"fnMap":{"0":{"name":"processReferralBonus","decl":{"start":{"line":20,"column":15},"end":{"line":20,"column":35}},"loc":{"start":{"line":20,"column":64},"end":{"line":82,"column":1}},"line":20},"1":{"name":"getUserReferralStats","decl":{"start":{"line":91,"column":15},"end":{"line":91,"column":35}},"loc":{"start":{"line":91,"column":44},"end":{"line":100,"column":1}},"line":91},"2":{"name":"processUnresolvedReferrals","decl":{"start":{"line":110,"column":15},"end":{"line":110,"column":41}},"loc":{"start":{"line":110,"column":57},"end":{"line":126,"column":1}},"line":110}},"branchMap":{"0":{"loc":{"start":{"line":23,"column":4},"end":{"line":28,"column":5}},"type":"if","locations":[{"start":{"line":23,"column":4},"end":{"line":28,"column":5}},{"start":{},"end":{}}],"line":23},"1":{"loc":{"start":{"line":32,"column":4},"end":{"line":37,"column":5}},"type":"if","locations":[{"start":{"line":32,"column":4},"end":{"line":37,"column":5}},{"start":{},"end":{}}],"line":32},"2":{"loc":{"start":{"line":43,"column":4},"end":{"line":48,"column":5}},"type":"if","locations":[{"start":{"line":43,"column":4},"end":{"line":48,"column":5}},{"start":{},"end":{}}],"line":43},"3":{"loc":{"start":{"line":43,"column":8},"end":{"line":43,"column":34}},"type":"binary-expr","locations":[{"start":{"line":43,"column":8},"end":{"line":43,"column":17}},{"start":{"line":43,"column":21},"end":{"line":43,"column":34}}],"line":43},"4":{"loc":{"start":{"line":51,"column":4},"end":{"line":56,"column":5}},"type":"if","locations":[{"start":{"line":51,"column":4},"end":{"line":56,"column":5}},{"start":{},"end":{}}],"line":51},"5":{"loc":{"start":{"line":110,"column":42},"end":{"line":110,"column":55}},"type":"default-arg","locations":[{"start":{"line":110,"column":53},"end":{"line":110,"column":55}}],"line":110},"6":{"loc":{"start":{"line":117,"column":4},"end":{"line":122,"column":5}},"type":"if","locations":[{"start":{"line":117,"column":4},"end":{"line":122,"column":5}},{"start":{"line":119,"column":11},"end":{"line":122,"column":5}}],"line":117}},"s":{"0":1,"1":1,"2":1,"3":0,"4":0,"5":0,"6":0,"7":0,"8":0,"9":0,"10":0,"11":0,"12":0,"13":0,"14":0,"15":0,"16":0,"17":0,"18":0,"19":0,"20":0,"21":0,"22":0,"23":0,"24":0,"25":0,"26":0,"27":0,"28":0,"29":0,"30":0,"31":0,"32":0,"33":1},"f":{"0":0,"1":0,"2":0},"b":{"0":[0,0],"1":[0,0],"2":[0,0],"3":[0,0],"4":[0,0],"5":[0],"6":[0,0]},"_coverageSchema":"1a1c01bbd47fc00a2c39e90264f33305004495a9","hash":"ba5a00315e7d6c0b6bd70a9dd157d2afd8a0901e"}
,"C:\\Users\\LENOVO USER\\Desktop\\milah\\Nova-Rewards\\novaRewards\\backend\\services\\tokenService.js": {"path":"C:\\Users\\LENOVO USER\\Desktop\\milah\\Nova-Rewards\\novaRewards\\backend\\services\\tokenService.js","statementMap":{"0":{"start":{"line":1,"column":12},"end":{"line":1,"column":35}},"1":{"start":{"line":2,"column":41},"end":{"line":2,"column":67}},"2":{"start":{"line":4,"column":27},"end":{"line":4,"column":61}},"3":{"start":{"line":5,"column":27},"end":{"line":5,"column":68}},"4":{"start":{"line":13,"column":17},"end":{"line":13,"column":48}},"5":{"start":{"line":14,"column":2},"end":{"line":18,"column":4}},"6":{"start":{"line":27,"column":17},"end":{"line":27,"column":48}},"7":{"start":{"line":28,"column":2},"end":{"line":32,"column":4}},"8":{"start":{"line":42,"column":17},"end":{"line":42,"column":48}},"9":{"start":{"line":43,"column":2},"end":{"line":43,"column":35}},"10":{"start":{"line":46,"column":0},"end":{"line":46,"column":68}}},"fnMap":{"0":{"name":"signAccessToken","decl":{"start":{"line":12,"column":9},"end":{"line":12,"column":24}},"loc":{"start":{"line":12,"column":34},"end":{"line":19,"column":1}},"line":12},"1":{"name":"signRefreshToken","decl":{"start":{"line":26,"column":9},"end":{"line":26,"column":25}},"loc":{"start":{"line":26,"column":35},"end":{"line":33,"column":1}},"line":26},"2":{"name":"verifyToken","decl":{"start":{"line":41,"column":9},"end":{"line":41,"column":20}},"loc":{"start":{"line":41,"column":28},"end":{"line":44,"column":1}},"line":41}},"branchMap":{},"s":{"0":1,"1":1,"2":1,"3":1,"4":0,"5":0,"6":0,"7":0,"8":0,"9":0,"10":1},"f":{"0":0,"1":0,"2":0},"b":{},"_coverageSchema":"1a1c01bbd47fc00a2c39e90264f33305004495a9","hash":"12a06511ef2e47f68406b6fdafa3764864adadb6"}
,"C:\\Users\\LENOVO USER\\Desktop\\milah\\Nova-Rewards\\novaRewards\\backend\\src\\controllers\\redemptionController.js": {"path":"C:\\Users\\LENOVO USER\\Desktop\\milah\\Nova-Rewards\\novaRewards\\backend\\src\\controllers\\redemptionController.js","statementMap":{"0":{"start":{"line":1,"column":17},"end":{"line":1,"column":42}},"1":{"start":{"line":2,"column":35},"end":{"line":2,"column":72}},"2":{"start":{"line":18,"column":31},"end":{"line":18,"column":39}},"3":{"start":{"line":19,"column":25},"end":{"line":19,"column":43}},"4":{"start":{"line":21,"column":2},"end":{"line":27,"column":3}},"5":{"start":{"line":22,"column":4},"end":{"line":26,"column":7}},"6":{"start":{"line":29,"column":17},"end":{"line":29,"column":37}},"7":{"start":{"line":30,"column":2},"end":{"line":120,"column":3}},"8":{"start":{"line":31,"column":4},"end":{"line":31,"column":32}},"9":{"start":{"line":34,"column":26},"end":{"line":37,"column":5}},"10":{"start":{"line":38,"column":20},"end":{"line":38,"column":41}},"11":{"start":{"line":39,"column":4},"end":{"line":46,"column":5}},"12":{"start":{"line":40,"column":6},"end":{"line":40,"column":37}},"13":{"start":{"line":41,"column":6},"end":{"line":45,"column":9}},"14":{"start":{"line":49,"column":25},"end":{"line":52,"column":5}},"15":{"start":{"line":53,"column":19},"end":{"line":53,"column":39}},"16":{"start":{"line":54,"column":4},"end":{"line":61,"column":5}},"17":{"start":{"line":55,"column":6},"end":{"line":55,"column":37}},"18":{"start":{"line":56,"column":6},"end":{"line":60,"column":9}},"19":{"start":{"line":64,"column":4},"end":{"line":71,"column":5}},"20":{"start":{"line":65,"column":6},"end":{"line":65,"column":37}},"21":{"start":{"line":66,"column":6},"end":{"line":70,"column":9}},"22":{"start":{"line":73,"column":4},"end":{"line":80,"column":5}},"23":{"start":{"line":74,"column":6},"end":{"line":74,"column":37}},"24":{"start":{"line":75,"column":6},"end":{"line":79,"column":9}},"25":{"start":{"line":83,"column":4},"end":{"line":86,"column":6}},"26":{"start":{"line":89,"column":4},"end":{"line":92,"column":6}},"27":{"start":{"line":95,"column":15},"end":{"line":100,"column":6}},"28":{"start":{"line":102,"column":4},"end":{"line":102,"column":33}},"29":{"start":{"line":104,"column":4},"end":{"line":104,"column":61}},"30":{"start":{"line":106,"column":4},"end":{"line":106,"column":35}},"31":{"start":{"line":109,"column":4},"end":{"line":115,"column":5}},"32":{"start":{"line":110,"column":6},"end":{"line":114,"column":9}},"33":{"start":{"line":117,"column":4},"end":{"line":117,"column":14}},"34":{"start":{"line":119,"column":4},"end":{"line":119,"column":21}},"35":{"start":{"line":123,"column":0},"end":{"line":123,"column":34}}},"fnMap":{"0":{"name":"redeemReward","decl":{"start":{"line":17,"column":15},"end":{"line":17,"column":27}},"loc":{"start":{"line":17,"column":44},"end":{"line":121,"column":1}},"line":17}},"branchMap":{"0":{"loc":{"start":{"line":21,"column":2},"end":{"line":27,"column":3}},"type":"if","locations":[{"start":{"line":21,"column":2},"end":{"line":27,"column":3}},{"start":{},"end":{}}],"line":21},"1":{"loc":{"start":{"line":21,"column":6},"end":{"line":21,"column":26}},"type":"binary-expr","locations":[{"start":{"line":21,"column":6},"end":{"line":21,"column":13}},{"start":{"line":21,"column":17},"end":{"line":21,"column":26}}],"line":21},"2":{"loc":{"start":{"line":39,"column":4},"end":{"line":46,"column":5}},"type":"if","locations":[{"start":{"line":39,"column":4},"end":{"line":46,"column":5}},{"start":{},"end":{}}],"line":39},"3":{"loc":{"start":{"line":54,"column":4},"end":{"line":61,"column":5}},"type":"if","locations":[{"start":{"line":54,"column":4},"end":{"line":61,"column":5}},{"start":{},"end":{}}],"line":54},"4":{"loc":{"start":{"line":64,"column":4},"end":{"line":71,"column":5}},"type":"if","locations":[{"start":{"line":64,"column":4},"end":{"line":71,"column":5}},{"start":{},"end":{}}],"line":64},"5":{"loc":{"start":{"line":73,"column":4},"end":{"line":80,"column":5}},"type":"if","locations":[{"start":{"line":73,"column":4},"end":{"line":80,"column":5}},{"start":{},"end":{}}],"line":73},"6":{"loc":{"start":{"line":109,"column":4},"end":{"line":115,"column":5}},"type":"if","locations":[{"start":{"line":109,"column":4},"end":{"line":115,"column":5}},{"start":{},"end":{}}],"line":109}},"s":{"0":0,"1":0,"2":0,"3":0,"4":0,"5":0,"6":0,"7":0,"8":0,"9":0,"10":0,"11":0,"12":0,"13":0,"14":0,"15":0,"16":0,"17":0,"18":0,"19":0,"20":0,"21":0,"22":0,"23":0,"24":0,"25":0,"26":0,"27":0,"28":0,"29":0,"30":0,"31":0,"32":0,"33":0,"34":0,"35":0},"f":{"0":0},"b":{"0":[0,0],"1":[0,0],"2":[0,0],"3":[0,0],"4":[0,0],"5":[0,0],"6":[0,0]}}
,"C:\\Users\\LENOVO USER\\Desktop\\milah\\Nova-Rewards\\novaRewards\\backend\\src\\middleware\\idempotency.js": {"path":"C:\\Users\\LENOVO USER\\Desktop\\milah\\Nova-Rewards\\novaRewards\\backend\\src\\middleware\\idempotency.js","statementMap":{"0":{"start":{"line":7,"column":14},"end":{"line":7,"column":46}},"1":{"start":{"line":8,"column":2},"end":{"line":14,"column":3}},"2":{"start":{"line":9,"column":4},"end":{"line":13,"column":7}},"3":{"start":{"line":15,"column":2},"end":{"line":15,"column":34}},"4":{"start":{"line":16,"column":2},"end":{"line":16,"column":9}},"5":{"start":{"line":19,"column":0},"end":{"line":19,"column":43}}},"fnMap":{"0":{"name":"requireIdempotencyKey","decl":{"start":{"line":6,"column":9},"end":{"line":6,"column":30}},"loc":{"start":{"line":6,"column":47},"end":{"line":17,"column":1}},"line":6}},"branchMap":{"0":{"loc":{"start":{"line":8,"column":2},"end":{"line":14,"column":3}},"type":"if","locations":[{"start":{"line":8,"column":2},"end":{"line":14,"column":3}},{"start":{},"end":{}}],"line":8},"1":{"loc":{"start":{"line":8,"column":6},"end":{"line":8,"column":58}},"type":"binary-expr","locations":[{"start":{"line":8,"column":6},"end":{"line":8,"column":10}},{"start":{"line":8,"column":14},"end":{"line":8,"column":37}},{"start":{"line":8,"column":41},"end":{"line":8,"column":58}}],"line":8}},"s":{"0":0,"1":0,"2":0,"3":0,"4":0,"5":0},"f":{"0":0},"b":{"0":[0,0],"1":[0,0,0]}}
,"C:\\Users\\LENOVO USER\\Desktop\\milah\\Nova-Rewards\\novaRewards\\backend\\src\\models\\PointTransaction.js": {"path":"C:\\Users\\LENOVO USER\\Desktop\\milah\\Nova-Rewards\\novaRewards\\backend\\src\\models\\PointTransaction.js","statementMap":{"0":{"start":{"line":1,"column":17},"end":{"line":1,"column":39}},"1":{"start":{"line":12,"column":17},"end":{"line":17,"column":3}},"2":{"start":{"line":18,"column":2},"end":{"line":18,"column":24}},"3":{"start":{"line":21,"column":0},"end":{"line":21,"column":44}}},"fnMap":{"0":{"name":"insertPointTransaction","decl":{"start":{"line":11,"column":15},"end":{"line":11,"column":37}},"loc":{"start":{"line":11,"column":97},"end":{"line":19,"column":1}},"line":11}},"branchMap":{},"s":{"0":0,"1":0,"2":0,"3":0},"f":{"0":0},"b":{}}
}
