{"/home/xoulomon/Desktop/drips wave 3/Nova-Rewards/novaRewards/backend/routes/merchants.js": {"path":"/home/xoulomon/Desktop/drips wave 3/Nova-Rewards/novaRewards/backend/routes/merchants.js","statementMap":{"0":{"start":{"line":1,"column":15},"end":{"line":1,"column":42}},"1":{"start":{"line":2,"column":23},"end":{"line":2,"column":38}},"2":{"start":{"line":3,"column":18},"end":{"line":3,"column":40}},"3":{"start":{"line":4,"column":34},"end":{"line":4,"column":76}},"4":{"start":{"line":11,"column":0},"end":{"line":51,"column":3}},"5":{"start":{"line":12,"column":2},"end":{"line":50,"column":3}},"6":{"start":{"line":13,"column":54},"end":{"line":13,"column":62}},"7":{"start":{"line":15,"column":4},"end":{"line":21,"column":5}},"8":{"start":{"line":16,"column":6},"end":{"line":20,"column":9}},"9":{"start":{"line":23,"column":4},"end":{"line":29,"column":5}},"10":{"start":{"line":24,"column":6},"end":{"line":28,"column":9}},"11":{"start":{"line":31,"column":19},"end":{"line":31,"column":45}},"12":{"start":{"line":33,"column":19},"end":{"line":38,"column":5}},"13":{"start":{"line":40,"column":4},"end":{"line":40,"column":66}},"14":{"start":{"line":42,"column":4},"end":{"line":48,"column":5}},"15":{"start":{"line":43,"column":6},"end":{"line":47,"column":9}},"16":{"start":{"line":49,"column":4},"end":{"line":49,"column":14}},"17":{"start":{"line":53,"column":0},"end":{"line":53,"column":24}}},"fnMap":{"0":{"name":"(anonymous_0)","decl":{"start":{"line":11,"column":25},"end":{"line":11,"column":26}},"loc":{"start":{"line":11,"column":51},"end":{"line":51,"column":1}},"line":11}},"branchMap":{"0":{"loc":{"start":{"line":15,"column":4},"end":{"line":21,"column":5}},"type":"if","locations":[{"start":{"line":15,"column":4},"end":{"line":21,"column":5}},{"start":{},"end":{}}],"line":15},"1":{"loc":{"start":{"line":15,"column":8},"end":{"line":15,"column":63}},"type":"binary-expr","locations":[{"start":{"line":15,"column":8},"end":{"line":15,"column":13}},{"start":{"line":15,"column":17},"end":{"line":15,"column":41}},{"start":{"line":15,"column":45},"end":{"line":15,"column":63}}],"line":15},"2":{"loc":{"start":{"line":23,"column":4},"end":{"line":29,"column":5}},"type":"if","locations":[{"start":{"line":23,"column":4},"end":{"line":29,"column":5}},{"start":{},"end":{}}],"line":23},"3":{"loc":{"start":{"line":23,"column":8},"end":{"line":23,"column":63}},"type":"binary-expr","locations":[{"start":{"line":23,"column":8},"end":{"line":23,"column":22}},{"start":{"line":23,"column":26},"end":{"line":23,"column":63}}],"line":23},"4":{"loc":{"start":{"line":37,"column":35},"end":{"line":37,"column":59}},"type":"binary-expr","locations":[{"start":{"line":37,"column":35},"end":{"line":37,"column":51}},{"start":{"line":37,"column":55},"end":{"line":37,"column":59}}],"line":37},"5":{"loc":{"start":{"line":42,"column":4},"end":{"line":48,"column":5}},"type":"if","locations":[{"start":{"line":42,"column":4},"end":{"line":48,"column":5}},{"start":{},"end":{}}],"line":42}},"s":{"0":1,"1":1,"2":1,"3":1,"4":1,"5":14,"6":14,"7":14,"8":4,"9":10,"10":6,"11":4,"12":4,"13":4,"14":0,"15":0,"16":0,"17":1},"f":{"0":14},"b":{"0":[4,10],"1":[14,12,11],"2":[6,4],"3":[10,7],"4":[4,2],"5":[0,0]},"_coverageSchema":"1a1c01bbd47fc00a2c39e90264f33305004495a9","hash":"bc0d06cd1b43b83d7c8328ee87e1af9948ff42af"}
,"/home/xoulomon/Desktop/drips wave 3/Nova-Rewards/novaRewards/backend/routes/rewards.js": {"path":"/home/xoulomon/Desktop/drips wave 3/Nova-Rewards/novaRewards/backend/routes/rewards.js","statementMap":{"0":{"start":{"line":1,"column":15},"end":{"line":1,"column":42}},"1":{"start":{"line":2,"column":18},"end":{"line":2,"column":40}},"2":{"start":{"line":3,"column":47},"end":{"line":3,"column":82}},"3":{"start":{"line":4,"column":30},"end":{"line":4,"column":68}},"4":{"start":{"line":5,"column":30},"end":{"line":5,"column":69}},"5":{"start":{"line":6,"column":34},"end":{"line":6,"column":76}},"6":{"start":{"line":13,"column":17},"end":{"line":13,"column":41}},"7":{"start":{"line":14,"column":2},"end":{"line":20,"column":3}},"8":{"start":{"line":15,"column":4},"end":{"line":19,"column":7}},"9":{"start":{"line":22,"column":17},"end":{"line":25,"column":3}},"10":{"start":{"line":27,"column":2},"end":{"line":33,"column":3}},"11":{"start":{"line":28,"column":4},"end":{"line":32,"column":7}},"12":{"start":{"line":35,"column":2},"end":{"line":35,"column":32}},"13":{"start":{"line":36,"column":2},"end":{"line":36,"column":9}},"14":{"start":{"line":44,"column":0},"end":{"line":127,"column":3}},"15":{"start":{"line":45,"column":2},"end":{"line":126,"column":3}},"16":{"start":{"line":46,"column":51},"end":{"line":46,"column":59}},"17":{"start":{"line":48,"column":4},"end":{"line":54,"column":5}},"18":{"start":{"line":49,"column":6},"end":{"line":53,"column":9}},"19":{"start":{"line":56,"column":4},"end":{"line":62,"column":5}},"20":{"start":{"line":57,"column":6},"end":{"line":61,"column":9}},"21":{"start":{"line":65,"column":27},"end":{"line":65,"column":60}},"22":{"start":{"line":66,"column":4},"end":{"line":72,"column":5}},"23":{"start":{"line":67,"column":6},"end":{"line":71,"column":9}},"24":{"start":{"line":75,"column":21},"end":{"line":75,"column":56}},"25":{"start":{"line":76,"column":4},"end":{"line":82,"column":5}},"26":{"start":{"line":77,"column":6},"end":{"line":81,"column":9}},"27":{"start":{"line":84,"column":4},"end":{"line":90,"column":5}},"28":{"start":{"line":85,"column":6},"end":{"line":89,"column":9}},"29":{"start":{"line":93,"column":23},"end":{"line":96,"column":6}},"30":{"start":{"line":99,"column":15},"end":{"line":107,"column":6}},"31":{"start":{"line":109,"column":4},"end":{"line":109,"column":57}},"32":{"start":{"line":111,"column":4},"end":{"line":117,"column":5}},"33":{"start":{"line":112,"column":6},"end":{"line":116,"column":9}},"34":{"start":{"line":118,"column":4},"end":{"line":124,"column":5}},"35":{"start":{"line":119,"column":6},"end":{"line":123,"column":9}},"36":{"start":{"line":125,"column":4},"end":{"line":125,"column":14}},"37":{"start":{"line":129,"column":0},"end":{"line":129,"column":24}}},"fnMap":{"0":{"name":"merchantAuth","decl":{"start":{"line":12,"column":15},"end":{"line":12,"column":27}},"loc":{"start":{"line":12,"column":44},"end":{"line":37,"column":1}},"line":12},"1":{"name":"(anonymous_1)","decl":{"start":{"line":44,"column":41},"end":{"line":44,"column":42}},"loc":{"start":{"line":44,"column":67},"end":{"line":127,"column":1}},"line":44}},"branchMap":{"0":{"loc":{"start":{"line":14,"column":2},"end":{"line":20,"column":3}},"type":"if","locations":[{"start":{"line":14,"column":2},"end":{"line":20,"column":3}},{"start":{},"end":{}}],"line":14},"1":{"loc":{"start":{"line":27,"column":2},"end":{"line":33,"column":3}},"type":"if","locations":[{"start":{"line":27,"column":2},"end":{"line":33,"column":3}},{"start":{},"end":{}}],"line":27},"2":{"loc":{"start":{"line":48,"column":4},"end":{"line":54,"column":5}},"type":"if","locations":[{"start":{"line":48,"column":4},"end":{"line":54,"column":5}},{"start":{},"end":{}}],"line":48},"3":{"loc":{"start":{"line":48,"column":8},"end":{"line":48,"column":65}},"type":"binary-expr","locations":[{"start":{"line":48,"column":8},"end":{"line":48,"column":23}},{"start":{"line":48,"column":27},"end":{"line":48,"column":65}}],"line":48},"4":{"loc":{"start":{"line":56,"column":4},"end":{"line":62,"column":5}},"type":"if","locations":[{"start":{"line":56,"column":4},"end":{"line":62,"column":5}},{"start":{},"end":{}}],"line":56},"5":{"loc":{"start":{"line":56,"column":8},"end":{"line":56,"column":63}},"type":"binary-expr","locations":[{"start":{"line":56,"column":8},"end":{"line":56,"column":15}},{"start":{"line":56,"column":19},"end":{"line":56,"column":40}},{"start":{"line":56,"column":44},"end":{"line":56,"column":63}}],"line":56},"6":{"loc":{"start":{"line":66,"column":4},"end":{"line":72,"column":5}},"type":"if","locations":[{"start":{"line":66,"column":4},"end":{"line":72,"column":5}},{"start":{},"end":{}}],"line":66},"7":{"loc":{"start":{"line":76,"column":4},"end":{"line":82,"column":5}},"type":"if","locations":[{"start":{"line":76,"column":4},"end":{"line":82,"column":5}},{"start":{},"end":{}}],"line":76},"8":{"loc":{"start":{"line":84,"column":4},"end":{"line":90,"column":5}},"type":"if","locations":[{"start":{"line":84,"column":4},"end":{"line":90,"column":5}},{"start":{},"end":{}}],"line":84},"9":{"loc":{"start":{"line":111,"column":4},"end":{"line":117,"column":5}},"type":"if","locations":[{"start":{"line":111,"column":4},"end":{"line":117,"column":5}},{"start":{},"end":{}}],"line":111},"10":{"loc":{"start":{"line":118,"column":4},"end":{"line":124,"column":5}},"type":"if","locations":[{"start":{"line":118,"column":4},"end":{"line":124,"column":5}},{"start":{},"end":{}}],"line":118}},"s":{"0":1,"1":1,"2":1,"3":1,"4":1,"5":1,"6":50,"7":50,"8":0,"9":50,"10":50,"11":0,"12":50,"13":50,"14":1,"15":50,"16":50,"17":50,"18":0,"19":50,"20":0,"21":50,"22":50,"23":0,"24":50,"25":50,"26":50,"27":0,"28":0,"29":0,"30":0,"31":0,"32":0,"33":0,"34":0,"35":0,"36":0,"37":1},"f":{"0":50,"1":50},"b":{"0":[0,50],"1":[0,50],"2":[0,50],"3":[50,50],"4":[0,50],"5":[50,50,50],"6":[0,50],"7":[50,0],"8":[0,0],"9":[0,0],"10":[0,0]},"_coverageSchema":"1a1c01bbd47fc00a2c39e90264f33305004495a9","hash":"a217666ed9440a6a0a25dbedeb37585dcc125f91"}
}
