<?xml version="1.0" encoding="UTF-8"?>
<testsuites name="jest tests" tests="240" failures="56" errors="0" time="41.011">
  <testsuite name="FreighterError" errors="0" failures="0" skipped="0" timestamp="2026-07-20T08:48:03" time="2.961" tests="25">
    <testcase classname="FreighterError sets name, message, and code" name="FreighterError sets name, message, and code" time="0.007">
    </testcase>
    <testcase classname="isFreighterInstalled returns true when Freighter reports isConnected=true" name="isFreighterInstalled returns true when Freighter reports isConnected=true" time="0.002">
    </testcase>
    <testcase classname="isFreighterInstalled returns false when Freighter reports isConnected=false" name="isFreighterInstalled returns false when Freighter reports isConnected=false" time="0">
    </testcase>
    <testcase classname="isFreighterInstalled returns false when the SDK throws" name="isFreighterInstalled returns false when the SDK throws" time="0">
    </testcase>
    <testcase classname="getFreighterPublicKey returns the public key on success" name="getFreighterPublicKey returns the public key on success" time="0">
    </testcase>
    <testcase classname="getFreighterPublicKey throws FreighterError when SDK returns an error" name="getFreighterPublicKey throws FreighterError when SDK returns an error" time="0.036">
    </testcase>
    <testcase classname="getFreighterPublicKey throws FreighterError when the SDK throws" name="getFreighterPublicKey throws FreighterError when the SDK throws" time="0.001">
    </testcase>
    <testcase classname="getFreighterNetwork returns network info on success" name="getFreighterNetwork returns network info on success" time="0.001">
    </testcase>
    <testcase classname="getFreighterNetwork throws FreighterError when SDK returns an error" name="getFreighterNetwork throws FreighterError when SDK returns an error" time="0.001">
    </testcase>
    <testcase classname="checkNetworkMismatch returns false when Freighter network matches expected network" name="checkNetworkMismatch returns false when Freighter network matches expected network" time="0.001">
    </testcase>
    <testcase classname="checkNetworkMismatch returns true when Freighter network name differs" name="checkNetworkMismatch returns true when Freighter network name differs" time="0.001">
    </testcase>
    <testcase classname="checkNetworkMismatch returns true when Freighter passphrase differs" name="checkNetworkMismatch returns true when Freighter passphrase differs" time="0.001">
    </testcase>
    <testcase classname="checkNetworkMismatch returns false when network read fails (graceful degradation)" name="checkNetworkMismatch returns false when network read fails (graceful degradation)" time="0.001">
    </testcase>
    <testcase classname="requireCorrectNetwork resolves when network matches" name="requireCorrectNetwork resolves when network matches" time="0.001">
    </testcase>
    <testcase classname="requireCorrectNetwork throws NETWORK_MISMATCH when network differs" name="requireCorrectNetwork throws NETWORK_MISMATCH when network differs" time="0">
    </testcase>
    <testcase classname="sign returns signed XDR on success" name="sign returns signed XDR on success" time="0.003">
    </testcase>
    <testcase classname="sign throws FreighterError when user rejects" name="sign throws FreighterError when user rejects" time="0.001">
    </testcase>
    <testcase classname="sign throws FreighterError on network mismatch" name="sign throws FreighterError on network mismatch" time="0.007">
    </testcase>
    <testcase classname="signAndSubmit returns txHash on successful submission" name="signAndSubmit returns txHash on successful submission" time="0.001">
    </testcase>
    <testcase classname="signAndSubmit throws FreighterError when Horizon returns an error" name="signAndSubmit throws FreighterError when Horizon returns an error" time="0">
    </testcase>
    <testcase classname="environment helpers getNetworkPassphrase returns the testnet passphrase (set at module load)" name="environment helpers getNetworkPassphrase returns the testnet passphrase (set at module load)" time="0">
    </testcase>
    <testcase classname="environment helpers getNetworkPassphrase is a non-empty string" name="environment helpers getNetworkPassphrase is a non-empty string" time="0.001">
    </testcase>
    <testcase classname="environment helpers getExpectedNetworkName returns TESTNET for testnet env" name="environment helpers getExpectedNetworkName returns TESTNET for testnet env" time="0">
    </testcase>
    <testcase classname="environment helpers getHorizonUrl returns the default testnet URL (set at module load)" name="environment helpers getHorizonUrl returns the default testnet URL (set at module load)" time="0">
    </testcase>
    <testcase classname="environment helpers getHorizonUrl returns a valid URL string" name="environment helpers getHorizonUrl returns a valid URL string" time="0.001">
    </testcase>
  </testsuite>
  <testsuite name="StakePositionCard" errors="0" failures="1" skipped="0" timestamp="2026-07-20T08:48:06" time="1.569" tests="9">
    <testcase classname="StakePositionCard shows empty state when no stake position" name="StakePositionCard shows empty state when no stake position" time="0.041">
    </testcase>
    <testcase classname="StakePositionCard displays active stake position correctly" name="StakePositionCard displays active stake position correctly" time="0.06">
      <failure>TestingLibraryElementError: Found multiple elements with the text: /active/i

Here are the matching elements:

Ignored nodes: comments, script, style
&lt;h3
  class=&quot;type-h5 text-neutral-900 dark:text-white&quot;
&gt;
  Active Stake Position
&lt;/h3&gt;

Ignored nodes: comments, script, style
&lt;span
  class=&quot;px-3 py-1 rounded-full type-caption font-medium bg-success-100 text-success-700 dark:bg-success-900/30 dark:text-success-400&quot;
&gt;
  Active
&lt;/span&gt;

(If this is intentional, then use the `*AllBy*` variant of the query (like `queryAllByText`, `getAllByText`, or `findAllByText`)).

Ignored nodes: comments, script, style
&lt;body&gt;
  &lt;div&gt;
    &lt;div
      class=&quot;bg-gradient-to-br from-purple-50 to-indigo-50 dark:from-neutral-800 dark:to-neutral-900 rounded-xl border border-primary-200 dark:border-primary-900 p-6 shadow-lg&quot;
    &gt;
      &lt;div
        class=&quot;flex items-center justify-between mb-6&quot;
      &gt;
        &lt;h3
          class=&quot;type-h5 text-neutral-900 dark:text-white&quot;
        &gt;
          Active Stake Position
        &lt;/h3&gt;
        &lt;span
          class=&quot;px-3 py-1 rounded-full type-caption font-medium bg-success-100 text-success-700 dark:bg-success-900/30 dark:text-success-400&quot;
        &gt;
          Active
        &lt;/span&gt;
      &lt;/div&gt;
      &lt;div
        class=&quot;grid grid-cols-1 md:grid-cols-2 gap-4 mb-6&quot;
      &gt;
        &lt;div
          class=&quot;bg-white dark:bg-neutral-800 rounded-lg p-4&quot;
        &gt;
          &lt;p
            class=&quot;type-body-sm text-neutral-600 dark:text-neutral-400 mb-1&quot;
          &gt;
            Staked Amount
          &lt;/p&gt;
          &lt;p
            class=&quot;type-h3 text-neutral-900 dark:text-white&quot;
          &gt;
            1000.00
          &lt;/p&gt;
          &lt;p
            class=&quot;type-caption text-neutral-500 dark:text-neutral-400 mt-1&quot;
          &gt;
            NOVA
          &lt;/p&gt;
        &lt;/div&gt;
        &lt;div
          class=&quot;bg-white dark:bg-neutral-800 rounded-lg p-4&quot;
        &gt;
          &lt;p
            class=&quot;type-body-sm text-neutral-600 dark:text-neutral-400 mb-1&quot;
          &gt;
            Accrued Rewards
          &lt;/p&gt;
          &lt;p
            class=&quot;type-h3 text-primary-600 dark:text-primary-400&quot;
          &gt;
            +
            50.5000
          &lt;/p&gt;
          &lt;p
            class=&quot;type-caption text-neutral-500 dark:text-neutral-400 mt-1&quot;
          &gt;
            NOVA
          &lt;/p&gt;
        &lt;/div&gt;
        &lt;div
          class=&quot;bg-white dark:bg-neutral-800 rounded-lg p-4&quot;
        &gt;
          &lt;p
            class=&quot;type-body-sm text-neutral-600 dark:text-neutral-400 mb-1&quot;
          &gt;
            Total Value
          &lt;/p&gt;
          &lt;p
            class=&quot;type-h3 text-secondary-600 dark:text-secondary-400&quot;
          &gt;
            1050.50
          &lt;/p&gt;
          &lt;p
            class=&quot;type-caption text-neutral-500 dark:text-neutral-400 mt-1&quot;
          &gt;
            NOVA
          &lt;/p&gt;
        &lt;/div&gt;
        &lt;div
          class=&quot;bg-white dark:bg-neutral-800 rounded-lg p-4&quot;
        &gt;
          &lt;p
            class=&quot;type-body-sm text-neutral-600 dark:text-neutral-400 mb-1&quot;
          &gt;
            Staked Since
          &lt;/p&gt;
          &lt;p
            class=&quot;type-h5 text-neutral-900 dark:text-white&quot;
          &gt;
            12/31/2023
          &lt;/p&gt;
          &lt;p
            class=&quot;type-caption text-neutral-500 dark:text-neutral-400 mt-1&quot;
          &gt;
            931
             days ago
          &lt;/p&gt;
        &lt;/div&gt;
      &lt;/div&gt;
      &lt;div
        class=&quot;flex flex-col sm:flex-row gap-3&quot;
      &gt;
        &lt;button
          class=&quot;flex-1 px-6 py-3 bg-success-600 hover:bg-success-700 disabled:bg-neutral-400 text-white type-body-sm font-medium rounded-lg transition-colors disabled:cursor-not-allowed flex items-center justify-center focus-visible:outline-none focus-visible:ring-2 focus-visible:ring-success-500 focus-visible:ring-offset-2&quot;
        &gt;
          &lt;svg
            class=&quot;w-5 h-5 mr-2&quot;
            fill=&quot;none&quot;
            stroke=&quot;currentColor&quot;
            viewBox=&quot;0 0 24 24&quot;
          &gt;
            &lt;path
              d=&quot;M12 8c-1.657 0-3 .895-3 2s1.343 2 3 2 3 .895 3 2-1.343 2-3 2m0-8c1.11 0 2.08.402 2.599 1M12 8V7m0 1v8m0 0v1m0-1c-1.11 0-2.08-.402-2.599-1M21 12a9 9 0 11-18 0 9 9 0 0118 0z&quot;
              stroke-linecap=&quot;round&quot;
              stroke-linejoin=&quot;round&quot;
              stroke-width=&quot;2&quot;
            /&gt;
          &lt;/svg&gt;
          Claim Rewards
        &lt;/button&gt;
        &lt;button
          class=&quot;flex-1 px-6 py-3 bg-error-600 hover:bg-error-700 disabled:bg-neutral-400 text-white type-body-sm font-medium rounded-lg transition-colors disabled:cursor-not-allowed flex items-center justify-center focus-visible:outline-none focus-visible:ring-2 focus-visible:ring-error-500 focus-visible:ring-offset-2&quot;
        &gt;
          &lt;svg
            class=&quot;w-5 h-5 mr-2&quot;
            fill=&quot;none&quot;
            stroke=&quot;currentColor&quot;
            viewBox=&quot;0 0 24 24&quot;
          &gt;
            &lt;path
              d=&quot;M8 7h12m0 0l-4-4m4 4l-4 4m0 6H4m0 0l4 4m-4-4l4-4&quot;
              stroke-linecap=&quot;round&quot;
              stroke-linejoin=&quot;round&quot;
              stroke-width=&quot;2&quot;
            /&gt;
          &lt;/svg&gt;
          Unstake
        &lt;/button&gt;
      &lt;/div&gt;
    &lt;/div&gt;
  &lt;/div&gt;
&lt;/body&gt;
    at Object.getElementError (C:\Users\DELL\Desktop\fox-z-3\Nova-Rewards\novaRewards\node_modules\@testing-library\dom\dist\config.js:37:19)
    at getElementError (C:\Users\DELL\Desktop\fox-z-3\Nova-Rewards\novaRewards\node_modules\@testing-library\dom\dist\query-helpers.js:20:35)
    at getMultipleElementsFoundError (C:\Users\DELL\Desktop\fox-z-3\Nova-Rewards\novaRewards\node_modules\@testing-library\dom\dist\query-helpers.js:23:10)
    at C:\Users\DELL\Desktop\fox-z-3\Nova-Rewards\novaRewards\node_modules\@testing-library\dom\dist\query-helpers.js:55:13
    at C:\Users\DELL\Desktop\fox-z-3\Nova-Rewards\novaRewards\node_modules\@testing-library\dom\dist\query-helpers.js:95:19
    at Object.getByText (C:\Users\DELL\Desktop\fox-z-3\Nova-Rewards\novaRewards\frontend\__tests__\staking\StakePositionCard.test.js:50:19)
    at Promise.then.completed (C:\Users\DELL\Desktop\fox-z-3\Nova-Rewards\novaRewards\node_modules\jest-circus\build\utils.js:298:28)
    at new Promise (&lt;anonymous&gt;)
    at callAsyncCircusFn (C:\Users\DELL\Desktop\fox-z-3\Nova-Rewards\novaRewards\node_modules\jest-circus\build\utils.js:231:10)
    at _callCircusTest (C:\Users\DELL\Desktop\fox-z-3\Nova-Rewards\novaRewards\node_modules\jest-circus\build\run.js:316:40)
    at _runTest (C:\Users\DELL\Desktop\fox-z-3\Nova-Rewards\novaRewards\node_modules\jest-circus\build\run.js:252:3)
    at _runTestsForDescribeBlock (C:\Users\DELL\Desktop\fox-z-3\Nova-Rewards\novaRewards\node_modules\jest-circus\build\run.js:126:9)
    at _runTestsForDescribeBlock (C:\Users\DELL\Desktop\fox-z-3\Nova-Rewards\novaRewards\node_modules\jest-circus\build\run.js:121:9)
    at run (C:\Users\DELL\Desktop\fox-z-3\Nova-Rewards\novaRewards\node_modules\jest-circus\build\run.js:71:3)
    at runAndTransformResultsToJestFormat (C:\Users\DELL\Desktop\fox-z-3\Nova-Rewards\novaRewards\node_modules\jest-circus\build\legacy-code-todo-rewrite\jestAdapterInit.js:122:21)
    at jestAdapter (C:\Users\DELL\Desktop\fox-z-3\Nova-Rewards\novaRewards\node_modules\jest-circus\build\legacy-code-todo-rewrite\jestAdapter.js:79:19)
    at runTestInternal (C:\Users\DELL\Desktop\fox-z-3\Nova-Rewards\novaRewards\node_modules\jest-runner\build\runTest.js:367:16)
    at runTest (C:\Users\DELL\Desktop\fox-z-3\Nova-Rewards\novaRewards\node_modules\jest-runner\build\runTest.js:444:34)</failure>
    </testcase>
    <testcase classname="StakePositionCard shows cooldown status when in cooldown period" name="StakePositionCard shows cooldown status when in cooldown period" time="0.029">
    </testcase>
    <testcase classname="StakePositionCard calls onClaimRewards when claim button is clicked" name="StakePositionCard calls onClaimRewards when claim button is clicked" time="0.112">
    </testcase>
    <testcase classname="StakePositionCard calls onUnstake when unstake button is clicked" name="StakePositionCard calls onUnstake when unstake button is clicked" time="0.023">
    </testcase>
    <testcase classname="StakePositionCard disables claim button when no rewards" name="StakePositionCard disables claim button when no rewards" time="0.02">
    </testcase>
    <testcase classname="StakePositionCard disables buttons when loading" name="StakePositionCard disables buttons when loading" time="0.028">
    </testcase>
    <testcase classname="StakePositionCard shows ready to unstake when cooldown is complete" name="StakePositionCard shows ready to unstake when cooldown is complete" time="0.015">
    </testcase>
    <testcase classname="StakePositionCard calculates days staked correctly" name="StakePositionCard calculates days staked correctly" time="0.008">
    </testcase>
  </testsuite>
  <testsuite name="StakeForm" errors="0" failures="0" skipped="0" timestamp="2026-07-20T08:48:08" time="1.139" tests="11">
    <testcase classname="StakeForm renders stake form with all elements" name="StakeForm renders stake form with all elements" time="0.05">
    </testcase>
    <testcase classname="StakeForm allows user to input stake amount" name="StakeForm allows user to input stake amount" time="0.009">
    </testcase>
    <testcase classname="StakeForm sets max amount when MAX button is clicked" name="StakeForm sets max amount when MAX button is clicked" time="0.016">
    </testcase>
    <testcase classname="StakeForm shows error when amount exceeds balance" name="StakeForm shows error when amount exceeds balance" time="0.01">
    </testcase>
    <testcase classname="StakeForm shows error when amount is zero or negative" name="StakeForm shows error when amount is zero or negative" time="0.008">
    </testcase>
    <testcase classname="StakeForm calls onStake with correct amount when form is submitted" name="StakeForm calls onStake with correct amount when form is submitted" time="0.027">
    </testcase>
    <testcase classname="StakeForm disables form when loading" name="StakeForm disables form when loading" time="0.022">
    </testcase>
    <testcase classname="StakeForm disables form when wallet is not connected" name="StakeForm disables form when wallet is not connected" time="0.012">
    </testcase>
    <testcase classname="StakeForm clears input after successful stake" name="StakeForm clears input after successful stake" time="0.033">
    </testcase>
    <testcase classname="StakeForm shows error message when stake fails" name="StakeForm shows error message when stake fails" time="0.042">
    </testcase>
    <testcase classname="StakeForm prevents submission with invalid amount" name="StakeForm prevents submission with invalid amount" time="0.011">
    </testcase>
  </testsuite>
  <testsuite name="Select" errors="0" failures="0" skipped="0" timestamp="2026-07-20T08:48:09" time="1.455" tests="7">
    <testcase classname="Select renders all options" name="Select renders all options" time="0.028">
    </testcase>
    <testcase classname="Select renders label and associates it with the select" name="Select renders label and associates it with the select" time="0.008">
    </testcase>
    <testcase classname="Select shows error message and sets aria-invalid" name="Select shows error message and sets aria-invalid" time="0.011">
    </testcase>
    <testcase classname="Select shows helper text when no error" name="Select shows helper text when no error" time="0.007">
    </testcase>
    <testcase classname="Select does not show helper text when error is present" name="Select does not show helper text when error is present" time="0.004">
    </testcase>
    <testcase classname="Select allows selecting a different option" name="Select allows selecting a different option" time="0.115">
    </testcase>
    <testcase classname="Select has no accessibility violations" name="Select has no accessibility violations" time="0.122">
    </testcase>
  </testsuite>
  <testsuite name="Modal" errors="0" failures="0" skipped="0" timestamp="2026-07-20T08:48:10" time="1.498" tests="8">
    <testcase classname="Modal renders nothing when closed" name="Modal renders nothing when closed" time="0.01">
    </testcase>
    <testcase classname="Modal renders dialog when open" name="Modal renders dialog when open" time="0.021">
    </testcase>
    <testcase classname="Modal renders title" name="Modal renders title" time="0.008">
    </testcase>
    <testcase classname="Modal calls onClose when close button is clicked" name="Modal calls onClose when close button is clicked" time="0.066">
    </testcase>
    <testcase classname="Modal calls onClose when Escape key is pressed" name="Modal calls onClose when Escape key is pressed" time="0.048">
    </testcase>
    <testcase classname="Modal calls onClose when overlay is clicked" name="Modal calls onClose when overlay is clicked" time="0.045">
    </testcase>
    <testcase classname="Modal has aria-modal and aria-labelledby set" name="Modal has aria-modal and aria-labelledby set" time="0.015">
    </testcase>
    <testcase classname="Modal has no accessibility violations when open" name="Modal has no accessibility violations when open" time="0.103">
    </testcase>
  </testsuite>
  <testsuite name="Input" errors="0" failures="9" skipped="0" timestamp="2026-07-20T08:48:12" time="1.078" tests="9">
    <testcase classname="Input renders input element" name="Input renders input element" time="0.005">
      <failure>Error: Element type is invalid: expected a string (for built-in components) or a class/function (for composite components) but got: undefined. You likely forgot to export your component from the file it&apos;s defined in, or you might have mixed up default and named imports.
    at createFiberFromTypeAndProps (C:\Users\DELL\Desktop\fox-z-3\Nova-Rewards\novaRewards\node_modules\react-dom\cjs\react-dom-client.development.js:5021:28)
    at createFiberFromElement (C:\Users\DELL\Desktop\fox-z-3\Nova-Rewards\novaRewards\node_modules\react-dom\cjs\react-dom-client.development.js:5035:14)
    at reconcileChildFibersImpl (C:\Users\DELL\Desktop\fox-z-3\Nova-Rewards\novaRewards\node_modules\react-dom\cjs\react-dom-client.development.js:6920:31)
    at C:\Users\DELL\Desktop\fox-z-3\Nova-Rewards\novaRewards\node_modules\react-dom\cjs\react-dom-client.development.js:7098:33
    at reconcileChildren (C:\Users\DELL\Desktop\fox-z-3\Nova-Rewards\novaRewards\node_modules\react-dom\cjs\react-dom-client.development.js:9702:13)
    at beginWork (C:\Users\DELL\Desktop\fox-z-3\Nova-Rewards\novaRewards\node_modules\react-dom\cjs\react-dom-client.development.js:11899:15)
    at runWithFiberInDEV (C:\Users\DELL\Desktop\fox-z-3\Nova-Rewards\novaRewards\node_modules\react-dom\cjs\react-dom-client.development.js:874:13)
    at performUnitOfWork (C:\Users\DELL\Desktop\fox-z-3\Nova-Rewards\novaRewards\node_modules\react-dom\cjs\react-dom-client.development.js:17641:22)
    at workLoopSync (C:\Users\DELL\Desktop\fox-z-3\Nova-Rewards\novaRewards\node_modules\react-dom\cjs\react-dom-client.development.js:17469:41)
    at renderRootSync (C:\Users\DELL\Desktop\fox-z-3\Nova-Rewards\novaRewards\node_modules\react-dom\cjs\react-dom-client.development.js:17450:11)
    at performWorkOnRoot (C:\Users\DELL\Desktop\fox-z-3\Nova-Rewards\novaRewards\node_modules\react-dom\cjs\react-dom-client.development.js:16583:35)
    at performWorkOnRootViaSchedulerTask (C:\Users\DELL\Desktop\fox-z-3\Nova-Rewards\novaRewards\node_modules\react-dom\cjs\react-dom-client.development.js:18957:7)
    at flushActQueue (C:\Users\DELL\Desktop\fox-z-3\Nova-Rewards\novaRewards\node_modules\react\cjs\react.development.js:590:34)
    at Object.&lt;anonymous&gt;.process.env.NODE_ENV.exports.act (C:\Users\DELL\Desktop\fox-z-3\Nova-Rewards\novaRewards\node_modules\react\cjs\react.development.js:884:10)
    at C:\Users\DELL\Desktop\fox-z-3\Nova-Rewards\novaRewards\node_modules\@testing-library\react\dist\act-compat.js:46:25
    at renderRoot (C:\Users\DELL\Desktop\fox-z-3\Nova-Rewards\novaRewards\node_modules\@testing-library\react\dist\pure.js:189:26)
    at render (C:\Users\DELL\Desktop\fox-z-3\Nova-Rewards\novaRewards\node_modules\@testing-library\react\dist\pure.js:291:10)
    at Object.&lt;anonymous&gt; (C:\Users\DELL\Desktop\fox-z-3\Nova-Rewards\novaRewards\frontend\components\ui\Input.test.jsx:9:11)
    at Promise.then.completed (C:\Users\DELL\Desktop\fox-z-3\Nova-Rewards\novaRewards\node_modules\jest-circus\build\utils.js:298:28)
    at new Promise (&lt;anonymous&gt;)
    at callAsyncCircusFn (C:\Users\DELL\Desktop\fox-z-3\Nova-Rewards\novaRewards\node_modules\jest-circus\build\utils.js:231:10)
    at _callCircusTest (C:\Users\DELL\Desktop\fox-z-3\Nova-Rewards\novaRewards\node_modules\jest-circus\build\run.js:316:40)
    at _runTest (C:\Users\DELL\Desktop\fox-z-3\Nova-Rewards\novaRewards\node_modules\jest-circus\build\run.js:252:3)
    at _runTestsForDescribeBlock (C:\Users\DELL\Desktop\fox-z-3\Nova-Rewards\novaRewards\node_modules\jest-circus\build\run.js:126:9)
    at _runTestsForDescribeBlock (C:\Users\DELL\Desktop\fox-z-3\Nova-Rewards\novaRewards\node_modules\jest-circus\build\run.js:121:9)
    at run (C:\Users\DELL\Desktop\fox-z-3\Nova-Rewards\novaRewards\node_modules\jest-circus\build\run.js:71:3)
    at runAndTransformResultsToJestFormat (C:\Users\DELL\Desktop\fox-z-3\Nova-Rewards\novaRewards\node_modules\jest-circus\build\legacy-code-todo-rewrite\jestAdapterInit.js:122:21)
    at jestAdapter (C:\Users\DELL\Desktop\fox-z-3\Nova-Rewards\novaRewards\node_modules\jest-circus\build\legacy-code-todo-rewrite\jestAdapter.js:79:19)
    at runTestInternal (C:\Users\DELL\Desktop\fox-z-3\Nova-Rewards\novaRewards\node_modules\jest-runner\build\runTest.js:367:16)
    at runTest (C:\Users\DELL\Desktop\fox-z-3\Nova-Rewards\novaRewards\node_modules\jest-runner\build\runTest.js:444:34)</failure>
    </testcase>
    <testcase classname="Input renders label and associates it with input" name="Input renders label and associates it with input" time="0.003">
      <failure>Error: Element type is invalid: expected a string (for built-in components) or a class/function (for composite components) but got: undefined. You likely forgot to export your component from the file it&apos;s defined in, or you might have mixed up default and named imports.
    at createFiberFromTypeAndProps (C:\Users\DELL\Desktop\fox-z-3\Nova-Rewards\novaRewards\node_modules\react-dom\cjs\react-dom-client.development.js:5021:28)
    at createFiberFromElement (C:\Users\DELL\Desktop\fox-z-3\Nova-Rewards\novaRewards\node_modules\react-dom\cjs\react-dom-client.development.js:5035:14)
    at reconcileChildFibersImpl (C:\Users\DELL\Desktop\fox-z-3\Nova-Rewards\novaRewards\node_modules\react-dom\cjs\react-dom-client.development.js:6920:31)
    at C:\Users\DELL\Desktop\fox-z-3\Nova-Rewards\novaRewards\node_modules\react-dom\cjs\react-dom-client.development.js:7098:33
    at reconcileChildren (C:\Users\DELL\Desktop\fox-z-3\Nova-Rewards\novaRewards\node_modules\react-dom\cjs\react-dom-client.development.js:9702:13)
    at beginWork (C:\Users\DELL\Desktop\fox-z-3\Nova-Rewards\novaRewards\node_modules\react-dom\cjs\react-dom-client.development.js:11899:15)
    at runWithFiberInDEV (C:\Users\DELL\Desktop\fox-z-3\Nova-Rewards\novaRewards\node_modules\react-dom\cjs\react-dom-client.development.js:874:13)
    at performUnitOfWork (C:\Users\DELL\Desktop\fox-z-3\Nova-Rewards\novaRewards\node_modules\react-dom\cjs\react-dom-client.development.js:17641:22)
    at workLoopSync (C:\Users\DELL\Desktop\fox-z-3\Nova-Rewards\novaRewards\node_modules\react-dom\cjs\react-dom-client.development.js:17469:41)
    at renderRootSync (C:\Users\DELL\Desktop\fox-z-3\Nova-Rewards\novaRewards\node_modules\react-dom\cjs\react-dom-client.development.js:17450:11)
    at performWorkOnRoot (C:\Users\DELL\Desktop\fox-z-3\Nova-Rewards\novaRewards\node_modules\react-dom\cjs\react-dom-client.development.js:16583:35)
    at performWorkOnRootViaSchedulerTask (C:\Users\DELL\Desktop\fox-z-3\Nova-Rewards\novaRewards\node_modules\react-dom\cjs\react-dom-client.development.js:18957:7)
    at flushActQueue (C:\Users\DELL\Desktop\fox-z-3\Nova-Rewards\novaRewards\node_modules\react\cjs\react.development.js:590:34)
    at Object.&lt;anonymous&gt;.process.env.NODE_ENV.exports.act (C:\Users\DELL\Desktop\fox-z-3\Nova-Rewards\novaRewards\node_modules\react\cjs\react.development.js:884:10)
    at C:\Users\DELL\Desktop\fox-z-3\Nova-Rewards\novaRewards\node_modules\@testing-library\react\dist\act-compat.js:46:25
    at renderRoot (C:\Users\DELL\Desktop\fox-z-3\Nova-Rewards\novaRewards\node_modules\@testing-library\react\dist\pure.js:189:26)
    at render (C:\Users\DELL\Desktop\fox-z-3\Nova-Rewards\novaRewards\node_modules\@testing-library\react\dist\pure.js:291:10)
    at Object.&lt;anonymous&gt; (C:\Users\DELL\Desktop\fox-z-3\Nova-Rewards\novaRewards\frontend\components\ui\Input.test.jsx:14:11)
    at Promise.then.completed (C:\Users\DELL\Desktop\fox-z-3\Nova-Rewards\novaRewards\node_modules\jest-circus\build\utils.js:298:28)
    at new Promise (&lt;anonymous&gt;)
    at callAsyncCircusFn (C:\Users\DELL\Desktop\fox-z-3\Nova-Rewards\novaRewards\node_modules\jest-circus\build\utils.js:231:10)
    at _callCircusTest (C:\Users\DELL\Desktop\fox-z-3\Nova-Rewards\novaRewards\node_modules\jest-circus\build\run.js:316:40)
    at _runTest (C:\Users\DELL\Desktop\fox-z-3\Nova-Rewards\novaRewards\node_modules\jest-circus\build\run.js:252:3)
    at _runTestsForDescribeBlock (C:\Users\DELL\Desktop\fox-z-3\Nova-Rewards\novaRewards\node_modules\jest-circus\build\run.js:126:9)
    at _runTestsForDescribeBlock (C:\Users\DELL\Desktop\fox-z-3\Nova-Rewards\novaRewards\node_modules\jest-circus\build\run.js:121:9)
    at run (C:\Users\DELL\Desktop\fox-z-3\Nova-Rewards\novaRewards\node_modules\jest-circus\build\run.js:71:3)
    at runAndTransformResultsToJestFormat (C:\Users\DELL\Desktop\fox-z-3\Nova-Rewards\novaRewards\node_modules\jest-circus\build\legacy-code-todo-rewrite\jestAdapterInit.js:122:21)
    at jestAdapter (C:\Users\DELL\Desktop\fox-z-3\Nova-Rewards\novaRewards\node_modules\jest-circus\build\legacy-code-todo-rewrite\jestAdapter.js:79:19)
    at runTestInternal (C:\Users\DELL\Desktop\fox-z-3\Nova-Rewards\novaRewards\node_modules\jest-runner\build\runTest.js:367:16)
    at runTest (C:\Users\DELL\Desktop\fox-z-3\Nova-Rewards\novaRewards\node_modules\jest-runner\build\runTest.js:444:34)</failure>
    </testcase>
    <testcase classname="Input shows error message with role=&quot;alert&quot;" name="Input shows error message with role=&quot;alert&quot;" time="0.001">
      <failure>Error: Element type is invalid: expected a string (for built-in components) or a class/function (for composite components) but got: undefined. You likely forgot to export your component from the file it&apos;s defined in, or you might have mixed up default and named imports.
    at createFiberFromTypeAndProps (C:\Users\DELL\Desktop\fox-z-3\Nova-Rewards\novaRewards\node_modules\react-dom\cjs\react-dom-client.development.js:5021:28)
    at createFiberFromElement (C:\Users\DELL\Desktop\fox-z-3\Nova-Rewards\novaRewards\node_modules\react-dom\cjs\react-dom-client.development.js:5035:14)
    at reconcileChildFibersImpl (C:\Users\DELL\Desktop\fox-z-3\Nova-Rewards\novaRewards\node_modules\react-dom\cjs\react-dom-client.development.js:6920:31)
    at C:\Users\DELL\Desktop\fox-z-3\Nova-Rewards\novaRewards\node_modules\react-dom\cjs\react-dom-client.development.js:7098:33
    at reconcileChildren (C:\Users\DELL\Desktop\fox-z-3\Nova-Rewards\novaRewards\node_modules\react-dom\cjs\react-dom-client.development.js:9702:13)
    at beginWork (C:\Users\DELL\Desktop\fox-z-3\Nova-Rewards\novaRewards\node_modules\react-dom\cjs\react-dom-client.development.js:11899:15)
    at runWithFiberInDEV (C:\Users\DELL\Desktop\fox-z-3\Nova-Rewards\novaRewards\node_modules\react-dom\cjs\react-dom-client.development.js:874:13)
    at performUnitOfWork (C:\Users\DELL\Desktop\fox-z-3\Nova-Rewards\novaRewards\node_modules\react-dom\cjs\react-dom-client.development.js:17641:22)
    at workLoopSync (C:\Users\DELL\Desktop\fox-z-3\Nova-Rewards\novaRewards\node_modules\react-dom\cjs\react-dom-client.development.js:17469:41)
    at renderRootSync (C:\Users\DELL\Desktop\fox-z-3\Nova-Rewards\novaRewards\node_modules\react-dom\cjs\react-dom-client.development.js:17450:11)
    at performWorkOnRoot (C:\Users\DELL\Desktop\fox-z-3\Nova-Rewards\novaRewards\node_modules\react-dom\cjs\react-dom-client.development.js:16583:35)
    at performWorkOnRootViaSchedulerTask (C:\Users\DELL\Desktop\fox-z-3\Nova-Rewards\novaRewards\node_modules\react-dom\cjs\react-dom-client.development.js:18957:7)
    at flushActQueue (C:\Users\DELL\Desktop\fox-z-3\Nova-Rewards\novaRewards\node_modules\react\cjs\react.development.js:590:34)
    at Object.&lt;anonymous&gt;.process.env.NODE_ENV.exports.act (C:\Users\DELL\Desktop\fox-z-3\Nova-Rewards\novaRewards\node_modules\react\cjs\react.development.js:884:10)
    at C:\Users\DELL\Desktop\fox-z-3\Nova-Rewards\novaRewards\node_modules\@testing-library\react\dist\act-compat.js:46:25
    at renderRoot (C:\Users\DELL\Desktop\fox-z-3\Nova-Rewards\novaRewards\node_modules\@testing-library\react\dist\pure.js:189:26)
    at render (C:\Users\DELL\Desktop\fox-z-3\Nova-Rewards\novaRewards\node_modules\@testing-library\react\dist\pure.js:291:10)
    at Object.&lt;anonymous&gt; (C:\Users\DELL\Desktop\fox-z-3\Nova-Rewards\novaRewards\frontend\components\ui\Input.test.jsx:19:11)
    at Promise.then.completed (C:\Users\DELL\Desktop\fox-z-3\Nova-Rewards\novaRewards\node_modules\jest-circus\build\utils.js:298:28)
    at new Promise (&lt;anonymous&gt;)
    at callAsyncCircusFn (C:\Users\DELL\Desktop\fox-z-3\Nova-Rewards\novaRewards\node_modules\jest-circus\build\utils.js:231:10)
    at _callCircusTest (C:\Users\DELL\Desktop\fox-z-3\Nova-Rewards\novaRewards\node_modules\jest-circus\build\run.js:316:40)
    at _runTest (C:\Users\DELL\Desktop\fox-z-3\Nova-Rewards\novaRewards\node_modules\jest-circus\build\run.js:252:3)
    at _runTestsForDescribeBlock (C:\Users\DELL\Desktop\fox-z-3\Nova-Rewards\novaRewards\node_modules\jest-circus\build\run.js:126:9)
    at _runTestsForDescribeBlock (C:\Users\DELL\Desktop\fox-z-3\Nova-Rewards\novaRewards\node_modules\jest-circus\build\run.js:121:9)
    at run (C:\Users\DELL\Desktop\fox-z-3\Nova-Rewards\novaRewards\node_modules\jest-circus\build\run.js:71:3)
    at runAndTransformResultsToJestFormat (C:\Users\DELL\Desktop\fox-z-3\Nova-Rewards\novaRewards\node_modules\jest-circus\build\legacy-code-todo-rewrite\jestAdapterInit.js:122:21)
    at jestAdapter (C:\Users\DELL\Desktop\fox-z-3\Nova-Rewards\novaRewards\node_modules\jest-circus\build\legacy-code-todo-rewrite\jestAdapter.js:79:19)
    at runTestInternal (C:\Users\DELL\Desktop\fox-z-3\Nova-Rewards\novaRewards\node_modules\jest-runner\build\runTest.js:367:16)
    at runTest (C:\Users\DELL\Desktop\fox-z-3\Nova-Rewards\novaRewards\node_modules\jest-runner\build\runTest.js:444:34)</failure>
    </testcase>
    <testcase classname="Input sets aria-invalid when error is present" name="Input sets aria-invalid when error is present" time="0.002">
      <failure>Error: Element type is invalid: expected a string (for built-in components) or a class/function (for composite components) but got: undefined. You likely forgot to export your component from the file it&apos;s defined in, or you might have mixed up default and named imports.
    at createFiberFromTypeAndProps (C:\Users\DELL\Desktop\fox-z-3\Nova-Rewards\novaRewards\node_modules\react-dom\cjs\react-dom-client.development.js:5021:28)
    at createFiberFromElement (C:\Users\DELL\Desktop\fox-z-3\Nova-Rewards\novaRewards\node_modules\react-dom\cjs\react-dom-client.development.js:5035:14)
    at reconcileChildFibersImpl (C:\Users\DELL\Desktop\fox-z-3\Nova-Rewards\novaRewards\node_modules\react-dom\cjs\react-dom-client.development.js:6920:31)
    at C:\Users\DELL\Desktop\fox-z-3\Nova-Rewards\novaRewards\node_modules\react-dom\cjs\react-dom-client.development.js:7098:33
    at reconcileChildren (C:\Users\DELL\Desktop\fox-z-3\Nova-Rewards\novaRewards\node_modules\react-dom\cjs\react-dom-client.development.js:9702:13)
    at beginWork (C:\Users\DELL\Desktop\fox-z-3\Nova-Rewards\novaRewards\node_modules\react-dom\cjs\react-dom-client.development.js:11899:15)
    at runWithFiberInDEV (C:\Users\DELL\Desktop\fox-z-3\Nova-Rewards\novaRewards\node_modules\react-dom\cjs\react-dom-client.development.js:874:13)
    at performUnitOfWork (C:\Users\DELL\Desktop\fox-z-3\Nova-Rewards\novaRewards\node_modules\react-dom\cjs\react-dom-client.development.js:17641:22)
    at workLoopSync (C:\Users\DELL\Desktop\fox-z-3\Nova-Rewards\novaRewards\node_modules\react-dom\cjs\react-dom-client.development.js:17469:41)
    at renderRootSync (C:\Users\DELL\Desktop\fox-z-3\Nova-Rewards\novaRewards\node_modules\react-dom\cjs\react-dom-client.development.js:17450:11)
    at performWorkOnRoot (C:\Users\DELL\Desktop\fox-z-3\Nova-Rewards\novaRewards\node_modules\react-dom\cjs\react-dom-client.development.js:16583:35)
    at performWorkOnRootViaSchedulerTask (C:\Users\DELL\Desktop\fox-z-3\Nova-Rewards\novaRewards\node_modules\react-dom\cjs\react-dom-client.development.js:18957:7)
    at flushActQueue (C:\Users\DELL\Desktop\fox-z-3\Nova-Rewards\novaRewards\node_modules\react\cjs\react.development.js:590:34)
    at Object.&lt;anonymous&gt;.process.env.NODE_ENV.exports.act (C:\Users\DELL\Desktop\fox-z-3\Nova-Rewards\novaRewards\node_modules\react\cjs\react.development.js:884:10)
    at C:\Users\DELL\Desktop\fox-z-3\Nova-Rewards\novaRewards\node_modules\@testing-library\react\dist\act-compat.js:46:25
    at renderRoot (C:\Users\DELL\Desktop\fox-z-3\Nova-Rewards\novaRewards\node_modules\@testing-library\react\dist\pure.js:189:26)
    at render (C:\Users\DELL\Desktop\fox-z-3\Nova-Rewards\novaRewards\node_modules\@testing-library\react\dist\pure.js:291:10)
    at Object.&lt;anonymous&gt; (C:\Users\DELL\Desktop\fox-z-3\Nova-Rewards\novaRewards\frontend\components\ui\Input.test.jsx:24:11)
    at Promise.then.completed (C:\Users\DELL\Desktop\fox-z-3\Nova-Rewards\novaRewards\node_modules\jest-circus\build\utils.js:298:28)
    at new Promise (&lt;anonymous&gt;)
    at callAsyncCircusFn (C:\Users\DELL\Desktop\fox-z-3\Nova-Rewards\novaRewards\node_modules\jest-circus\build\utils.js:231:10)
    at _callCircusTest (C:\Users\DELL\Desktop\fox-z-3\Nova-Rewards\novaRewards\node_modules\jest-circus\build\run.js:316:40)
    at _runTest (C:\Users\DELL\Desktop\fox-z-3\Nova-Rewards\novaRewards\node_modules\jest-circus\build\run.js:252:3)
    at _runTestsForDescribeBlock (C:\Users\DELL\Desktop\fox-z-3\Nova-Rewards\novaRewards\node_modules\jest-circus\build\run.js:126:9)
    at _runTestsForDescribeBlock (C:\Users\DELL\Desktop\fox-z-3\Nova-Rewards\novaRewards\node_modules\jest-circus\build\run.js:121:9)
    at run (C:\Users\DELL\Desktop\fox-z-3\Nova-Rewards\novaRewards\node_modules\jest-circus\build\run.js:71:3)
    at runAndTransformResultsToJestFormat (C:\Users\DELL\Desktop\fox-z-3\Nova-Rewards\novaRewards\node_modules\jest-circus\build\legacy-code-todo-rewrite\jestAdapterInit.js:122:21)
    at jestAdapter (C:\Users\DELL\Desktop\fox-z-3\Nova-Rewards\novaRewards\node_modules\jest-circus\build\legacy-code-todo-rewrite\jestAdapter.js:79:19)
    at runTestInternal (C:\Users\DELL\Desktop\fox-z-3\Nova-Rewards\novaRewards\node_modules\jest-runner\build\runTest.js:367:16)
    at runTest (C:\Users\DELL\Desktop\fox-z-3\Nova-Rewards\novaRewards\node_modules\jest-runner\build\runTest.js:444:34)</failure>
    </testcase>
    <testcase classname="Input applies error border class when error is present" name="Input applies error border class when error is present" time="0.001">
      <failure>Error: Element type is invalid: expected a string (for built-in components) or a class/function (for composite components) but got: undefined. You likely forgot to export your component from the file it&apos;s defined in, or you might have mixed up default and named imports.
    at createFiberFromTypeAndProps (C:\Users\DELL\Desktop\fox-z-3\Nova-Rewards\novaRewards\node_modules\react-dom\cjs\react-dom-client.development.js:5021:28)
    at createFiberFromElement (C:\Users\DELL\Desktop\fox-z-3\Nova-Rewards\novaRewards\node_modules\react-dom\cjs\react-dom-client.development.js:5035:14)
    at reconcileChildFibersImpl (C:\Users\DELL\Desktop\fox-z-3\Nova-Rewards\novaRewards\node_modules\react-dom\cjs\react-dom-client.development.js:6920:31)
    at C:\Users\DELL\Desktop\fox-z-3\Nova-Rewards\novaRewards\node_modules\react-dom\cjs\react-dom-client.development.js:7098:33
    at reconcileChildren (C:\Users\DELL\Desktop\fox-z-3\Nova-Rewards\novaRewards\node_modules\react-dom\cjs\react-dom-client.development.js:9702:13)
    at beginWork (C:\Users\DELL\Desktop\fox-z-3\Nova-Rewards\novaRewards\node_modules\react-dom\cjs\react-dom-client.development.js:11899:15)
    at runWithFiberInDEV (C:\Users\DELL\Desktop\fox-z-3\Nova-Rewards\novaRewards\node_modules\react-dom\cjs\react-dom-client.development.js:874:13)
    at performUnitOfWork (C:\Users\DELL\Desktop\fox-z-3\Nova-Rewards\novaRewards\node_modules\react-dom\cjs\react-dom-client.development.js:17641:22)
    at workLoopSync (C:\Users\DELL\Desktop\fox-z-3\Nova-Rewards\novaRewards\node_modules\react-dom\cjs\react-dom-client.development.js:17469:41)
    at renderRootSync (C:\Users\DELL\Desktop\fox-z-3\Nova-Rewards\novaRewards\node_modules\react-dom\cjs\react-dom-client.development.js:17450:11)
    at performWorkOnRoot (C:\Users\DELL\Desktop\fox-z-3\Nova-Rewards\novaRewards\node_modules\react-dom\cjs\react-dom-client.development.js:16583:35)
    at performWorkOnRootViaSchedulerTask (C:\Users\DELL\Desktop\fox-z-3\Nova-Rewards\novaRewards\node_modules\react-dom\cjs\react-dom-client.development.js:18957:7)
    at flushActQueue (C:\Users\DELL\Desktop\fox-z-3\Nova-Rewards\novaRewards\node_modules\react\cjs\react.development.js:590:34)
    at Object.&lt;anonymous&gt;.process.env.NODE_ENV.exports.act (C:\Users\DELL\Desktop\fox-z-3\Nova-Rewards\novaRewards\node_modules\react\cjs\react.development.js:884:10)
    at C:\Users\DELL\Desktop\fox-z-3\Nova-Rewards\novaRewards\node_modules\@testing-library\react\dist\act-compat.js:46:25
    at renderRoot (C:\Users\DELL\Desktop\fox-z-3\Nova-Rewards\novaRewards\node_modules\@testing-library\react\dist\pure.js:189:26)
    at render (C:\Users\DELL\Desktop\fox-z-3\Nova-Rewards\novaRewards\node_modules\@testing-library\react\dist\pure.js:291:10)
    at Object.&lt;anonymous&gt; (C:\Users\DELL\Desktop\fox-z-3\Nova-Rewards\novaRewards\frontend\components\ui\Input.test.jsx:29:11)
    at Promise.then.completed (C:\Users\DELL\Desktop\fox-z-3\Nova-Rewards\novaRewards\node_modules\jest-circus\build\utils.js:298:28)
    at new Promise (&lt;anonymous&gt;)
    at callAsyncCircusFn (C:\Users\DELL\Desktop\fox-z-3\Nova-Rewards\novaRewards\node_modules\jest-circus\build\utils.js:231:10)
    at _callCircusTest (C:\Users\DELL\Desktop\fox-z-3\Nova-Rewards\novaRewards\node_modules\jest-circus\build\run.js:316:40)
    at _runTest (C:\Users\DELL\Desktop\fox-z-3\Nova-Rewards\novaRewards\node_modules\jest-circus\build\run.js:252:3)
    at _runTestsForDescribeBlock (C:\Users\DELL\Desktop\fox-z-3\Nova-Rewards\novaRewards\node_modules\jest-circus\build\run.js:126:9)
    at _runTestsForDescribeBlock (C:\Users\DELL\Desktop\fox-z-3\Nova-Rewards\novaRewards\node_modules\jest-circus\build\run.js:121:9)
    at run (C:\Users\DELL\Desktop\fox-z-3\Nova-Rewards\novaRewards\node_modules\jest-circus\build\run.js:71:3)
    at runAndTransformResultsToJestFormat (C:\Users\DELL\Desktop\fox-z-3\Nova-Rewards\novaRewards\node_modules\jest-circus\build\legacy-code-todo-rewrite\jestAdapterInit.js:122:21)
    at jestAdapter (C:\Users\DELL\Desktop\fox-z-3\Nova-Rewards\novaRewards\node_modules\jest-circus\build\legacy-code-todo-rewrite\jestAdapter.js:79:19)
    at runTestInternal (C:\Users\DELL\Desktop\fox-z-3\Nova-Rewards\novaRewards\node_modules\jest-runner\build\runTest.js:367:16)
    at runTest (C:\Users\DELL\Desktop\fox-z-3\Nova-Rewards\novaRewards\node_modules\jest-runner\build\runTest.js:444:34)</failure>
    </testcase>
    <testcase classname="Input is disabled when disabled prop is passed" name="Input is disabled when disabled prop is passed" time="0.002">
      <failure>Error: Element type is invalid: expected a string (for built-in components) or a class/function (for composite components) but got: undefined. You likely forgot to export your component from the file it&apos;s defined in, or you might have mixed up default and named imports.
    at createFiberFromTypeAndProps (C:\Users\DELL\Desktop\fox-z-3\Nova-Rewards\novaRewards\node_modules\react-dom\cjs\react-dom-client.development.js:5021:28)
    at createFiberFromElement (C:\Users\DELL\Desktop\fox-z-3\Nova-Rewards\novaRewards\node_modules\react-dom\cjs\react-dom-client.development.js:5035:14)
    at reconcileChildFibersImpl (C:\Users\DELL\Desktop\fox-z-3\Nova-Rewards\novaRewards\node_modules\react-dom\cjs\react-dom-client.development.js:6920:31)
    at C:\Users\DELL\Desktop\fox-z-3\Nova-Rewards\novaRewards\node_modules\react-dom\cjs\react-dom-client.development.js:7098:33
    at reconcileChildren (C:\Users\DELL\Desktop\fox-z-3\Nova-Rewards\novaRewards\node_modules\react-dom\cjs\react-dom-client.development.js:9702:13)
    at beginWork (C:\Users\DELL\Desktop\fox-z-3\Nova-Rewards\novaRewards\node_modules\react-dom\cjs\react-dom-client.development.js:11899:15)
    at runWithFiberInDEV (C:\Users\DELL\Desktop\fox-z-3\Nova-Rewards\novaRewards\node_modules\react-dom\cjs\react-dom-client.development.js:874:13)
    at performUnitOfWork (C:\Users\DELL\Desktop\fox-z-3\Nova-Rewards\novaRewards\node_modules\react-dom\cjs\react-dom-client.development.js:17641:22)
    at workLoopSync (C:\Users\DELL\Desktop\fox-z-3\Nova-Rewards\novaRewards\node_modules\react-dom\cjs\react-dom-client.development.js:17469:41)
    at renderRootSync (C:\Users\DELL\Desktop\fox-z-3\Nova-Rewards\novaRewards\node_modules\react-dom\cjs\react-dom-client.development.js:17450:11)
    at performWorkOnRoot (C:\Users\DELL\Desktop\fox-z-3\Nova-Rewards\novaRewards\node_modules\react-dom\cjs\react-dom-client.development.js:16583:35)
    at performWorkOnRootViaSchedulerTask (C:\Users\DELL\Desktop\fox-z-3\Nova-Rewards\novaRewards\node_modules\react-dom\cjs\react-dom-client.development.js:18957:7)
    at flushActQueue (C:\Users\DELL\Desktop\fox-z-3\Nova-Rewards\novaRewards\node_modules\react\cjs\react.development.js:590:34)
    at Object.&lt;anonymous&gt;.process.env.NODE_ENV.exports.act (C:\Users\DELL\Desktop\fox-z-3\Nova-Rewards\novaRewards\node_modules\react\cjs\react.development.js:884:10)
    at C:\Users\DELL\Desktop\fox-z-3\Nova-Rewards\novaRewards\node_modules\@testing-library\react\dist\act-compat.js:46:25
    at renderRoot (C:\Users\DELL\Desktop\fox-z-3\Nova-Rewards\novaRewards\node_modules\@testing-library\react\dist\pure.js:189:26)
    at render (C:\Users\DELL\Desktop\fox-z-3\Nova-Rewards\novaRewards\node_modules\@testing-library\react\dist\pure.js:291:10)
    at Object.&lt;anonymous&gt; (C:\Users\DELL\Desktop\fox-z-3\Nova-Rewards\novaRewards\frontend\components\ui\Input.test.jsx:34:11)
    at Promise.then.completed (C:\Users\DELL\Desktop\fox-z-3\Nova-Rewards\novaRewards\node_modules\jest-circus\build\utils.js:298:28)
    at new Promise (&lt;anonymous&gt;)
    at callAsyncCircusFn (C:\Users\DELL\Desktop\fox-z-3\Nova-Rewards\novaRewards\node_modules\jest-circus\build\utils.js:231:10)
    at _callCircusTest (C:\Users\DELL\Desktop\fox-z-3\Nova-Rewards\novaRewards\node_modules\jest-circus\build\run.js:316:40)
    at _runTest (C:\Users\DELL\Desktop\fox-z-3\Nova-Rewards\novaRewards\node_modules\jest-circus\build\run.js:252:3)
    at _runTestsForDescribeBlock (C:\Users\DELL\Desktop\fox-z-3\Nova-Rewards\novaRewards\node_modules\jest-circus\build\run.js:126:9)
    at _runTestsForDescribeBlock (C:\Users\DELL\Desktop\fox-z-3\Nova-Rewards\novaRewards\node_modules\jest-circus\build\run.js:121:9)
    at run (C:\Users\DELL\Desktop\fox-z-3\Nova-Rewards\novaRewards\node_modules\jest-circus\build\run.js:71:3)
    at runAndTransformResultsToJestFormat (C:\Users\DELL\Desktop\fox-z-3\Nova-Rewards\novaRewards\node_modules\jest-circus\build\legacy-code-todo-rewrite\jestAdapterInit.js:122:21)
    at jestAdapter (C:\Users\DELL\Desktop\fox-z-3\Nova-Rewards\novaRewards\node_modules\jest-circus\build\legacy-code-todo-rewrite\jestAdapter.js:79:19)
    at runTestInternal (C:\Users\DELL\Desktop\fox-z-3\Nova-Rewards\novaRewards\node_modules\jest-runner\build\runTest.js:367:16)
    at runTest (C:\Users\DELL\Desktop\fox-z-3\Nova-Rewards\novaRewards\node_modules\jest-runner\build\runTest.js:444:34)</failure>
    </testcase>
    <testcase classname="Input accepts typed input" name="Input accepts typed input" time="0.002">
      <failure>Error: Element type is invalid: expected a string (for built-in components) or a class/function (for composite components) but got: undefined. You likely forgot to export your component from the file it&apos;s defined in, or you might have mixed up default and named imports.
    at createFiberFromTypeAndProps (C:\Users\DELL\Desktop\fox-z-3\Nova-Rewards\novaRewards\node_modules\react-dom\cjs\react-dom-client.development.js:5021:28)
    at createFiberFromElement (C:\Users\DELL\Desktop\fox-z-3\Nova-Rewards\novaRewards\node_modules\react-dom\cjs\react-dom-client.development.js:5035:14)
    at reconcileChildFibersImpl (C:\Users\DELL\Desktop\fox-z-3\Nova-Rewards\novaRewards\node_modules\react-dom\cjs\react-dom-client.development.js:6920:31)
    at C:\Users\DELL\Desktop\fox-z-3\Nova-Rewards\novaRewards\node_modules\react-dom\cjs\react-dom-client.development.js:7098:33
    at reconcileChildren (C:\Users\DELL\Desktop\fox-z-3\Nova-Rewards\novaRewards\node_modules\react-dom\cjs\react-dom-client.development.js:9702:13)
    at beginWork (C:\Users\DELL\Desktop\fox-z-3\Nova-Rewards\novaRewards\node_modules\react-dom\cjs\react-dom-client.development.js:11899:15)
    at runWithFiberInDEV (C:\Users\DELL\Desktop\fox-z-3\Nova-Rewards\novaRewards\node_modules\react-dom\cjs\react-dom-client.development.js:874:13)
    at performUnitOfWork (C:\Users\DELL\Desktop\fox-z-3\Nova-Rewards\novaRewards\node_modules\react-dom\cjs\react-dom-client.development.js:17641:22)
    at workLoopSync (C:\Users\DELL\Desktop\fox-z-3\Nova-Rewards\novaRewards\node_modules\react-dom\cjs\react-dom-client.development.js:17469:41)
    at renderRootSync (C:\Users\DELL\Desktop\fox-z-3\Nova-Rewards\novaRewards\node_modules\react-dom\cjs\react-dom-client.development.js:17450:11)
    at performWorkOnRoot (C:\Users\DELL\Desktop\fox-z-3\Nova-Rewards\novaRewards\node_modules\react-dom\cjs\react-dom-client.development.js:16583:35)
    at performWorkOnRootViaSchedulerTask (C:\Users\DELL\Desktop\fox-z-3\Nova-Rewards\novaRewards\node_modules\react-dom\cjs\react-dom-client.development.js:18957:7)
    at flushActQueue (C:\Users\DELL\Desktop\fox-z-3\Nova-Rewards\novaRewards\node_modules\react\cjs\react.development.js:590:34)
    at Object.&lt;anonymous&gt;.process.env.NODE_ENV.exports.act (C:\Users\DELL\Desktop\fox-z-3\Nova-Rewards\novaRewards\node_modules\react\cjs\react.development.js:884:10)
    at C:\Users\DELL\Desktop\fox-z-3\Nova-Rewards\novaRewards\node_modules\@testing-library\react\dist\act-compat.js:46:25
    at renderRoot (C:\Users\DELL\Desktop\fox-z-3\Nova-Rewards\novaRewards\node_modules\@testing-library\react\dist\pure.js:189:26)
    at render (C:\Users\DELL\Desktop\fox-z-3\Nova-Rewards\novaRewards\node_modules\@testing-library\react\dist\pure.js:291:10)
    at Object.&lt;anonymous&gt; (C:\Users\DELL\Desktop\fox-z-3\Nova-Rewards\novaRewards\frontend\components\ui\Input.test.jsx:40:11)
    at Promise.then.completed (C:\Users\DELL\Desktop\fox-z-3\Nova-Rewards\novaRewards\node_modules\jest-circus\build\utils.js:298:28)
    at new Promise (&lt;anonymous&gt;)
    at callAsyncCircusFn (C:\Users\DELL\Desktop\fox-z-3\Nova-Rewards\novaRewards\node_modules\jest-circus\build\utils.js:231:10)
    at _callCircusTest (C:\Users\DELL\Desktop\fox-z-3\Nova-Rewards\novaRewards\node_modules\jest-circus\build\run.js:316:40)
    at _runTest (C:\Users\DELL\Desktop\fox-z-3\Nova-Rewards\novaRewards\node_modules\jest-circus\build\run.js:252:3)
    at _runTestsForDescribeBlock (C:\Users\DELL\Desktop\fox-z-3\Nova-Rewards\novaRewards\node_modules\jest-circus\build\run.js:126:9)
    at _runTestsForDescribeBlock (C:\Users\DELL\Desktop\fox-z-3\Nova-Rewards\novaRewards\node_modules\jest-circus\build\run.js:121:9)
    at run (C:\Users\DELL\Desktop\fox-z-3\Nova-Rewards\novaRewards\node_modules\jest-circus\build\run.js:71:3)
    at runAndTransformResultsToJestFormat (C:\Users\DELL\Desktop\fox-z-3\Nova-Rewards\novaRewards\node_modules\jest-circus\build\legacy-code-todo-rewrite\jestAdapterInit.js:122:21)
    at jestAdapter (C:\Users\DELL\Desktop\fox-z-3\Nova-Rewards\novaRewards\node_modules\jest-circus\build\legacy-code-todo-rewrite\jestAdapter.js:79:19)
    at runTestInternal (C:\Users\DELL\Desktop\fox-z-3\Nova-Rewards\novaRewards\node_modules\jest-runner\build\runTest.js:367:16)
    at runTest (C:\Users\DELL\Desktop\fox-z-3\Nova-Rewards\novaRewards\node_modules\jest-runner\build\runTest.js:444:34)</failure>
    </testcase>
    <testcase classname="Input clears value on clear" name="Input clears value on clear" time="0.003">
      <failure>Error: Element type is invalid: expected a string (for built-in components) or a class/function (for composite components) but got: undefined. You likely forgot to export your component from the file it&apos;s defined in, or you might have mixed up default and named imports.
    at createFiberFromTypeAndProps (C:\Users\DELL\Desktop\fox-z-3\Nova-Rewards\novaRewards\node_modules\react-dom\cjs\react-dom-client.development.js:5021:28)
    at createFiberFromElement (C:\Users\DELL\Desktop\fox-z-3\Nova-Rewards\novaRewards\node_modules\react-dom\cjs\react-dom-client.development.js:5035:14)
    at reconcileChildFibersImpl (C:\Users\DELL\Desktop\fox-z-3\Nova-Rewards\novaRewards\node_modules\react-dom\cjs\react-dom-client.development.js:6920:31)
    at C:\Users\DELL\Desktop\fox-z-3\Nova-Rewards\novaRewards\node_modules\react-dom\cjs\react-dom-client.development.js:7098:33
    at reconcileChildren (C:\Users\DELL\Desktop\fox-z-3\Nova-Rewards\novaRewards\node_modules\react-dom\cjs\react-dom-client.development.js:9702:13)
    at beginWork (C:\Users\DELL\Desktop\fox-z-3\Nova-Rewards\novaRewards\node_modules\react-dom\cjs\react-dom-client.development.js:11899:15)
    at runWithFiberInDEV (C:\Users\DELL\Desktop\fox-z-3\Nova-Rewards\novaRewards\node_modules\react-dom\cjs\react-dom-client.development.js:874:13)
    at performUnitOfWork (C:\Users\DELL\Desktop\fox-z-3\Nova-Rewards\novaRewards\node_modules\react-dom\cjs\react-dom-client.development.js:17641:22)
    at workLoopSync (C:\Users\DELL\Desktop\fox-z-3\Nova-Rewards\novaRewards\node_modules\react-dom\cjs\react-dom-client.development.js:17469:41)
    at renderRootSync (C:\Users\DELL\Desktop\fox-z-3\Nova-Rewards\novaRewards\node_modules\react-dom\cjs\react-dom-client.development.js:17450:11)
    at performWorkOnRoot (C:\Users\DELL\Desktop\fox-z-3\Nova-Rewards\novaRewards\node_modules\react-dom\cjs\react-dom-client.development.js:16583:35)
    at performWorkOnRootViaSchedulerTask (C:\Users\DELL\Desktop\fox-z-3\Nova-Rewards\novaRewards\node_modules\react-dom\cjs\react-dom-client.development.js:18957:7)
    at flushActQueue (C:\Users\DELL\Desktop\fox-z-3\Nova-Rewards\novaRewards\node_modules\react\cjs\react.development.js:590:34)
    at Object.&lt;anonymous&gt;.process.env.NODE_ENV.exports.act (C:\Users\DELL\Desktop\fox-z-3\Nova-Rewards\novaRewards\node_modules\react\cjs\react.development.js:884:10)
    at C:\Users\DELL\Desktop\fox-z-3\Nova-Rewards\novaRewards\node_modules\@testing-library\react\dist\act-compat.js:46:25
    at renderRoot (C:\Users\DELL\Desktop\fox-z-3\Nova-Rewards\novaRewards\node_modules\@testing-library\react\dist\pure.js:189:26)
    at render (C:\Users\DELL\Desktop\fox-z-3\Nova-Rewards\novaRewards\node_modules\@testing-library\react\dist\pure.js:291:10)
    at Object.&lt;anonymous&gt; (C:\Users\DELL\Desktop\fox-z-3\Nova-Rewards\novaRewards\frontend\components\ui\Input.test.jsx:48:11)
    at Promise.then.completed (C:\Users\DELL\Desktop\fox-z-3\Nova-Rewards\novaRewards\node_modules\jest-circus\build\utils.js:298:28)
    at new Promise (&lt;anonymous&gt;)
    at callAsyncCircusFn (C:\Users\DELL\Desktop\fox-z-3\Nova-Rewards\novaRewards\node_modules\jest-circus\build\utils.js:231:10)
    at _callCircusTest (C:\Users\DELL\Desktop\fox-z-3\Nova-Rewards\novaRewards\node_modules\jest-circus\build\run.js:316:40)
    at _runTest (C:\Users\DELL\Desktop\fox-z-3\Nova-Rewards\novaRewards\node_modules\jest-circus\build\run.js:252:3)
    at _runTestsForDescribeBlock (C:\Users\DELL\Desktop\fox-z-3\Nova-Rewards\novaRewards\node_modules\jest-circus\build\run.js:126:9)
    at _runTestsForDescribeBlock (C:\Users\DELL\Desktop\fox-z-3\Nova-Rewards\novaRewards\node_modules\jest-circus\build\run.js:121:9)
    at run (C:\Users\DELL\Desktop\fox-z-3\Nova-Rewards\novaRewards\node_modules\jest-circus\build\run.js:71:3)
    at runAndTransformResultsToJestFormat (C:\Users\DELL\Desktop\fox-z-3\Nova-Rewards\novaRewards\node_modules\jest-circus\build\legacy-code-todo-rewrite\jestAdapterInit.js:122:21)
    at jestAdapter (C:\Users\DELL\Desktop\fox-z-3\Nova-Rewards\novaRewards\node_modules\jest-circus\build\legacy-code-todo-rewrite\jestAdapter.js:79:19)
    at runTestInternal (C:\Users\DELL\Desktop\fox-z-3\Nova-Rewards\novaRewards\node_modules\jest-runner\build\runTest.js:367:16)
    at runTest (C:\Users\DELL\Desktop\fox-z-3\Nova-Rewards\novaRewards\node_modules\jest-runner\build\runTest.js:444:34)</failure>
    </testcase>
    <testcase classname="Input has no accessibility violations" name="Input has no accessibility violations" time="0.002">
      <failure>Error: Element type is invalid: expected a string (for built-in components) or a class/function (for composite components) but got: undefined. You likely forgot to export your component from the file it&apos;s defined in, or you might have mixed up default and named imports.
    at createFiberFromTypeAndProps (C:\Users\DELL\Desktop\fox-z-3\Nova-Rewards\novaRewards\node_modules\react-dom\cjs\react-dom-client.development.js:5021:28)
    at createFiberFromElement (C:\Users\DELL\Desktop\fox-z-3\Nova-Rewards\novaRewards\node_modules\react-dom\cjs\react-dom-client.development.js:5035:14)
    at reconcileChildFibersImpl (C:\Users\DELL\Desktop\fox-z-3\Nova-Rewards\novaRewards\node_modules\react-dom\cjs\react-dom-client.development.js:6920:31)
    at C:\Users\DELL\Desktop\fox-z-3\Nova-Rewards\novaRewards\node_modules\react-dom\cjs\react-dom-client.development.js:7098:33
    at reconcileChildren (C:\Users\DELL\Desktop\fox-z-3\Nova-Rewards\novaRewards\node_modules\react-dom\cjs\react-dom-client.development.js:9702:13)
    at beginWork (C:\Users\DELL\Desktop\fox-z-3\Nova-Rewards\novaRewards\node_modules\react-dom\cjs\react-dom-client.development.js:11899:15)
    at runWithFiberInDEV (C:\Users\DELL\Desktop\fox-z-3\Nova-Rewards\novaRewards\node_modules\react-dom\cjs\react-dom-client.development.js:874:13)
    at performUnitOfWork (C:\Users\DELL\Desktop\fox-z-3\Nova-Rewards\novaRewards\node_modules\react-dom\cjs\react-dom-client.development.js:17641:22)
    at workLoopSync (C:\Users\DELL\Desktop\fox-z-3\Nova-Rewards\novaRewards\node_modules\react-dom\cjs\react-dom-client.development.js:17469:41)
    at renderRootSync (C:\Users\DELL\Desktop\fox-z-3\Nova-Rewards\novaRewards\node_modules\react-dom\cjs\react-dom-client.development.js:17450:11)
    at performWorkOnRoot (C:\Users\DELL\Desktop\fox-z-3\Nova-Rewards\novaRewards\node_modules\react-dom\cjs\react-dom-client.development.js:16583:35)
    at performWorkOnRootViaSchedulerTask (C:\Users\DELL\Desktop\fox-z-3\Nova-Rewards\novaRewards\node_modules\react-dom\cjs\react-dom-client.development.js:18957:7)
    at flushActQueue (C:\Users\DELL\Desktop\fox-z-3\Nova-Rewards\novaRewards\node_modules\react\cjs\react.development.js:590:34)
    at Object.&lt;anonymous&gt;.process.env.NODE_ENV.exports.act (C:\Users\DELL\Desktop\fox-z-3\Nova-Rewards\novaRewards\node_modules\react\cjs\react.development.js:884:10)
    at C:\Users\DELL\Desktop\fox-z-3\Nova-Rewards\novaRewards\node_modules\@testing-library\react\dist\act-compat.js:46:25
    at renderRoot (C:\Users\DELL\Desktop\fox-z-3\Nova-Rewards\novaRewards\node_modules\@testing-library\react\dist\pure.js:189:26)
    at render (C:\Users\DELL\Desktop\fox-z-3\Nova-Rewards\novaRewards\node_modules\@testing-library\react\dist\pure.js:291:10)
    at Object.&lt;anonymous&gt; (C:\Users\DELL\Desktop\fox-z-3\Nova-Rewards\novaRewards\frontend\components\ui\Input.test.jsx:56:33)
    at Promise.then.completed (C:\Users\DELL\Desktop\fox-z-3\Nova-Rewards\novaRewards\node_modules\jest-circus\build\utils.js:298:28)
    at new Promise (&lt;anonymous&gt;)
    at callAsyncCircusFn (C:\Users\DELL\Desktop\fox-z-3\Nova-Rewards\novaRewards\node_modules\jest-circus\build\utils.js:231:10)
    at _callCircusTest (C:\Users\DELL\Desktop\fox-z-3\Nova-Rewards\novaRewards\node_modules\jest-circus\build\run.js:316:40)
    at _runTest (C:\Users\DELL\Desktop\fox-z-3\Nova-Rewards\novaRewards\node_modules\jest-circus\build\run.js:252:3)
    at _runTestsForDescribeBlock (C:\Users\DELL\Desktop\fox-z-3\Nova-Rewards\novaRewards\node_modules\jest-circus\build\run.js:126:9)
    at _runTestsForDescribeBlock (C:\Users\DELL\Desktop\fox-z-3\Nova-Rewards\novaRewards\node_modules\jest-circus\build\run.js:121:9)
    at run (C:\Users\DELL\Desktop\fox-z-3\Nova-Rewards\novaRewards\node_modules\jest-circus\build\run.js:71:3)
    at runAndTransformResultsToJestFormat (C:\Users\DELL\Desktop\fox-z-3\Nova-Rewards\novaRewards\node_modules\jest-circus\build\legacy-code-todo-rewrite\jestAdapterInit.js:122:21)
    at jestAdapter (C:\Users\DELL\Desktop\fox-z-3\Nova-Rewards\novaRewards\node_modules\jest-circus\build\legacy-code-todo-rewrite\jestAdapter.js:79:19)
    at runTestInternal (C:\Users\DELL\Desktop\fox-z-3\Nova-Rewards\novaRewards\node_modules\jest-runner\build\runTest.js:367:16)
    at runTest (C:\Users\DELL\Desktop\fox-z-3\Nova-Rewards\novaRewards\node_modules\jest-runner\build\runTest.js:444:34)</failure>
    </testcase>
  </testsuite>
  <testsuite name="Card" errors="0" failures="5" skipped="0" timestamp="2026-07-20T08:48:13" time="0.831" tests="5">
    <testcase classname="Card renders children" name="Card renders children" time="0.004">
      <failure>Error: Element type is invalid: expected a string (for built-in components) or a class/function (for composite components) but got: undefined. You likely forgot to export your component from the file it&apos;s defined in, or you might have mixed up default and named imports.
    at createFiberFromTypeAndProps (C:\Users\DELL\Desktop\fox-z-3\Nova-Rewards\novaRewards\node_modules\react-dom\cjs\react-dom-client.development.js:5021:28)
    at createFiberFromElement (C:\Users\DELL\Desktop\fox-z-3\Nova-Rewards\novaRewards\node_modules\react-dom\cjs\react-dom-client.development.js:5035:14)
    at reconcileChildFibersImpl (C:\Users\DELL\Desktop\fox-z-3\Nova-Rewards\novaRewards\node_modules\react-dom\cjs\react-dom-client.development.js:6920:31)
    at C:\Users\DELL\Desktop\fox-z-3\Nova-Rewards\novaRewards\node_modules\react-dom\cjs\react-dom-client.development.js:7098:33
    at reconcileChildren (C:\Users\DELL\Desktop\fox-z-3\Nova-Rewards\novaRewards\node_modules\react-dom\cjs\react-dom-client.development.js:9702:13)
    at beginWork (C:\Users\DELL\Desktop\fox-z-3\Nova-Rewards\novaRewards\node_modules\react-dom\cjs\react-dom-client.development.js:11899:15)
    at runWithFiberInDEV (C:\Users\DELL\Desktop\fox-z-3\Nova-Rewards\novaRewards\node_modules\react-dom\cjs\react-dom-client.development.js:874:13)
    at performUnitOfWork (C:\Users\DELL\Desktop\fox-z-3\Nova-Rewards\novaRewards\node_modules\react-dom\cjs\react-dom-client.development.js:17641:22)
    at workLoopSync (C:\Users\DELL\Desktop\fox-z-3\Nova-Rewards\novaRewards\node_modules\react-dom\cjs\react-dom-client.development.js:17469:41)
    at renderRootSync (C:\Users\DELL\Desktop\fox-z-3\Nova-Rewards\novaRewards\node_modules\react-dom\cjs\react-dom-client.development.js:17450:11)
    at performWorkOnRoot (C:\Users\DELL\Desktop\fox-z-3\Nova-Rewards\novaRewards\node_modules\react-dom\cjs\react-dom-client.development.js:16583:35)
    at performWorkOnRootViaSchedulerTask (C:\Users\DELL\Desktop\fox-z-3\Nova-Rewards\novaRewards\node_modules\react-dom\cjs\react-dom-client.development.js:18957:7)
    at flushActQueue (C:\Users\DELL\Desktop\fox-z-3\Nova-Rewards\novaRewards\node_modules\react\cjs\react.development.js:590:34)
    at Object.&lt;anonymous&gt;.process.env.NODE_ENV.exports.act (C:\Users\DELL\Desktop\fox-z-3\Nova-Rewards\novaRewards\node_modules\react\cjs\react.development.js:884:10)
    at C:\Users\DELL\Desktop\fox-z-3\Nova-Rewards\novaRewards\node_modules\@testing-library\react\dist\act-compat.js:46:25
    at renderRoot (C:\Users\DELL\Desktop\fox-z-3\Nova-Rewards\novaRewards\node_modules\@testing-library\react\dist\pure.js:189:26)
    at render (C:\Users\DELL\Desktop\fox-z-3\Nova-Rewards\novaRewards\node_modules\@testing-library\react\dist\pure.js:291:10)
    at Object.&lt;anonymous&gt; (C:\Users\DELL\Desktop\fox-z-3\Nova-Rewards\novaRewards\frontend\components\ui\Card.test.jsx:8:11)
    at Promise.then.completed (C:\Users\DELL\Desktop\fox-z-3\Nova-Rewards\novaRewards\node_modules\jest-circus\build\utils.js:298:28)
    at new Promise (&lt;anonymous&gt;)
    at callAsyncCircusFn (C:\Users\DELL\Desktop\fox-z-3\Nova-Rewards\novaRewards\node_modules\jest-circus\build\utils.js:231:10)
    at _callCircusTest (C:\Users\DELL\Desktop\fox-z-3\Nova-Rewards\novaRewards\node_modules\jest-circus\build\run.js:316:40)
    at _runTest (C:\Users\DELL\Desktop\fox-z-3\Nova-Rewards\novaRewards\node_modules\jest-circus\build\run.js:252:3)
    at _runTestsForDescribeBlock (C:\Users\DELL\Desktop\fox-z-3\Nova-Rewards\novaRewards\node_modules\jest-circus\build\run.js:126:9)
    at _runTestsForDescribeBlock (C:\Users\DELL\Desktop\fox-z-3\Nova-Rewards\novaRewards\node_modules\jest-circus\build\run.js:121:9)
    at run (C:\Users\DELL\Desktop\fox-z-3\Nova-Rewards\novaRewards\node_modules\jest-circus\build\run.js:71:3)
    at runAndTransformResultsToJestFormat (C:\Users\DELL\Desktop\fox-z-3\Nova-Rewards\novaRewards\node_modules\jest-circus\build\legacy-code-todo-rewrite\jestAdapterInit.js:122:21)
    at jestAdapter (C:\Users\DELL\Desktop\fox-z-3\Nova-Rewards\novaRewards\node_modules\jest-circus\build\legacy-code-todo-rewrite\jestAdapter.js:79:19)
    at runTestInternal (C:\Users\DELL\Desktop\fox-z-3\Nova-Rewards\novaRewards\node_modules\jest-runner\build\runTest.js:367:16)
    at runTest (C:\Users\DELL\Desktop\fox-z-3\Nova-Rewards\novaRewards\node_modules\jest-runner\build\runTest.js:444:34)</failure>
    </testcase>
    <testcase classname="Card applies base classes" name="Card applies base classes" time="0.002">
      <failure>Error: Element type is invalid: expected a string (for built-in components) or a class/function (for composite components) but got: undefined. You likely forgot to export your component from the file it&apos;s defined in, or you might have mixed up default and named imports.
    at createFiberFromTypeAndProps (C:\Users\DELL\Desktop\fox-z-3\Nova-Rewards\novaRewards\node_modules\react-dom\cjs\react-dom-client.development.js:5021:28)
    at createFiberFromElement (C:\Users\DELL\Desktop\fox-z-3\Nova-Rewards\novaRewards\node_modules\react-dom\cjs\react-dom-client.development.js:5035:14)
    at reconcileChildFibersImpl (C:\Users\DELL\Desktop\fox-z-3\Nova-Rewards\novaRewards\node_modules\react-dom\cjs\react-dom-client.development.js:6920:31)
    at C:\Users\DELL\Desktop\fox-z-3\Nova-Rewards\novaRewards\node_modules\react-dom\cjs\react-dom-client.development.js:7098:33
    at reconcileChildren (C:\Users\DELL\Desktop\fox-z-3\Nova-Rewards\novaRewards\node_modules\react-dom\cjs\react-dom-client.development.js:9702:13)
    at beginWork (C:\Users\DELL\Desktop\fox-z-3\Nova-Rewards\novaRewards\node_modules\react-dom\cjs\react-dom-client.development.js:11899:15)
    at runWithFiberInDEV (C:\Users\DELL\Desktop\fox-z-3\Nova-Rewards\novaRewards\node_modules\react-dom\cjs\react-dom-client.development.js:874:13)
    at performUnitOfWork (C:\Users\DELL\Desktop\fox-z-3\Nova-Rewards\novaRewards\node_modules\react-dom\cjs\react-dom-client.development.js:17641:22)
    at workLoopSync (C:\Users\DELL\Desktop\fox-z-3\Nova-Rewards\novaRewards\node_modules\react-dom\cjs\react-dom-client.development.js:17469:41)
    at renderRootSync (C:\Users\DELL\Desktop\fox-z-3\Nova-Rewards\novaRewards\node_modules\react-dom\cjs\react-dom-client.development.js:17450:11)
    at performWorkOnRoot (C:\Users\DELL\Desktop\fox-z-3\Nova-Rewards\novaRewards\node_modules\react-dom\cjs\react-dom-client.development.js:16583:35)
    at performWorkOnRootViaSchedulerTask (C:\Users\DELL\Desktop\fox-z-3\Nova-Rewards\novaRewards\node_modules\react-dom\cjs\react-dom-client.development.js:18957:7)
    at flushActQueue (C:\Users\DELL\Desktop\fox-z-3\Nova-Rewards\novaRewards\node_modules\react\cjs\react.development.js:590:34)
    at Object.&lt;anonymous&gt;.process.env.NODE_ENV.exports.act (C:\Users\DELL\Desktop\fox-z-3\Nova-Rewards\novaRewards\node_modules\react\cjs\react.development.js:884:10)
    at C:\Users\DELL\Desktop\fox-z-3\Nova-Rewards\novaRewards\node_modules\@testing-library\react\dist\act-compat.js:46:25
    at renderRoot (C:\Users\DELL\Desktop\fox-z-3\Nova-Rewards\novaRewards\node_modules\@testing-library\react\dist\pure.js:189:26)
    at render (C:\Users\DELL\Desktop\fox-z-3\Nova-Rewards\novaRewards\node_modules\@testing-library\react\dist\pure.js:291:10)
    at Object.&lt;anonymous&gt; (C:\Users\DELL\Desktop\fox-z-3\Nova-Rewards\novaRewards\frontend\components\ui\Card.test.jsx:13:11)
    at Promise.then.completed (C:\Users\DELL\Desktop\fox-z-3\Nova-Rewards\novaRewards\node_modules\jest-circus\build\utils.js:298:28)
    at new Promise (&lt;anonymous&gt;)
    at callAsyncCircusFn (C:\Users\DELL\Desktop\fox-z-3\Nova-Rewards\novaRewards\node_modules\jest-circus\build\utils.js:231:10)
    at _callCircusTest (C:\Users\DELL\Desktop\fox-z-3\Nova-Rewards\novaRewards\node_modules\jest-circus\build\run.js:316:40)
    at _runTest (C:\Users\DELL\Desktop\fox-z-3\Nova-Rewards\novaRewards\node_modules\jest-circus\build\run.js:252:3)
    at _runTestsForDescribeBlock (C:\Users\DELL\Desktop\fox-z-3\Nova-Rewards\novaRewards\node_modules\jest-circus\build\run.js:126:9)
    at _runTestsForDescribeBlock (C:\Users\DELL\Desktop\fox-z-3\Nova-Rewards\novaRewards\node_modules\jest-circus\build\run.js:121:9)
    at run (C:\Users\DELL\Desktop\fox-z-3\Nova-Rewards\novaRewards\node_modules\jest-circus\build\run.js:71:3)
    at runAndTransformResultsToJestFormat (C:\Users\DELL\Desktop\fox-z-3\Nova-Rewards\novaRewards\node_modules\jest-circus\build\legacy-code-todo-rewrite\jestAdapterInit.js:122:21)
    at jestAdapter (C:\Users\DELL\Desktop\fox-z-3\Nova-Rewards\novaRewards\node_modules\jest-circus\build\legacy-code-todo-rewrite\jestAdapter.js:79:19)
    at runTestInternal (C:\Users\DELL\Desktop\fox-z-3\Nova-Rewards\novaRewards\node_modules\jest-runner\build\runTest.js:367:16)
    at runTest (C:\Users\DELL\Desktop\fox-z-3\Nova-Rewards\novaRewards\node_modules\jest-runner\build\runTest.js:444:34)</failure>
    </testcase>
    <testcase classname="Card merges custom className" name="Card merges custom className" time="0.002">
      <failure>Error: Element type is invalid: expected a string (for built-in components) or a class/function (for composite components) but got: undefined. You likely forgot to export your component from the file it&apos;s defined in, or you might have mixed up default and named imports.
    at createFiberFromTypeAndProps (C:\Users\DELL\Desktop\fox-z-3\Nova-Rewards\novaRewards\node_modules\react-dom\cjs\react-dom-client.development.js:5021:28)
    at createFiberFromElement (C:\Users\DELL\Desktop\fox-z-3\Nova-Rewards\novaRewards\node_modules\react-dom\cjs\react-dom-client.development.js:5035:14)
    at reconcileChildFibersImpl (C:\Users\DELL\Desktop\fox-z-3\Nova-Rewards\novaRewards\node_modules\react-dom\cjs\react-dom-client.development.js:6920:31)
    at C:\Users\DELL\Desktop\fox-z-3\Nova-Rewards\novaRewards\node_modules\react-dom\cjs\react-dom-client.development.js:7098:33
    at reconcileChildren (C:\Users\DELL\Desktop\fox-z-3\Nova-Rewards\novaRewards\node_modules\react-dom\cjs\react-dom-client.development.js:9702:13)
    at beginWork (C:\Users\DELL\Desktop\fox-z-3\Nova-Rewards\novaRewards\node_modules\react-dom\cjs\react-dom-client.development.js:11899:15)
    at runWithFiberInDEV (C:\Users\DELL\Desktop\fox-z-3\Nova-Rewards\novaRewards\node_modules\react-dom\cjs\react-dom-client.development.js:874:13)
    at performUnitOfWork (C:\Users\DELL\Desktop\fox-z-3\Nova-Rewards\novaRewards\node_modules\react-dom\cjs\react-dom-client.development.js:17641:22)
    at workLoopSync (C:\Users\DELL\Desktop\fox-z-3\Nova-Rewards\novaRewards\node_modules\react-dom\cjs\react-dom-client.development.js:17469:41)
    at renderRootSync (C:\Users\DELL\Desktop\fox-z-3\Nova-Rewards\novaRewards\node_modules\react-dom\cjs\react-dom-client.development.js:17450:11)
    at performWorkOnRoot (C:\Users\DELL\Desktop\fox-z-3\Nova-Rewards\novaRewards\node_modules\react-dom\cjs\react-dom-client.development.js:16583:35)
    at performWorkOnRootViaSchedulerTask (C:\Users\DELL\Desktop\fox-z-3\Nova-Rewards\novaRewards\node_modules\react-dom\cjs\react-dom-client.development.js:18957:7)
    at flushActQueue (C:\Users\DELL\Desktop\fox-z-3\Nova-Rewards\novaRewards\node_modules\react\cjs\react.development.js:590:34)
    at Object.&lt;anonymous&gt;.process.env.NODE_ENV.exports.act (C:\Users\DELL\Desktop\fox-z-3\Nova-Rewards\novaRewards\node_modules\react\cjs\react.development.js:884:10)
    at C:\Users\DELL\Desktop\fox-z-3\Nova-Rewards\novaRewards\node_modules\@testing-library\react\dist\act-compat.js:46:25
    at renderRoot (C:\Users\DELL\Desktop\fox-z-3\Nova-Rewards\novaRewards\node_modules\@testing-library\react\dist\pure.js:189:26)
    at render (C:\Users\DELL\Desktop\fox-z-3\Nova-Rewards\novaRewards\node_modules\@testing-library\react\dist\pure.js:291:10)
    at Object.&lt;anonymous&gt; (C:\Users\DELL\Desktop\fox-z-3\Nova-Rewards\novaRewards\frontend\components\ui\Card.test.jsx:18:11)
    at Promise.then.completed (C:\Users\DELL\Desktop\fox-z-3\Nova-Rewards\novaRewards\node_modules\jest-circus\build\utils.js:298:28)
    at new Promise (&lt;anonymous&gt;)
    at callAsyncCircusFn (C:\Users\DELL\Desktop\fox-z-3\Nova-Rewards\novaRewards\node_modules\jest-circus\build\utils.js:231:10)
    at _callCircusTest (C:\Users\DELL\Desktop\fox-z-3\Nova-Rewards\novaRewards\node_modules\jest-circus\build\run.js:316:40)
    at _runTest (C:\Users\DELL\Desktop\fox-z-3\Nova-Rewards\novaRewards\node_modules\jest-circus\build\run.js:252:3)
    at _runTestsForDescribeBlock (C:\Users\DELL\Desktop\fox-z-3\Nova-Rewards\novaRewards\node_modules\jest-circus\build\run.js:126:9)
    at _runTestsForDescribeBlock (C:\Users\DELL\Desktop\fox-z-3\Nova-Rewards\novaRewards\node_modules\jest-circus\build\run.js:121:9)
    at run (C:\Users\DELL\Desktop\fox-z-3\Nova-Rewards\novaRewards\node_modules\jest-circus\build\run.js:71:3)
    at runAndTransformResultsToJestFormat (C:\Users\DELL\Desktop\fox-z-3\Nova-Rewards\novaRewards\node_modules\jest-circus\build\legacy-code-todo-rewrite\jestAdapterInit.js:122:21)
    at jestAdapter (C:\Users\DELL\Desktop\fox-z-3\Nova-Rewards\novaRewards\node_modules\jest-circus\build\legacy-code-todo-rewrite\jestAdapter.js:79:19)
    at runTestInternal (C:\Users\DELL\Desktop\fox-z-3\Nova-Rewards\novaRewards\node_modules\jest-runner\build\runTest.js:367:16)
    at runTest (C:\Users\DELL\Desktop\fox-z-3\Nova-Rewards\novaRewards\node_modules\jest-runner\build\runTest.js:444:34)</failure>
    </testcase>
    <testcase classname="Card renders CardHeader, CardTitle, CardContent, CardFooter" name="Card renders CardHeader, CardTitle, CardContent, CardFooter" time="0.001">
      <failure>Error: Element type is invalid: expected a string (for built-in components) or a class/function (for composite components) but got: undefined. You likely forgot to export your component from the file it&apos;s defined in, or you might have mixed up default and named imports.
    at createFiberFromTypeAndProps (C:\Users\DELL\Desktop\fox-z-3\Nova-Rewards\novaRewards\node_modules\react-dom\cjs\react-dom-client.development.js:5021:28)
    at createFiberFromElement (C:\Users\DELL\Desktop\fox-z-3\Nova-Rewards\novaRewards\node_modules\react-dom\cjs\react-dom-client.development.js:5035:14)
    at reconcileChildFibersImpl (C:\Users\DELL\Desktop\fox-z-3\Nova-Rewards\novaRewards\node_modules\react-dom\cjs\react-dom-client.development.js:6920:31)
    at C:\Users\DELL\Desktop\fox-z-3\Nova-Rewards\novaRewards\node_modules\react-dom\cjs\react-dom-client.development.js:7098:33
    at reconcileChildren (C:\Users\DELL\Desktop\fox-z-3\Nova-Rewards\novaRewards\node_modules\react-dom\cjs\react-dom-client.development.js:9702:13)
    at beginWork (C:\Users\DELL\Desktop\fox-z-3\Nova-Rewards\novaRewards\node_modules\react-dom\cjs\react-dom-client.development.js:11899:15)
    at runWithFiberInDEV (C:\Users\DELL\Desktop\fox-z-3\Nova-Rewards\novaRewards\node_modules\react-dom\cjs\react-dom-client.development.js:874:13)
    at performUnitOfWork (C:\Users\DELL\Desktop\fox-z-3\Nova-Rewards\novaRewards\node_modules\react-dom\cjs\react-dom-client.development.js:17641:22)
    at workLoopSync (C:\Users\DELL\Desktop\fox-z-3\Nova-Rewards\novaRewards\node_modules\react-dom\cjs\react-dom-client.development.js:17469:41)
    at renderRootSync (C:\Users\DELL\Desktop\fox-z-3\Nova-Rewards\novaRewards\node_modules\react-dom\cjs\react-dom-client.development.js:17450:11)
    at performWorkOnRoot (C:\Users\DELL\Desktop\fox-z-3\Nova-Rewards\novaRewards\node_modules\react-dom\cjs\react-dom-client.development.js:16583:35)
    at performWorkOnRootViaSchedulerTask (C:\Users\DELL\Desktop\fox-z-3\Nova-Rewards\novaRewards\node_modules\react-dom\cjs\react-dom-client.development.js:18957:7)
    at flushActQueue (C:\Users\DELL\Desktop\fox-z-3\Nova-Rewards\novaRewards\node_modules\react\cjs\react.development.js:590:34)
    at Object.&lt;anonymous&gt;.process.env.NODE_ENV.exports.act (C:\Users\DELL\Desktop\fox-z-3\Nova-Rewards\novaRewards\node_modules\react\cjs\react.development.js:884:10)
    at C:\Users\DELL\Desktop\fox-z-3\Nova-Rewards\novaRewards\node_modules\@testing-library\react\dist\act-compat.js:46:25
    at renderRoot (C:\Users\DELL\Desktop\fox-z-3\Nova-Rewards\novaRewards\node_modules\@testing-library\react\dist\pure.js:189:26)
    at render (C:\Users\DELL\Desktop\fox-z-3\Nova-Rewards\novaRewards\node_modules\@testing-library\react\dist\pure.js:291:10)
    at Object.&lt;anonymous&gt; (C:\Users\DELL\Desktop\fox-z-3\Nova-Rewards\novaRewards\frontend\components\ui\Card.test.jsx:23:11)
    at Promise.then.completed (C:\Users\DELL\Desktop\fox-z-3\Nova-Rewards\novaRewards\node_modules\jest-circus\build\utils.js:298:28)
    at new Promise (&lt;anonymous&gt;)
    at callAsyncCircusFn (C:\Users\DELL\Desktop\fox-z-3\Nova-Rewards\novaRewards\node_modules\jest-circus\build\utils.js:231:10)
    at _callCircusTest (C:\Users\DELL\Desktop\fox-z-3\Nova-Rewards\novaRewards\node_modules\jest-circus\build\run.js:316:40)
    at _runTest (C:\Users\DELL\Desktop\fox-z-3\Nova-Rewards\novaRewards\node_modules\jest-circus\build\run.js:252:3)
    at _runTestsForDescribeBlock (C:\Users\DELL\Desktop\fox-z-3\Nova-Rewards\novaRewards\node_modules\jest-circus\build\run.js:126:9)
    at _runTestsForDescribeBlock (C:\Users\DELL\Desktop\fox-z-3\Nova-Rewards\novaRewards\node_modules\jest-circus\build\run.js:121:9)
    at run (C:\Users\DELL\Desktop\fox-z-3\Nova-Rewards\novaRewards\node_modules\jest-circus\build\run.js:71:3)
    at runAndTransformResultsToJestFormat (C:\Users\DELL\Desktop\fox-z-3\Nova-Rewards\novaRewards\node_modules\jest-circus\build\legacy-code-todo-rewrite\jestAdapterInit.js:122:21)
    at jestAdapter (C:\Users\DELL\Desktop\fox-z-3\Nova-Rewards\novaRewards\node_modules\jest-circus\build\legacy-code-todo-rewrite\jestAdapter.js:79:19)
    at runTestInternal (C:\Users\DELL\Desktop\fox-z-3\Nova-Rewards\novaRewards\node_modules\jest-runner\build\runTest.js:367:16)
    at runTest (C:\Users\DELL\Desktop\fox-z-3\Nova-Rewards\novaRewards\node_modules\jest-runner\build\runTest.js:444:34)</failure>
    </testcase>
    <testcase classname="Card has no accessibility violations" name="Card has no accessibility violations" time="0.001">
      <failure>Error: Element type is invalid: expected a string (for built-in components) or a class/function (for composite components) but got: undefined. You likely forgot to export your component from the file it&apos;s defined in, or you might have mixed up default and named imports.
    at createFiberFromTypeAndProps (C:\Users\DELL\Desktop\fox-z-3\Nova-Rewards\novaRewards\node_modules\react-dom\cjs\react-dom-client.development.js:5021:28)
    at createFiberFromElement (C:\Users\DELL\Desktop\fox-z-3\Nova-Rewards\novaRewards\node_modules\react-dom\cjs\react-dom-client.development.js:5035:14)
    at reconcileChildFibersImpl (C:\Users\DELL\Desktop\fox-z-3\Nova-Rewards\novaRewards\node_modules\react-dom\cjs\react-dom-client.development.js:6920:31)
    at C:\Users\DELL\Desktop\fox-z-3\Nova-Rewards\novaRewards\node_modules\react-dom\cjs\react-dom-client.development.js:7098:33
[...]
    </testcase>
    <testcase classname="CampaignCard — missing optional props renders without category" name="CampaignCard — missing optional props renders without category" time="0.014">
    </testcase>
    <testcase classname="CampaignCard — missing optional props renders without rewardType" name="CampaignCard — missing optional props renders without rewardType" time="0.017">
    </testcase>
    <testcase classname="CampaignCard — missing optional props renders merchant initial when no logo" name="CampaignCard — missing optional props renders merchant initial when no logo" time="0.018">
    </testcase>
    <testcase classname="CampaignCard — missing optional props renders merchant logo img when provided" name="CampaignCard — missing optional props renders merchant logo img when provided" time="0.016">
    </testcase>
    <testcase classname="CampaignCard — missing optional props renders &quot;Unknown Merchant&quot; when merchantName is missing" name="CampaignCard — missing optional props renders &quot;Unknown Merchant&quot; when merchantName is missing" time="0.017">
    </testcase>
    <testcase classname="CampaignCard — missing optional props renders &quot;No expiry&quot; when endDate is null" name="CampaignCard — missing optional props renders &quot;No expiry&quot; when endDate is null" time="0.014">
    </testcase>
    <testcase classname="CampaignCard — missing optional props does not show participant count when participantCount is 0" name="CampaignCard — missing optional props does not show participant count when participantCount is 0" time="0.014">
    </testcase>
  </testsuite>
  <testsuite name="AnimatedCounter" errors="0" failures="7" skipped="0" timestamp="2026-07-20T08:48:40" time="0.855" tests="10">
    <testcase classname="AnimatedCounter renders 0 before any animation frame fires" name="AnimatedCounter renders 0 before any animation frame fires" time="0.006">
    </testcase>
    <testcase classname="AnimatedCounter reaches the target value after animation completes" name="AnimatedCounter reaches the target value after animation completes" time="0.012">
      <failure>TestingLibraryElementError: Unable to find an element with the text: 500. This could be because the text is broken up by multiple elements. In this case, you can provide a function for your text matcher to make your matcher more flexible.

Ignored nodes: comments, script, style
&lt;body&gt;
  &lt;div&gt;
    &lt;span&gt;
      0
    &lt;/span&gt;
  &lt;/div&gt;
&lt;/body&gt;
    at Object.getElementError (C:\Users\DELL\Desktop\fox-z-3\Nova-Rewards\novaRewards\node_modules\@testing-library\dom\dist\config.js:37:19)
    at C:\Users\DELL\Desktop\fox-z-3\Nova-Rewards\novaRewards\node_modules\@testing-library\dom\dist\query-helpers.js:76:38
    at C:\Users\DELL\Desktop\fox-z-3\Nova-Rewards\novaRewards\node_modules\@testing-library\dom\dist\query-helpers.js:52:17
    at C:\Users\DELL\Desktop\fox-z-3\Nova-Rewards\novaRewards\node_modules\@testing-library\dom\dist\query-helpers.js:95:19
    at Object.getByText (C:\Users\DELL\Desktop\fox-z-3\Nova-Rewards\novaRewards\frontend\__tests__\AnimatedCounter.test.js:51:19)
    at Promise.then.completed (C:\Users\DELL\Desktop\fox-z-3\Nova-Rewards\novaRewards\node_modules\jest-circus\build\utils.js:298:28)
    at new Promise (&lt;anonymous&gt;)
    at callAsyncCircusFn (C:\Users\DELL\Desktop\fox-z-3\Nova-Rewards\novaRewards\node_modules\jest-circus\build\utils.js:231:10)
    at _callCircusTest (C:\Users\DELL\Desktop\fox-z-3\Nova-Rewards\novaRewards\node_modules\jest-circus\build\run.js:316:40)
    at _runTest (C:\Users\DELL\Desktop\fox-z-3\Nova-Rewards\novaRewards\node_modules\jest-circus\build\run.js:252:3)
    at _runTestsForDescribeBlock (C:\Users\DELL\Desktop\fox-z-3\Nova-Rewards\novaRewards\node_modules\jest-circus\build\run.js:126:9)
    at _runTestsForDescribeBlock (C:\Users\DELL\Desktop\fox-z-3\Nova-Rewards\novaRewards\node_modules\jest-circus\build\run.js:121:9)
    at run (C:\Users\DELL\Desktop\fox-z-3\Nova-Rewards\novaRewards\node_modules\jest-circus\build\run.js:71:3)
    at runAndTransformResultsToJestFormat (C:\Users\DELL\Desktop\fox-z-3\Nova-Rewards\novaRewards\node_modules\jest-circus\build\legacy-code-todo-rewrite\jestAdapterInit.js:122:21)
    at jestAdapter (C:\Users\DELL\Desktop\fox-z-3\Nova-Rewards\novaRewards\node_modules\jest-circus\build\legacy-code-todo-rewrite\jestAdapter.js:79:19)
    at runTestInternal (C:\Users\DELL\Desktop\fox-z-3\Nova-Rewards\novaRewards\node_modules\jest-runner\build\runTest.js:367:16)
    at runTest (C:\Users\DELL\Desktop\fox-z-3\Nova-Rewards\novaRewards\node_modules\jest-runner\build\runTest.js:444:34)</failure>
    </testcase>
    <testcase classname="AnimatedCounter animates from 0 (intermediate frame shows partial value)" name="AnimatedCounter animates from 0 (intermediate frame shows partial value)" time="0.004">
      <failure>Error: expect(received).toBeGreaterThan(expected)

Expected: &gt; 0
Received:   0
    at Object.toBeGreaterThan (C:\Users\DELL\Desktop\fox-z-3\Nova-Rewards\novaRewards\frontend\__tests__\AnimatedCounter.test.js:60:17)
    at Promise.then.completed (C:\Users\DELL\Desktop\fox-z-3\Nova-Rewards\novaRewards\node_modules\jest-circus\build\utils.js:298:28)
    at new Promise (&lt;anonymous&gt;)
    at callAsyncCircusFn (C:\Users\DELL\Desktop\fox-z-3\Nova-Rewards\novaRewards\node_modules\jest-circus\build\utils.js:231:10)
    at _callCircusTest (C:\Users\DELL\Desktop\fox-z-3\Nova-Rewards\novaRewards\node_modules\jest-circus\build\run.js:316:40)
    at _runTest (C:\Users\DELL\Desktop\fox-z-3\Nova-Rewards\novaRewards\node_modules\jest-circus\build\run.js:252:3)
    at _runTestsForDescribeBlock (C:\Users\DELL\Desktop\fox-z-3\Nova-Rewards\novaRewards\node_modules\jest-circus\build\run.js:126:9)
    at _runTestsForDescribeBlock (C:\Users\DELL\Desktop\fox-z-3\Nova-Rewards\novaRewards\node_modules\jest-circus\build\run.js:121:9)
    at run (C:\Users\DELL\Desktop\fox-z-3\Nova-Rewards\novaRewards\node_modules\jest-circus\build\run.js:71:3)
    at runAndTransformResultsToJestFormat (C:\Users\DELL\Desktop\fox-z-3\Nova-Rewards\novaRewards\node_modules\jest-circus\build\legacy-code-todo-rewrite\jestAdapterInit.js:122:21)
    at jestAdapter (C:\Users\DELL\Desktop\fox-z-3\Nova-Rewards\novaRewards\node_modules\jest-circus\build\legacy-code-todo-rewrite\jestAdapter.js:79:19)
    at runTestInternal (C:\Users\DELL\Desktop\fox-z-3\Nova-Rewards\novaRewards\node_modules\jest-runner\build\runTest.js:367:16)
    at runTest (C:\Users\DELL\Desktop\fox-z-3\Nova-Rewards\novaRewards\node_modules\jest-runner\build\runTest.js:444:34)</failure>
    </testcase>
    <testcase classname="AnimatedCounter handles decimal values via custom format" name="AnimatedCounter handles decimal values via custom format" time="0.003">
      <failure>TestingLibraryElementError: Unable to find an element with the text: 12.50. This could be because the text is broken up by multiple elements. In this case, you can provide a function for your text matcher to make your matcher more flexible.

Ignored nodes: comments, script, style
&lt;body&gt;
  &lt;div&gt;
    &lt;span&gt;
      0.00
    &lt;/span&gt;
  &lt;/div&gt;
&lt;/body&gt;
    at Object.getElementError (C:\Users\DELL\Desktop\fox-z-3\Nova-Rewards\novaRewards\node_modules\@testing-library\dom\dist\config.js:37:19)
    at C:\Users\DELL\Desktop\fox-z-3\Nova-Rewards\novaRewards\node_modules\@testing-library\dom\dist\query-helpers.js:76:38
    at C:\Users\DELL\Desktop\fox-z-3\Nova-Rewards\novaRewards\node_modules\@testing-library\dom\dist\query-helpers.js:52:17
    at C:\Users\DELL\Desktop\fox-z-3\Nova-Rewards\novaRewards\node_modules\@testing-library\dom\dist\query-helpers.js:95:19
    at Object.getByText (C:\Users\DELL\Desktop\fox-z-3\Nova-Rewards\novaRewards\frontend\__tests__\AnimatedCounter.test.js:68:19)
    at Promise.then.completed (C:\Users\DELL\Desktop\fox-z-3\Nova-Rewards\novaRewards\node_modules\jest-circus\build\utils.js:298:28)
    at new Promise (&lt;anonymous&gt;)
    at callAsyncCircusFn (C:\Users\DELL\Desktop\fox-z-3\Nova-Rewards\novaRewards\node_modules\jest-circus\build\utils.js:231:10)
    at _callCircusTest (C:\Users\DELL\Desktop\fox-z-3\Nova-Rewards\novaRewards\node_modules\jest-circus\build\run.js:316:40)
    at _runTest (C:\Users\DELL\Desktop\fox-z-3\Nova-Rewards\novaRewards\node_modules\jest-circus\build\run.js:252:3)
    at _runTestsForDescribeBlock (C:\Users\DELL\Desktop\fox-z-3\Nova-Rewards\novaRewards\node_modules\jest-circus\build\run.js:126:9)
    at _runTestsForDescribeBlock (C:\Users\DELL\Desktop\fox-z-3\Nova-Rewards\novaRewards\node_modules\jest-circus\build\run.js:121:9)
    at run (C:\Users\DELL\Desktop\fox-z-3\Nova-Rewards\novaRewards\node_modules\jest-circus\build\run.js:71:3)
    at runAndTransformResultsToJestFormat (C:\Users\DELL\Desktop\fox-z-3\Nova-Rewards\novaRewards\node_modules\jest-circus\build\legacy-code-todo-rewrite\jestAdapterInit.js:122:21)
    at jestAdapter (C:\Users\DELL\Desktop\fox-z-3\Nova-Rewards\novaRewards\node_modules\jest-circus\build\legacy-code-todo-rewrite\jestAdapter.js:79:19)
    at runTestInternal (C:\Users\DELL\Desktop\fox-z-3\Nova-Rewards\novaRewards\node_modules\jest-runner\build\runTest.js:367:16)
    at runTest (C:\Users\DELL\Desktop\fox-z-3\Nova-Rewards\novaRewards\node_modules\jest-runner\build\runTest.js:444:34)</failure>
    </testcase>
    <testcase classname="AnimatedCounter handles large numbers (1M+)" name="AnimatedCounter handles large numbers (1M+)" time="0.003">
      <failure>Error: expect(received).toBeCloseTo(expected, precision)

Expected: 2500000
Received: 0

Expected precision:    -3
Expected difference: &lt; 500
Received difference:   2500000
    at Object.toBeCloseTo (C:\Users\DELL\Desktop\fox-z-3\Nova-Rewards\novaRewards\frontend\__tests__\AnimatedCounter.test.js:76:30)
    at Promise.then.completed (C:\Users\DELL\Desktop\fox-z-3\Nova-Rewards\novaRewards\node_modules\jest-circus\build\utils.js:298:28)
    at new Promise (&lt;anonymous&gt;)
    at callAsyncCircusFn (C:\Users\DELL\Desktop\fox-z-3\Nova-Rewards\novaRewards\node_modules\jest-circus\build\utils.js:231:10)
    at _callCircusTest (C:\Users\DELL\Desktop\fox-z-3\Nova-Rewards\novaRewards\node_modules\jest-circus\build\run.js:316:40)
    at _runTest (C:\Users\DELL\Desktop\fox-z-3\Nova-Rewards\novaRewards\node_modules\jest-circus\build\run.js:252:3)
    at _runTestsForDescribeBlock (C:\Users\DELL\Desktop\fox-z-3\Nova-Rewards\novaRewards\node_modules\jest-circus\build\run.js:126:9)
    at _runTestsForDescribeBlock (C:\Users\DELL\Desktop\fox-z-3\Nova-Rewards\novaRewards\node_modules\jest-circus\build\run.js:121:9)
    at run (C:\Users\DELL\Desktop\fox-z-3\Nova-Rewards\novaRewards\node_modules\jest-circus\build\run.js:71:3)
    at runAndTransformResultsToJestFormat (C:\Users\DELL\Desktop\fox-z-3\Nova-Rewards\novaRewards\node_modules\jest-circus\build\legacy-code-todo-rewrite\jestAdapterInit.js:122:21)
    at jestAdapter (C:\Users\DELL\Desktop\fox-z-3\Nova-Rewards\novaRewards\node_modules\jest-circus\build\legacy-code-todo-rewrite\jestAdapter.js:79:19)
    at runTestInternal (C:\Users\DELL\Desktop\fox-z-3\Nova-Rewards\novaRewards\node_modules\jest-runner\build\runTest.js:367:16)
    at runTest (C:\Users\DELL\Desktop\fox-z-3\Nova-Rewards\novaRewards\node_modules\jest-runner\build\runTest.js:444:34)</failure>
    </testcase>
    <testcase classname="AnimatedCounter applies className to the span" name="AnimatedCounter applies className to the span" time="0.004">
    </testcase>
    <testcase classname="AnimatedCounter re-triggers animation when value prop changes" name="AnimatedCounter re-triggers animation when value prop changes" time="0.002">
      <failure>TestingLibraryElementError: Unable to find an element with the text: 100. This could be because the text is broken up by multiple elements. In this case, you can provide a function for your text matcher to make your matcher more flexible.

Ignored nodes: comments, script, style
&lt;body&gt;
  &lt;div&gt;
    &lt;span&gt;
      0
    &lt;/span&gt;
  &lt;/div&gt;
&lt;/body&gt;
    at Object.getElementError (C:\Users\DELL\Desktop\fox-z-3\Nova-Rewards\novaRewards\node_modules\@testing-library\dom\dist\config.js:37:19)
    at C:\Users\DELL\Desktop\fox-z-3\Nova-Rewards\novaRewards\node_modules\@testing-library\dom\dist\query-helpers.js:76:38
    at C:\Users\DELL\Desktop\fox-z-3\Nova-Rewards\novaRewards\node_modules\@testing-library\dom\dist\query-helpers.js:52:17
    at C:\Users\DELL\Desktop\fox-z-3\Nova-Rewards\novaRewards\node_modules\@testing-library\dom\dist\query-helpers.js:95:19
    at Object.getByText (C:\Users\DELL\Desktop\fox-z-3\Nova-Rewards\novaRewards\frontend\__tests__\AnimatedCounter.test.js:88:19)
    at Promise.then.completed (C:\Users\DELL\Desktop\fox-z-3\Nova-Rewards\novaRewards\node_modules\jest-circus\build\utils.js:298:28)
    at new Promise (&lt;anonymous&gt;)
    at callAsyncCircusFn (C:\Users\DELL\Desktop\fox-z-3\Nova-Rewards\novaRewards\node_modules\jest-circus\build\utils.js:231:10)
    at _callCircusTest (C:\Users\DELL\Desktop\fox-z-3\Nova-Rewards\novaRewards\node_modules\jest-circus\build\run.js:316:40)
    at _runTest (C:\Users\DELL\Desktop\fox-z-3\Nova-Rewards\novaRewards\node_modules\jest-circus\build\run.js:252:3)
    at _runTestsForDescribeBlock (C:\Users\DELL\Desktop\fox-z-3\Nova-Rewards\novaRewards\node_modules\jest-circus\build\run.js:126:9)
    at _runTestsForDescribeBlock (C:\Users\DELL\Desktop\fox-z-3\Nova-Rewards\novaRewards\node_modules\jest-circus\build\run.js:121:9)
    at run (C:\Users\DELL\Desktop\fox-z-3\Nova-Rewards\novaRewards\node_modules\jest-circus\build\run.js:71:3)
    at runAndTransformResultsToJestFormat (C:\Users\DELL\Desktop\fox-z-3\Nova-Rewards\novaRewards\node_modules\jest-circus\build\legacy-code-todo-rewrite\jestAdapterInit.js:122:21)
    at jestAdapter (C:\Users\DELL\Desktop\fox-z-3\Nova-Rewards\novaRewards\node_modules\jest-circus\build\legacy-code-todo-rewrite\jestAdapter.js:79:19)
    at runTestInternal (C:\Users\DELL\Desktop\fox-z-3\Nova-Rewards\novaRewards\node_modules\jest-runner\build\runTest.js:367:16)
    at runTest (C:\Users\DELL\Desktop\fox-z-3\Nova-Rewards\novaRewards\node_modules\jest-runner\build\runTest.js:444:34)</failure>
    </testcase>
    <testcase classname="AnimatedCounter uses default duration of 1200ms" name="AnimatedCounter uses default duration of 1200ms" time="0.003">
      <failure>TestingLibraryElementError: Unable to find an element with the text: 99. This could be because the text is broken up by multiple elements. In this case, you can provide a function for your text matcher to make your matcher more flexible.

Ignored nodes: comments, script, style
&lt;body&gt;
  &lt;div&gt;
    &lt;span&gt;
      0
    &lt;/span&gt;
  &lt;/div&gt;
&lt;/body&gt;
    at Object.getElementError (C:\Users\DELL\Desktop\fox-z-3\Nova-Rewards\novaRewards\node_modules\@testing-library\dom\dist\config.js:37:19)
    at C:\Users\DELL\Desktop\fox-z-3\Nova-Rewards\novaRewards\node_modules\@testing-library\dom\dist\query-helpers.js:76:38
    at C:\Users\DELL\Desktop\fox-z-3\Nova-Rewards\novaRewards\node_modules\@testing-library\dom\dist\query-helpers.js:52:17
    at C:\Users\DELL\Desktop\fox-z-3\Nova-Rewards\novaRewards\node_modules\@testing-library\dom\dist\query-helpers.js:95:19
    at Object.getByText (C:\Users\DELL\Desktop\fox-z-3\Nova-Rewards\novaRewards\frontend\__tests__\AnimatedCounter.test.js:103:19)
    at Promise.then.completed (C:\Users\DELL\Desktop\fox-z-3\Nova-Rewards\novaRewards\node_modules\jest-circus\build\utils.js:298:28)
    at new Promise (&lt;anonymous&gt;)
    at callAsyncCircusFn (C:\Users\DELL\Desktop\fox-z-3\Nova-Rewards\novaRewards\node_modules\jest-circus\build\utils.js:231:10)
    at _callCircusTest (C:\Users\DELL\Desktop\fox-z-3\Nova-Rewards\novaRewards\node_modules\jest-circus\build\run.js:316:40)
    at _runTest (C:\Users\DELL\Desktop\fox-z-3\Nova-Rewards\novaRewards\node_modules\jest-circus\build\run.js:252:3)
    at _runTestsForDescribeBlock (C:\Users\DELL\Desktop\fox-z-3\Nova-Rewards\novaRewards\node_modules\jest-circus\build\run.js:126:9)
    at _runTestsForDescribeBlock (C:\Users\DELL\Desktop\fox-z-3\Nova-Rewards\novaRewards\node_modules\jest-circus\build\run.js:121:9)
    at run (C:\Users\DELL\Desktop\fox-z-3\Nova-Rewards\novaRewards\node_modules\jest-circus\build\run.js:71:3)
    at runAndTransformResultsToJestFormat (C:\Users\DELL\Desktop\fox-z-3\Nova-Rewards\novaRewards\node_modules\jest-circus\build\legacy-code-todo-rewrite\jestAdapterInit.js:122:21)
    at jestAdapter (C:\Users\DELL\Desktop\fox-z-3\Nova-Rewards\novaRewards\node_modules\jest-circus\build\legacy-code-todo-rewrite\jestAdapter.js:79:19)
    at runTestInternal (C:\Users\DELL\Desktop\fox-z-3\Nova-Rewards\novaRewards\node_modules\jest-runner\build\runTest.js:367:16)
    at runTest (C:\Users\DELL\Desktop\fox-z-3\Nova-Rewards\novaRewards\node_modules\jest-runner\build\runTest.js:444:34)</failure>
    </testcase>
    <testcase classname="AnimatedCounter custom format function receives the animated float" name="AnimatedCounter custom format function receives the animated float" time="0.003">
      <failure>TestingLibraryElementError: Unable to find an element with the text: $50. This could be because the text is broken up by multiple elements. In this case, you can provide a function for your text matcher to make your matcher more flexible.

Ignored nodes: comments, script, style
&lt;body&gt;
  &lt;div&gt;
    &lt;span&gt;
      $0
    &lt;/span&gt;
  &lt;/div&gt;
&lt;/body&gt;
    at Object.getElementError (C:\Users\DELL\Desktop\fox-z-3\Nova-Rewards\novaRewards\node_modules\@testing-library\dom\dist\config.js:37:19)
    at C:\Users\DELL\Desktop\fox-z-3\Nova-Rewards\novaRewards\node_modules\@testing-library\dom\dist\query-helpers.js:76:38
    at C:\Users\DELL\Desktop\fox-z-3\Nova-Rewards\novaRewards\node_modules\@testing-library\dom\dist\query-helpers.js:52:17
    at C:\Users\DELL\Desktop\fox-z-3\Nova-Rewards\novaRewards\node_modules\@testing-library\dom\dist\query-helpers.js:95:19
    at Object.getByText (C:\Users\DELL\Desktop\fox-z-3\Nova-Rewards\novaRewards\frontend\__tests__\AnimatedCounter.test.js:112:19)
    at Promise.then.completed (C:\Users\DELL\Desktop\fox-z-3\Nova-Rewards\novaRewards\node_modules\jest-circus\build\utils.js:298:28)
    at new Promise (&lt;anonymous&gt;)
    at callAsyncCircusFn (C:\Users\DELL\Desktop\fox-z-3\Nova-Rewards\novaRewards\node_modules\jest-circus\build\utils.js:231:10)
    at _callCircusTest (C:\Users\DELL\Desktop\fox-z-3\Nova-Rewards\novaRewards\node_modules\jest-circus\build\run.js:316:40)
    at _runTest (C:\Users\DELL\Desktop\fox-z-3\Nova-Rewards\novaRewards\node_modules\jest-circus\build\run.js:252:3)
    at _runTestsForDescribeBlock (C:\Users\DELL\Desktop\fox-z-3\Nova-Rewards\novaRewards\node_modules\jest-circus\build\run.js:126:9)
    at _runTestsForDescribeBlock (C:\Users\DELL\Desktop\fox-z-3\Nova-Rewards\novaRewards\node_modules\jest-circus\build\run.js:121:9)
    at run (C:\Users\DELL\Desktop\fox-z-3\Nova-Rewards\novaRewards\node_modules\jest-circus\build\run.js:71:3)
    at runAndTransformResultsToJestFormat (C:\Users\DELL\Desktop\fox-z-3\Nova-Rewards\novaRewards\node_modules\jest-circus\build\legacy-code-todo-rewrite\jestAdapterInit.js:122:21)
    at jestAdapter (C:\Users\DELL\Desktop\fox-z-3\Nova-Rewards\novaRewards\node_modules\jest-circus\build\legacy-code-todo-rewrite\jestAdapter.js:79:19)
    at runTestInternal (C:\Users\DELL\Desktop\fox-z-3\Nova-Rewards\novaRewards\node_modules\jest-runner\build\runTest.js:367:16)
    at runTest (C:\Users\DELL\Desktop\fox-z-3\Nova-Rewards\novaRewards\node_modules\jest-runner\build\runTest.js:444:34)</failure>
    </testcase>
    <testcase classname="AnimatedCounter does not animate when value is 0" name="AnimatedCounter does not animate when value is 0" time="0.003">
    </testcase>
  </testsuite>
</testsuites>